ARM GAS  C:\Users\kazi\AppData\Local\Temp\cctC4DsQ.s 			page 1


   1              		.syntax unified
   2              		.cpu cortex-m3
   3              		.fpu softvfp
   4              		.eabi_attribute 20, 1
   5              		.eabi_attribute 21, 1
   6              		.eabi_attribute 23, 3
   7              		.eabi_attribute 24, 1
   8              		.eabi_attribute 25, 1
   9              		.eabi_attribute 26, 1
  10              		.eabi_attribute 30, 1
  11              		.eabi_attribute 34, 1
  12              		.eabi_attribute 18, 4
  13              		.thumb
  14              		.file	"cymetadata.c"
  15              		.text
  16              	.Ltext0:
  17              		.cfi_sections	.debug_frame
  18              		.global	cy_metadata
  19              		.global	cy_meta_flashprotect
  20              		.global	cy_meta_wonvl
  21              		.global	cy_meta_custnvl
  22              		.global	cy_meta_configecc
  23              		.section	.cyconfigecc,"a",%progbits
  24              		.align	2
  25              		.type	cy_meta_configecc, %object
  26              		.size	cy_meta_configecc, 1068
  27              	cy_meta_configecc:
  28 0000 03       		.byte	3
  29 0001 52       		.byte	82
  30 0002 00       		.byte	0
  31 0003 40       		.byte	64
  32 0004 03       		.byte	3
  33 0005 64       		.byte	100
  34 0006 00       		.byte	0
  35 0007 40       		.byte	64
  36 0008 01       		.byte	1
  37 0009 03       		.byte	3
  38 000a 01       		.byte	1
  39 000b 40       		.byte	64
  40 000c 01       		.byte	1
  41 000d 07       		.byte	7
  42 000e 01       		.byte	1
  43 000f 40       		.byte	64
  44 0010 62       		.byte	98
  45 0011 08       		.byte	8
  46 0012 01       		.byte	1
  47 0013 40       		.byte	64
  48 0014 3E       		.byte	62
  49 0015 09       		.byte	9
  50 0016 01       		.byte	1
  51 0017 40       		.byte	64
  52 0018 04       		.byte	4
  53 0019 0B       		.byte	11
  54 001a 01       		.byte	1
  55 001b 40       		.byte	64
  56 001c 47       		.byte	71
  57 001d 0C       		.byte	12
ARM GAS  C:\Users\kazi\AppData\Local\Temp\cctC4DsQ.s 			page 2


  58 001e 01       		.byte	1
  59 001f 40       		.byte	64
  60 0020 41       		.byte	65
  61 0021 0D       		.byte	13
  62 0022 01       		.byte	1
  63 0023 40       		.byte	64
  64 0024 2E       		.byte	46
  65 0025 0F       		.byte	15
  66 0026 01       		.byte	1
  67 0027 40       		.byte	64
  68 0028 01       		.byte	1
  69 0029 15       		.byte	21
  70 002a 01       		.byte	1
  71 002b 40       		.byte	64
  72 002c 02       		.byte	2
  73 002d 19       		.byte	25
  74 002e 01       		.byte	1
  75 002f 40       		.byte	64
  76 0030 01       		.byte	1
  77 0031 1B       		.byte	27
  78 0032 01       		.byte	1
  79 0033 40       		.byte	64
  80 0034 03       		.byte	3
  81 0035 40       		.byte	64
  82 0036 01       		.byte	1
  83 0037 40       		.byte	64
  84 0038 04       		.byte	4
  85 0039 41       		.byte	65
  86 003a 01       		.byte	1
  87 003b 40       		.byte	64
  88 003c 01       		.byte	1
  89 003d 42       		.byte	66
  90 003e 01       		.byte	1
  91 003f 40       		.byte	64
  92 0040 01       		.byte	1
  93 0041 43       		.byte	67
  94 0042 01       		.byte	1
  95 0043 40       		.byte	64
  96 0044 04       		.byte	4
  97 0045 44       		.byte	68
  98 0046 01       		.byte	1
  99 0047 40       		.byte	64
 100 0048 03       		.byte	3
 101 0049 45       		.byte	69
 102 004a 01       		.byte	1
 103 004b 40       		.byte	64
 104 004c 04       		.byte	4
 105 004d 46       		.byte	70
 106 004e 01       		.byte	1
 107 004f 40       		.byte	64
 108 0050 03       		.byte	3
 109 0051 47       		.byte	71
 110 0052 01       		.byte	1
 111 0053 40       		.byte	64
 112 0054 02       		.byte	2
 113 0055 48       		.byte	72
 114 0056 01       		.byte	1
ARM GAS  C:\Users\kazi\AppData\Local\Temp\cctC4DsQ.s 			page 3


 115 0057 40       		.byte	64
 116 0058 01       		.byte	1
 117 0059 49       		.byte	73
 118 005a 01       		.byte	1
 119 005b 40       		.byte	64
 120 005c 02       		.byte	2
 121 005d 4C       		.byte	76
 122 005e 01       		.byte	1
 123 005f 40       		.byte	64
 124 0060 05       		.byte	5
 125 0061 4D       		.byte	77
 126 0062 01       		.byte	1
 127 0063 40       		.byte	64
 128 0064 03       		.byte	3
 129 0065 50       		.byte	80
 130 0066 01       		.byte	1
 131 0067 40       		.byte	64
 132 0068 01       		.byte	1
 133 0069 51       		.byte	81
 134 006a 01       		.byte	1
 135 006b 40       		.byte	64
 136 006c 34       		.byte	52
 137 006d 01       		.byte	1
 138 006e 60       		.byte	96
 139 006f 40       		.byte	64
 140 0070 61       		.byte	97
 141 0071 40       		.byte	64
 142 0072 88       		.byte	-120
 143 0073 0F       		.byte	15
 144 0074 8C       		.byte	-116
 145 0075 38       		.byte	56
 146 0076 8F       		.byte	-113
 147 0077 72       		.byte	114
 148 0078 E2       		.byte	-30
 149 0079 04       		.byte	4
 150 007a EA       		.byte	-22
 151 007b 40       		.byte	64
 152 007c 00       		.byte	0
 153 007d 01       		.byte	1
 154 007e 05       		.byte	5
 155 007f 48       		.byte	72
 156 0080 06       		.byte	6
 157 0081 01       		.byte	1
 158 0082 07       		.byte	7
 159 0083 86       		.byte	-122
 160 0084 0B       		.byte	11
 161 0085 18       		.byte	24
 162 0086 0D       		.byte	13
 163 0087 A0       		.byte	-96
 164 0088 11       		.byte	17
 165 0089 80       		.byte	-128
 166 008a 13       		.byte	19
 167 008b 65       		.byte	101
 168 008c 15       		.byte	21
 169 008d 60       		.byte	96
 170 008e 17       		.byte	23
 171 008f 8B       		.byte	-117
ARM GAS  C:\Users\kazi\AppData\Local\Temp\cctC4DsQ.s 			page 4


 172 0090 1A       		.byte	26
 173 0091 01       		.byte	1
 174 0092 1E       		.byte	30
 175 0093 01       		.byte	1
 176 0094 21       		.byte	33
 177 0095 E6       		.byte	-26
 178 0096 23       		.byte	35
 179 0097 11       		.byte	17
 180 0098 25       		.byte	37
 181 0099 80       		.byte	-128
 182 009a 27       		.byte	39
 183 009b 02       		.byte	2
 184 009c 28       		.byte	40
 185 009d 01       		.byte	1
 186 009e 2B       		.byte	43
 187 009f 01       		.byte	1
 188 00a0 30       		.byte	48
 189 00a1 01       		.byte	1
 190 00a2 33       		.byte	51
 191 00a3 07       		.byte	7
 192 00a4 35       		.byte	53
 193 00a5 F8       		.byte	-8
 194 00a6 3B       		.byte	59
 195 00a7 08       		.byte	8
 196 00a8 3E       		.byte	62
 197 00a9 01       		.byte	1
 198 00aa 40       		.byte	64
 199 00ab 16       		.byte	22
 200 00ac 41       		.byte	65
 201 00ad 02       		.byte	2
 202 00ae 45       		.byte	69
 203 00af 0E       		.byte	14
 204 00b0 46       		.byte	70
 205 00b1 0B       		.byte	11
 206 00b2 47       		.byte	71
 207 00b3 0C       		.byte	12
 208 00b4 48       		.byte	72
 209 00b5 15       		.byte	21
 210 00b6 49       		.byte	73
 211 00b7 FF       		.byte	-1
 212 00b8 4A       		.byte	74
 213 00b9 FF       		.byte	-1
 214 00ba 4B       		.byte	75
 215 00bb FF       		.byte	-1
 216 00bc 4E       		.byte	78
 217 00bd F0       		.byte	-16
 218 00be 4F       		.byte	79
 219 00bf 44       		.byte	68
 220 00c0 50       		.byte	80
 221 00c1 0C       		.byte	12
 222 00c2 54       		.byte	84
 223 00c3 01       		.byte	1
 224 00c4 56       		.byte	86
 225 00c5 04       		.byte	4
 226 00c6 58       		.byte	88
 227 00c7 04       		.byte	4
 228 00c8 59       		.byte	89
ARM GAS  C:\Users\kazi\AppData\Local\Temp\cctC4DsQ.s 			page 5


 229 00c9 04       		.byte	4
 230 00ca 5A       		.byte	90
 231 00cb 04       		.byte	4
 232 00cc 5B       		.byte	91
 233 00cd 04       		.byte	4
 234 00ce 5C       		.byte	92
 235 00cf 10       		.byte	16
 236 00d0 5D       		.byte	93
 237 00d1 11       		.byte	17
 238 00d2 5F       		.byte	95
 239 00d3 01       		.byte	1
 240 00d4 66       		.byte	102
 241 00d5 C0       		.byte	-64
 242 00d6 6A       		.byte	106
 243 00d7 40       		.byte	64
 244 00d8 6B       		.byte	107
 245 00d9 02       		.byte	2
 246 00da 80       		.byte	-128
 247 00db 06       		.byte	6
 248 00dc 82       		.byte	-126
 249 00dd 18       		.byte	24
 250 00de 85       		.byte	-123
 251 00df 80       		.byte	-128
 252 00e0 87       		.byte	-121
 253 00e1 13       		.byte	19
 254 00e2 8A       		.byte	-118
 255 00e3 0A       		.byte	10
 256 00e4 8B       		.byte	-117
 257 00e5 0C       		.byte	12
 258 00e6 90       		.byte	-112
 259 00e7 14       		.byte	20
 260 00e8 92       		.byte	-110
 261 00e9 08       		.byte	8
 262 00ea 94       		.byte	-108
 263 00eb 06       		.byte	6
 264 00ec 95       		.byte	-107
 265 00ed 71       		.byte	113
 266 00ee 96       		.byte	-106
 267 00ef 08       		.byte	8
 268 00f0 97       		.byte	-105
 269 00f1 0E       		.byte	14
 270 00f2 98       		.byte	-104
 271 00f3 01       		.byte	1
 272 00f4 9B       		.byte	-101
 273 00f5 08       		.byte	8
 274 00f6 9D       		.byte	-99
 275 00f7 2C       		.byte	44
 276 00f8 9F       		.byte	-97
 277 00f9 43       		.byte	67
 278 00fa A1       		.byte	-95
 279 00fb 71       		.byte	113
 280 00fc A3       		.byte	-93
 281 00fd 06       		.byte	6
 282 00fe A6       		.byte	-90
 283 00ff 10       		.byte	16
 284 0100 A8       		.byte	-88
 285 0101 06       		.byte	6
ARM GAS  C:\Users\kazi\AppData\Local\Temp\cctC4DsQ.s 			page 6


 286 0102 AA       		.byte	-86
 287 0103 08       		.byte	8
 288 0104 B0       		.byte	-80
 289 0105 1E       		.byte	30
 290 0106 B2       		.byte	-78
 291 0107 01       		.byte	1
 292 0108 B3       		.byte	-77
 293 0109 30       		.byte	48
 294 010a B5       		.byte	-75
 295 010b C0       		.byte	-64
 296 010c B7       		.byte	-73
 297 010d 0F       		.byte	15
 298 010e B9       		.byte	-71
 299 010f 28       		.byte	40
 300 0110 BA       		.byte	-70
 301 0111 02       		.byte	2
 302 0112 BB       		.byte	-69
 303 0113 80       		.byte	-128
 304 0114 BE       		.byte	-66
 305 0115 04       		.byte	4
 306 0116 BF       		.byte	-65
 307 0117 04       		.byte	4
 308 0118 C0       		.byte	-64
 309 0119 03       		.byte	3
 310 011a C5       		.byte	-59
 311 011b 04       		.byte	4
 312 011c C9       		.byte	-55
 313 011d FF       		.byte	-1
 314 011e CA       		.byte	-54
 315 011f 07       		.byte	7
 316 0120 CB       		.byte	-53
 317 0121 FF       		.byte	-1
 318 0122 CC       		.byte	-52
 319 0123 40       		.byte	64
 320 0124 CD       		.byte	-51
 321 0125 20       		.byte	32
 322 0126 CE       		.byte	-50
 323 0127 F0       		.byte	-16
 324 0128 CF       		.byte	-49
 325 0129 05       		.byte	5
 326 012a D0       		.byte	-48
 327 012b 08       		.byte	8
 328 012c D8       		.byte	-40
 329 012d 04       		.byte	4
 330 012e D9       		.byte	-39
 331 012f 04       		.byte	4
 332 0130 DA       		.byte	-38
 333 0131 04       		.byte	4
 334 0132 DC       		.byte	-36
 335 0133 11       		.byte	17
 336 0134 DD       		.byte	-35
 337 0135 01       		.byte	1
 338 0136 DF       		.byte	-33
 339 0137 01       		.byte	1
 340 0138 E0       		.byte	-32
 341 0139 40       		.byte	64
 342 013a E1       		.byte	-31
ARM GAS  C:\Users\kazi\AppData\Local\Temp\cctC4DsQ.s 			page 7


 343 013b A8       		.byte	-88
 344 013c E2       		.byte	-30
 345 013d 40       		.byte	64
 346 013e E3       		.byte	-29
 347 013f 20       		.byte	32
 348 0140 01       		.byte	1
 349 0141 02       		.byte	2
 350 0142 03       		.byte	3
 351 0143 08       		.byte	8
 352 0144 04       		.byte	4
 353 0145 08       		.byte	8
 354 0146 05       		.byte	5
 355 0147 02       		.byte	2
 356 0148 09       		.byte	9
 357 0149 18       		.byte	24
 358 014a 0A       		.byte	10
 359 014b 90       		.byte	-112
 360 014c 0D       		.byte	13
 361 014d 80       		.byte	-128
 362 014e 0F       		.byte	15
 363 014f 08       		.byte	8
 364 0150 12       		.byte	18
 365 0151 08       		.byte	8
 366 0152 13       		.byte	19
 367 0153 04       		.byte	4
 368 0154 17       		.byte	23
 369 0155 20       		.byte	32
 370 0156 18       		.byte	24
 371 0157 20       		.byte	32
 372 0158 19       		.byte	25
 373 0159 02       		.byte	2
 374 015a 1E       		.byte	30
 375 015b 80       		.byte	-128
 376 015c 21       		.byte	33
 377 015d 94       		.byte	-108
 378 015e 22       		.byte	34
 379 015f 40       		.byte	64
 380 0160 23       		.byte	35
 381 0161 04       		.byte	4
 382 0162 25       		.byte	37
 383 0163 10       		.byte	16
 384 0164 26       		.byte	38
 385 0165 08       		.byte	8
 386 0166 27       		.byte	39
 387 0167 20       		.byte	32
 388 0168 29       		.byte	41
 389 0169 02       		.byte	2
 390 016a 2A       		.byte	42
 391 016b 01       		.byte	1
 392 016c 2C       		.byte	44
 393 016d 60       		.byte	96
 394 016e 2F       		.byte	47
 395 016f 08       		.byte	8
 396 0170 30       		.byte	48
 397 0171 60       		.byte	96
 398 0172 31       		.byte	49
 399 0173 80       		.byte	-128
ARM GAS  C:\Users\kazi\AppData\Local\Temp\cctC4DsQ.s 			page 8


 400 0174 32       		.byte	50
 401 0175 08       		.byte	8
 402 0176 35       		.byte	53
 403 0177 02       		.byte	2
 404 0178 36       		.byte	54
 405 0179 08       		.byte	8
 406 017a 38       		.byte	56
 407 017b 08       		.byte	8
 408 017c 39       		.byte	57
 409 017d 20       		.byte	32
 410 017e 3D       		.byte	61
 411 017f 20       		.byte	32
 412 0180 3F       		.byte	63
 413 0181 84       		.byte	-124
 414 0182 41       		.byte	65
 415 0183 04       		.byte	4
 416 0184 46       		.byte	70
 417 0185 01       		.byte	1
 418 0186 47       		.byte	71
 419 0187 20       		.byte	32
 420 0188 48       		.byte	72
 421 0189 20       		.byte	32
 422 018a 4C       		.byte	76
 423 018b 04       		.byte	4
 424 018c 4D       		.byte	77
 425 018d 04       		.byte	4
 426 018e 50       		.byte	80
 427 018f 04       		.byte	4
 428 0190 53       		.byte	83
 429 0191 08       		.byte	8
 430 0192 55       		.byte	85
 431 0193 08       		.byte	8
 432 0194 57       		.byte	87
 433 0195 44       		.byte	68
 434 0196 5C       		.byte	92
 435 0197 06       		.byte	6
 436 0198 5E       		.byte	94
 437 0199 90       		.byte	-112
 438 019a 66       		.byte	102
 439 019b 02       		.byte	2
 440 019c 8C       		.byte	-116
 441 019d 10       		.byte	16
 442 019e 90       		.byte	-112
 443 019f 04       		.byte	4
 444 01a0 95       		.byte	-107
 445 01a1 04       		.byte	4
 446 01a2 9E       		.byte	-98
 447 01a3 02       		.byte	2
 448 01a4 B6       		.byte	-74
 449 01a5 02       		.byte	2
 450 01a6 C0       		.byte	-64
 451 01a7 3A       		.byte	58
 452 01a8 C2       		.byte	-62
 453 01a9 CE       		.byte	-50
 454 01aa C4       		.byte	-60
 455 01ab 46       		.byte	70
 456 01ac CA       		.byte	-54
ARM GAS  C:\Users\kazi\AppData\Local\Temp\cctC4DsQ.s 			page 9


 457 01ad E1       		.byte	-31
 458 01ae CC       		.byte	-52
 459 01af CE       		.byte	-50
 460 01b0 CE       		.byte	-50
 461 01b1 76       		.byte	118
 462 01b2 D0       		.byte	-48
 463 01b3 32       		.byte	50
 464 01b4 D2       		.byte	-46
 465 01b5 20       		.byte	32
 466 01b6 D6       		.byte	-42
 467 01b7 F0       		.byte	-16
 468 01b8 D8       		.byte	-40
 469 01b9 80       		.byte	-128
 470 01ba EA       		.byte	-22
 471 01bb 40       		.byte	64
 472 01bc 90       		.byte	-112
 473 01bd 04       		.byte	4
 474 01be 95       		.byte	-107
 475 01bf 04       		.byte	4
 476 01c0 B4       		.byte	-76
 477 01c1 11       		.byte	17
 478 01c2 B5       		.byte	-75
 479 01c3 80       		.byte	-128
 480 01c4 01       		.byte	1
 481 01c5 08       		.byte	8
 482 01c6 02       		.byte	2
 483 01c7 04       		.byte	4
 484 01c8 04       		.byte	4
 485 01c9 39       		.byte	57
 486 01ca 05       		.byte	5
 487 01cb 10       		.byte	16
 488 01cc 09       		.byte	9
 489 01cd 0C       		.byte	12
 490 01ce 0A       		.byte	10
 491 01cf 04       		.byte	4
 492 01d0 0B       		.byte	11
 493 01d1 02       		.byte	2
 494 01d2 0D       		.byte	13
 495 01d3 02       		.byte	2
 496 01d4 0E       		.byte	14
 497 01d5 08       		.byte	8
 498 01d6 0F       		.byte	15
 499 01d7 0C       		.byte	12
 500 01d8 10       		.byte	16
 501 01d9 09       		.byte	9
 502 01da 12       		.byte	18
 503 01db 30       		.byte	48
 504 01dc 13       		.byte	19
 505 01dd 02       		.byte	2
 506 01de 14       		.byte	20
 507 01df 30       		.byte	48
 508 01e0 15       		.byte	21
 509 01e1 04       		.byte	4
 510 01e2 16       		.byte	22
 511 01e3 09       		.byte	9
 512 01e4 19       		.byte	25
 513 01e5 0C       		.byte	12
ARM GAS  C:\Users\kazi\AppData\Local\Temp\cctC4DsQ.s 			page 10


 514 01e6 1A       		.byte	26
 515 01e7 02       		.byte	2
 516 01e8 1C       		.byte	28
 517 01e9 38       		.byte	56
 518 01ea 1D       		.byte	29
 519 01eb 0E       		.byte	14
 520 01ec 1E       		.byte	30
 521 01ed 01       		.byte	1
 522 01ee 21       		.byte	33
 523 01ef 0C       		.byte	12
 524 01f0 22       		.byte	34
 525 01f1 02       		.byte	2
 526 01f2 23       		.byte	35
 527 01f3 02       		.byte	2
 528 01f4 24       		.byte	36
 529 01f5 10       		.byte	16
 530 01f6 25       		.byte	37
 531 01f7 01       		.byte	1
 532 01f8 28       		.byte	40
 533 01f9 30       		.byte	48
 534 01fa 29       		.byte	41
 535 01fb 10       		.byte	16
 536 01fc 2C       		.byte	44
 537 01fd 20       		.byte	32
 538 01fe 2D       		.byte	45
 539 01ff 10       		.byte	16
 540 0200 30       		.byte	48
 541 0201 04       		.byte	4
 542 0202 32       		.byte	50
 543 0203 02       		.byte	2
 544 0204 33       		.byte	51
 545 0205 0E       		.byte	14
 546 0206 34       		.byte	52
 547 0207 01       		.byte	1
 548 0208 35       		.byte	53
 549 0209 01       		.byte	1
 550 020a 36       		.byte	54
 551 020b 38       		.byte	56
 552 020c 37       		.byte	55
 553 020d 10       		.byte	16
 554 020e 38       		.byte	56
 555 020f 20       		.byte	32
 556 0210 3B       		.byte	59
 557 0211 08       		.byte	8
 558 0212 3E       		.byte	62
 559 0213 05       		.byte	5
 560 0214 3F       		.byte	63
 561 0215 10       		.byte	16
 562 0216 54       		.byte	84
 563 0217 18       		.byte	24
 564 0218 56       		.byte	86
 565 0219 04       		.byte	4
 566 021a 58       		.byte	88
 567 021b 04       		.byte	4
 568 021c 59       		.byte	89
 569 021d 04       		.byte	4
 570 021e 5B       		.byte	91
ARM GAS  C:\Users\kazi\AppData\Local\Temp\cctC4DsQ.s 			page 11


 571 021f 04       		.byte	4
 572 0220 5C       		.byte	92
 573 0221 11       		.byte	17
 574 0222 5D       		.byte	93
 575 0223 10       		.byte	16
 576 0224 5F       		.byte	95
 577 0225 01       		.byte	1
 578 0226 84       		.byte	-124
 579 0227 01       		.byte	1
 580 0228 86       		.byte	-122
 581 0229 02       		.byte	2
 582 022a 8C       		.byte	-116
 583 022b 04       		.byte	4
 584 022c 8E       		.byte	-114
 585 022d 02       		.byte	2
 586 022e 91       		.byte	-111
 587 022f 02       		.byte	2
 588 0230 93       		.byte	-109
 589 0231 01       		.byte	1
 590 0232 95       		.byte	-107
 591 0233 03       		.byte	3
 592 0234 99       		.byte	-103
 593 0235 03       		.byte	3
 594 0236 9C       		.byte	-100
 595 0237 02       		.byte	2
 596 0238 9E       		.byte	-98
 597 0239 05       		.byte	5
 598 023a A4       		.byte	-92
 599 023b 07       		.byte	7
 600 023c A5       		.byte	-91
 601 023d 01       		.byte	1
 602 023e A7       		.byte	-89
 603 023f 02       		.byte	2
 604 0240 A8       		.byte	-88
 605 0241 07       		.byte	7
 606 0242 B1       		.byte	-79
 607 0243 03       		.byte	3
 608 0244 B6       		.byte	-74
 609 0245 07       		.byte	7
 610 0246 B9       		.byte	-71
 611 0247 80       		.byte	-128
 612 0248 BF       		.byte	-65
 613 0249 40       		.byte	64
 614 024a D8       		.byte	-40
 615 024b 04       		.byte	4
 616 024c D9       		.byte	-39
 617 024d 04       		.byte	4
 618 024e DC       		.byte	-36
 619 024f 11       		.byte	17
 620 0250 DF       		.byte	-33
 621 0251 01       		.byte	1
 622 0252 01       		.byte	1
 623 0253 08       		.byte	8
 624 0254 02       		.byte	2
 625 0255 02       		.byte	2
 626 0256 04       		.byte	4
 627 0257 10       		.byte	16
ARM GAS  C:\Users\kazi\AppData\Local\Temp\cctC4DsQ.s 			page 12


 628 0258 05       		.byte	5
 629 0259 04       		.byte	4
 630 025a 06       		.byte	6
 631 025b 40       		.byte	64
 632 025c 07       		.byte	7
 633 025d 05       		.byte	5
 634 025e 0A       		.byte	10
 635 025f 01       		.byte	1
 636 0260 0C       		.byte	12
 637 0261 80       		.byte	-128
 638 0262 0D       		.byte	13
 639 0263 08       		.byte	8
 640 0264 0E       		.byte	14
 641 0265 04       		.byte	4
 642 0266 0F       		.byte	15
 643 0267 80       		.byte	-128
 644 0268 10       		.byte	16
 645 0269 28       		.byte	40
 646 026a 11       		.byte	17
 647 026b 08       		.byte	8
 648 026c 15       		.byte	21
 649 026d 01       		.byte	1
 650 026e 16       		.byte	22
 651 026f 02       		.byte	2
 652 0270 17       		.byte	23
 653 0271 18       		.byte	24
 654 0272 1A       		.byte	26
 655 0273 01       		.byte	1
 656 0274 1D       		.byte	29
 657 0275 80       		.byte	-128
 658 0276 1E       		.byte	30
 659 0277 04       		.byte	4
 660 0278 1F       		.byte	31
 661 0279 05       		.byte	5
 662 027a 20       		.byte	32
 663 027b 01       		.byte	1
 664 027c 21       		.byte	33
 665 027d 01       		.byte	1
 666 027e 22       		.byte	34
 667 027f 02       		.byte	2
 668 0280 24       		.byte	36
 669 0281 04       		.byte	4
 670 0282 25       		.byte	37
 671 0283 08       		.byte	8
 672 0284 27       		.byte	39
 673 0285 01       		.byte	1
 674 0286 29       		.byte	41
 675 0287 08       		.byte	8
 676 0288 2C       		.byte	44
 677 0289 88       		.byte	-120
 678 028a 2D       		.byte	45
 679 028b 04       		.byte	4
 680 028c 2E       		.byte	46
 681 028d 40       		.byte	64
 682 028e 30       		.byte	48
 683 028f 28       		.byte	40
 684 0290 32       		.byte	50
ARM GAS  C:\Users\kazi\AppData\Local\Temp\cctC4DsQ.s 			page 13


 685 0291 02       		.byte	2
 686 0292 37       		.byte	55
 687 0293 59       		.byte	89
 688 0294 3C       		.byte	60
 689 0295 40       		.byte	64
 690 0296 3D       		.byte	61
 691 0297 08       		.byte	8
 692 0298 3E       		.byte	62
 693 0299 22       		.byte	34
 694 029a 3F       		.byte	63
 695 029b 80       		.byte	-128
 696 029c 41       		.byte	65
 697 029d 08       		.byte	8
 698 029e 42       		.byte	66
 699 029f 20       		.byte	32
 700 02a0 5E       		.byte	94
 701 02a1 02       		.byte	2
 702 02a2 65       		.byte	101
 703 02a3 01       		.byte	1
 704 02a4 67       		.byte	103
 705 02a5 0A       		.byte	10
 706 02a6 81       		.byte	-127
 707 02a7 01       		.byte	1
 708 02a8 90       		.byte	-112
 709 02a9 40       		.byte	64
 710 02aa 91       		.byte	-111
 711 02ab 01       		.byte	1
 712 02ac 92       		.byte	-110
 713 02ad 40       		.byte	64
 714 02ae 95       		.byte	-107
 715 02af 02       		.byte	2
 716 02b0 96       		.byte	-106
 717 02b1 01       		.byte	1
 718 02b2 99       		.byte	-103
 719 02b3 0C       		.byte	12
 720 02b4 9A       		.byte	-102
 721 02b5 42       		.byte	66
 722 02b6 9B       		.byte	-101
 723 02b7 58       		.byte	88
 724 02b8 9F       		.byte	-97
 725 02b9 05       		.byte	5
 726 02ba A0       		.byte	-96
 727 02bb 88       		.byte	-120
 728 02bc A1       		.byte	-95
 729 02bd 04       		.byte	4
 730 02be A2       		.byte	-94
 731 02bf 01       		.byte	1
 732 02c0 A5       		.byte	-91
 733 02c1 08       		.byte	8
 734 02c2 B5       		.byte	-75
 735 02c3 08       		.byte	8
 736 02c4 C0       		.byte	-64
 737 02c5 F5       		.byte	-11
 738 02c6 C2       		.byte	-62
 739 02c7 F1       		.byte	-15
 740 02c8 C4       		.byte	-60
 741 02c9 F6       		.byte	-10
ARM GAS  C:\Users\kazi\AppData\Local\Temp\cctC4DsQ.s 			page 14


 742 02ca CA       		.byte	-54
 743 02cb F2       		.byte	-14
 744 02cc CC       		.byte	-52
 745 02cd F7       		.byte	-9
 746 02ce CE       		.byte	-50
 747 02cf F0       		.byte	-16
 748 02d0 D6       		.byte	-42
 749 02d1 80       		.byte	-128
 750 02d2 D8       		.byte	-40
 751 02d3 B0       		.byte	-80
 752 02d4 04       		.byte	4
 753 02d5 50       		.byte	80
 754 02d6 05       		.byte	5
 755 02d7 A8       		.byte	-88
 756 02d8 0C       		.byte	12
 757 02d9 04       		.byte	4
 758 02da 0D       		.byte	13
 759 02db 29       		.byte	41
 760 02dc 0E       		.byte	14
 761 02dd 01       		.byte	1
 762 02de 14       		.byte	20
 763 02df 01       		.byte	1
 764 02e0 16       		.byte	22
 765 02e1 02       		.byte	2
 766 02e2 17       		.byte	23
 767 02e3 19       		.byte	25
 768 02e4 1C       		.byte	28
 769 02e5 50       		.byte	80
 770 02e6 1D       		.byte	29
 771 02e7 84       		.byte	-124
 772 02e8 1E       		.byte	30
 773 02e9 08       		.byte	8
 774 02ea 25       		.byte	37
 775 02eb 30       		.byte	48
 776 02ec 26       		.byte	38
 777 02ed 09       		.byte	9
 778 02ee 2C       		.byte	44
 779 02ef 05       		.byte	5
 780 02f0 2D       		.byte	45
 781 02f1 08       		.byte	8
 782 02f2 2F       		.byte	47
 783 02f3 80       		.byte	-128
 784 02f4 36       		.byte	54
 785 02f5 08       		.byte	8
 786 02f6 37       		.byte	55
 787 02f7 51       		.byte	81
 788 02f8 3C       		.byte	60
 789 02f9 40       		.byte	64
 790 02fa 3D       		.byte	61
 791 02fb 20       		.byte	32
 792 02fc 3E       		.byte	62
 793 02fd 09       		.byte	9
 794 02fe 45       		.byte	69
 795 02ff 80       		.byte	-128
 796 0300 47       		.byte	71
 797 0301 05       		.byte	5
 798 0302 4D       		.byte	77
ARM GAS  C:\Users\kazi\AppData\Local\Temp\cctC4DsQ.s 			page 15


 799 0303 A1       		.byte	-95
 800 0304 56       		.byte	86
 801 0305 40       		.byte	64
 802 0306 5E       		.byte	94
 803 0307 08       		.byte	8
 804 0308 6C       		.byte	108
 805 0309 08       		.byte	8
 806 030a 6D       		.byte	109
 807 030b 08       		.byte	8
 808 030c 6E       		.byte	110
 809 030d 40       		.byte	64
 810 030e 76       		.byte	118
 811 030f 0A       		.byte	10
 812 0310 77       		.byte	119
 813 0311 18       		.byte	24
 814 0312 79       		.byte	121
 815 0313 02       		.byte	2
 816 0314 7B       		.byte	123
 817 0315 80       		.byte	-128
 818 0316 88       		.byte	-120
 819 0317 80       		.byte	-128
 820 0318 89       		.byte	-119
 821 0319 20       		.byte	32
 822 031a 8C       		.byte	-116
 823 031b 10       		.byte	16
 824 031c 8F       		.byte	-113
 825 031d 40       		.byte	64
 826 031e C0       		.byte	-64
 827 031f E0       		.byte	-32
 828 0320 C2       		.byte	-62
 829 0321 F0       		.byte	-16
 830 0322 C4       		.byte	-60
 831 0323 F0       		.byte	-16
 832 0324 CA       		.byte	-54
 833 0325 F0       		.byte	-16
 834 0326 CC       		.byte	-52
 835 0327 F0       		.byte	-16
 836 0328 CE       		.byte	-50
 837 0329 F0       		.byte	-16
 838 032a D0       		.byte	-48
 839 032b D0       		.byte	-48
 840 032c D2       		.byte	-46
 841 032d 30       		.byte	48
 842 032e D6       		.byte	-42
 843 032f 40       		.byte	64
 844 0330 EC       		.byte	-20
 845 0331 10       		.byte	16
 846 0332 B0       		.byte	-80
 847 0333 02       		.byte	2
 848 0334 B1       		.byte	-79
 849 0335 04       		.byte	4
 850 0336 EC       		.byte	-20
 851 0337 10       		.byte	16
 852 0338 33       		.byte	51
 853 0339 10       		.byte	16
 854 033a 34       		.byte	52
 855 033b 20       		.byte	32
ARM GAS  C:\Users\kazi\AppData\Local\Temp\cctC4DsQ.s 			page 16


 856 033c CC       		.byte	-52
 857 033d 30       		.byte	48
 858 033e 83       		.byte	-125
 859 033f 10       		.byte	16
 860 0340 9C       		.byte	-100
 861 0341 20       		.byte	32
 862 0342 9F       		.byte	-97
 863 0343 10       		.byte	16
 864 0344 E2       		.byte	-30
 865 0345 20       		.byte	32
 866 0346 9C       		.byte	-100
 867 0347 20       		.byte	32
 868 0348 B4       		.byte	-76
 869 0349 20       		.byte	32
 870 034a 01       		.byte	1
 871 034b 02       		.byte	2
 872 034c 7D       		.byte	125
 873 034d 20       		.byte	32
 874 034e C0       		.byte	-64
 875 034f 08       		.byte	8
 876 0350 DE       		.byte	-34
 877 0351 01       		.byte	1
 878 0352 A5       		.byte	-91
 879 0353 10       		.byte	16
 880 0354 B5       		.byte	-75
 881 0355 02       		.byte	2
 882 0356 EA       		.byte	-22
 883 0357 02       		.byte	2
 884 0358 45       		.byte	69
 885 0359 08       		.byte	8
 886 035a B5       		.byte	-75
 887 035b 10       		.byte	16
 888 035c D0       		.byte	-48
 889 035d 01       		.byte	1
 890 035e EC       		.byte	-20
 891 035f 08       		.byte	8
 892 0360 8F       		.byte	-113
 893 0361 02       		.byte	2
 894 0362 A5       		.byte	-91
 895 0363 08       		.byte	8
 896 0364 E4       		.byte	-28
 897 0365 02       		.byte	2
 898 0366 25       		.byte	37
 899 0367 10       		.byte	16
 900 0368 C8       		.byte	-56
 901 0369 20       		.byte	32
 902 036a B5       		.byte	-75
 903 036b 10       		.byte	16
 904 036c A3       		.byte	-93
 905 036d 02       		.byte	2
 906 036e A5       		.byte	-91
 907 036f 08       		.byte	8
 908 0370 7F       		.byte	127
 909 0371 02       		.byte	2
 910 0372 A3       		.byte	-93
 911 0373 02       		.byte	2
 912 0374 B5       		.byte	-75
ARM GAS  C:\Users\kazi\AppData\Local\Temp\cctC4DsQ.s 			page 17


 913 0375 08       		.byte	8
 914 0376 DE       		.byte	-34
 915 0377 04       		.byte	4
 916 0378 EC       		.byte	-20
 917 0379 08       		.byte	8
 918 037a 00       		.byte	0
 919 037b 02       		.byte	2
 920 037c 0C       		.byte	12
 921 037d 02       		.byte	2
 922 037e 0E       		.byte	14
 923 037f 02       		.byte	2
 924 0380 00       		.byte	0
 925 0381 0F       		.byte	15
 926 0382 00       		.byte	0
 927 0383 00       		.byte	0
 928 0384 00       		.byte	0
 929 0385 C0       		.byte	-64
 930 0386 00       		.byte	0
 931 0387 00       		.byte	0
 932 0388 01       		.byte	1
 933 0389 08       		.byte	8
 934 038a 10       		.byte	16
 935 038b 00       		.byte	0
 936 038c 4F       		.byte	79
 937 038d 19       		.byte	25
 938 038e 00       		.byte	0
 939 038f C4       		.byte	-60
 940 0390 43       		.byte	67
 941 0391 C7       		.byte	-57
 942 0392 0C       		.byte	12
 943 0393 18       		.byte	24
 944 0394 02       		.byte	2
 945 0395 00       		.byte	0
 946 0396 10       		.byte	16
 947 0397 C6       		.byte	-58
 948 0398 4F       		.byte	79
 949 0399 00       		.byte	0
 950 039a 00       		.byte	0
 951 039b 01       		.byte	1
 952 039c 4C       		.byte	76
 953 039d 18       		.byte	24
 954 039e 03       		.byte	3
 955 039f 00       		.byte	0
 956 03a0 03       		.byte	3
 957 03a1 DF       		.byte	-33
 958 03a2 20       		.byte	32
 959 03a3 00       		.byte	0
 960 03a4 00       		.byte	0
 961 03a5 80       		.byte	-128
 962 03a6 03       		.byte	3
 963 03a7 00       		.byte	0
 964 03a8 04       		.byte	4
 965 03a9 41       		.byte	65
 966 03aa 00       		.byte	0
 967 03ab 20       		.byte	32
 968 03ac 0C       		.byte	12
 969 03ad 19       		.byte	25
ARM GAS  C:\Users\kazi\AppData\Local\Temp\cctC4DsQ.s 			page 18


 970 03ae 00       		.byte	0
 971 03af C2       		.byte	-62
 972 03b0 08       		.byte	8
 973 03b1 10       		.byte	16
 974 03b2 00       		.byte	0
 975 03b3 00       		.byte	0
 976 03b4 0F       		.byte	15
 977 03b5 C0       		.byte	-64
 978 03b6 00       		.byte	0
 979 03b7 20       		.byte	32
 980 03b8 40       		.byte	64
 981 03b9 1F       		.byte	31
 982 03ba 30       		.byte	48
 983 03bb 00       		.byte	0
 984 03bc 00       		.byte	0
 985 03bd 00       		.byte	0
 986 03be 0A       		.byte	10
 987 03bf 20       		.byte	32
 988 03c0 00       		.byte	0
 989 03c1 00       		.byte	0
 990 03c2 50       		.byte	80
 991 03c3 00       		.byte	0
 992 03c4 54       		.byte	84
 993 03c5 06       		.byte	6
 994 03c6 03       		.byte	3
 995 03c7 00       		.byte	0
 996 03c8 01       		.byte	1
 997 03c9 E0       		.byte	-32
 998 03ca 0C       		.byte	12
 999 03cb 00       		.byte	0
 1000 03cc 06       		.byte	6
 1001 03cd FF       		.byte	-1
 1002 03ce FF       		.byte	-1
 1003 03cf FF       		.byte	-1
 1004 03d0 62       		.byte	98
 1005 03d1 A0       		.byte	-96
 1006 03d2 F0       		.byte	-16
 1007 03d3 41       		.byte	65
 1008 03d4 0C       		.byte	12
 1009 03d5 00       		.byte	0
 1010 03d6 00       		.byte	0
 1011 03d7 00       		.byte	0
 1012 03d8 00       		.byte	0
 1013 03d9 00       		.byte	0
 1014 03da 02       		.byte	2
 1015 03db 12       		.byte	18
 1016 03dc 04       		.byte	4
 1017 03dd 04       		.byte	4
 1018 03de 04       		.byte	4
 1019 03df 04       		.byte	4
 1020 03e0 11       		.byte	17
 1021 03e1 11       		.byte	17
 1022 03e2 00       		.byte	0
 1023 03e3 01       		.byte	1
 1024 03e4 00       		.byte	0
 1025 03e5 00       		.byte	0
 1026 03e6 00       		.byte	0
ARM GAS  C:\Users\kazi\AppData\Local\Temp\cctC4DsQ.s 			page 19


 1027 03e7 00       		.byte	0
 1028 03e8 00       		.byte	0
 1029 03e9 00       		.byte	0
 1030 03ea 40       		.byte	64
 1031 03eb 02       		.byte	2
 1032 03ec 00       		.byte	0
 1033 03ed 10       		.byte	16
 1034 03ee 30       		.byte	48
 1035 03ef 10       		.byte	16
 1036 03f0 00       		.byte	0
 1037 03f1 10       		.byte	16
 1038 03f2 10       		.byte	16
 1039 03f3 12       		.byte	18
 1040 03f4 00       		.byte	0
 1041 03f5 00       		.byte	0
 1042 03f6 00       		.byte	0
 1043 03f7 00       		.byte	0
 1044 03f8 00       		.byte	0
 1045 03f9 00       		.byte	0
 1046 03fa 00       		.byte	0
 1047 03fb 00       		.byte	0
 1048 03fc 00       		.byte	0
 1049 03fd 00       		.byte	0
 1050 03fe 00       		.byte	0
 1051 03ff 00       		.byte	0
 1052 0400 00       		.byte	0
 1053 0401 00       		.byte	0
 1054 0402 00       		.byte	0
 1055 0403 00       		.byte	0
 1056 0404 00       		.byte	0
 1057 0405 00       		.byte	0
 1058 0406 00       		.byte	0
 1059 0407 00       		.byte	0
 1060 0408 00       		.byte	0
 1061 0409 00       		.byte	0
 1062 040a 80       		.byte	-128
 1063 040b 00       		.byte	0
 1064 040c 40       		.byte	64
 1065 040d 00       		.byte	0
 1066 040e 00       		.byte	0
 1067 040f 40       		.byte	64
 1068 0410 40       		.byte	64
 1069 0411 00       		.byte	0
 1070 0412 40       		.byte	64
 1071 0413 00       		.byte	0
 1072 0414 00       		.byte	0
 1073 0415 00       		.byte	0
 1074 0416 00       		.byte	0
 1075 0417 00       		.byte	0
 1076 0418 00       		.byte	0
 1077 0419 7F       		.byte	127
 1078 041a 7F       		.byte	127
 1079 041b 00       		.byte	0
 1080 041c 00       		.byte	0
 1081 041d 00       		.byte	0
 1082 041e 00       		.byte	0
 1083 041f 00       		.byte	0
ARM GAS  C:\Users\kazi\AppData\Local\Temp\cctC4DsQ.s 			page 20


 1084 0420 01       		.byte	1
 1085 0421 00       		.byte	0
 1086 0422 00       		.byte	0
 1087 0423 00       		.byte	0
 1088 0424 00       		.byte	0
 1089 0425 00       		.byte	0
 1090 0426 00       		.byte	0
 1091 0427 00       		.byte	0
 1092 0428 5C       		.byte	92
 1093 0429 00       		.byte	0
 1094 042a 18       		.byte	24
 1095 042b 01       		.byte	1
 1096              		.section	.cywolatch,"a",%progbits
 1097              		.align	2
 1098              		.type	cy_meta_wonvl, %object
 1099              		.size	cy_meta_wonvl, 4
 1100              	cy_meta_wonvl:
 1101 0000 BC       		.byte	-68
 1102 0001 90       		.byte	-112
 1103 0002 AC       		.byte	-84
 1104 0003 AF       		.byte	-81
 1105              		.section	.cycustnvl,"a",%progbits
 1106              		.align	2
 1107              		.type	cy_meta_custnvl, %object
 1108              		.size	cy_meta_custnvl, 4
 1109              	cy_meta_custnvl:
 1110 0000 00       		.byte	0
 1111 0001 00       		.byte	0
 1112 0002 40       		.byte	64
 1113 0003 05       		.byte	5
 1114              		.section	.cymeta,"a",%progbits
 1115              		.align	2
 1116              		.type	cy_metadata, %object
 1117              		.size	cy_metadata, 12
 1118              	cy_metadata:
 1119 0000 00       		.byte	0
 1120 0001 01       		.byte	1
 1121 0002 2E       		.byte	46
 1122 0003 12       		.byte	18
 1123 0004 30       		.byte	48
 1124 0005 69       		.byte	105
 1125 0006 00       		.byte	0
 1126 0007 01       		.byte	1
 1127 0008 00       		.byte	0
 1128 0009 00       		.byte	0
 1129 000a 00       		.byte	0
 1130 000b 00       		.byte	0
 1131              		.section	.cyflashprotect,"a",%progbits
 1132              		.align	2
 1133              		.type	cy_meta_flashprotect, %object
 1134              		.size	cy_meta_flashprotect, 256
 1135              	cy_meta_flashprotect:
 1136 0000 00000000 		.space	256
 1136      00000000 
 1136      00000000 
 1136      00000000 
 1136      00000000 
ARM GAS  C:\Users\kazi\AppData\Local\Temp\cctC4DsQ.s 			page 21


 1137              		.text
 1138              	.Letext0:
 1139              		.file 1 ".\\Generated_Source\\PSoC5\\cymetadata.c"
 1140              		.file 2 ".\\Generated_Source\\PSoC5\\cytypes.h"
 1141              		.section	.debug_info,"",%progbits
 1142              	.Ldebug_info0:
 1143 0000 36010000 		.4byte	0x136
 1144 0004 0400     		.2byte	0x4
 1145 0006 00000000 		.4byte	.Ldebug_abbrev0
 1146 000a 04       		.byte	0x4
 1147 000b 01       		.uleb128 0x1
 1148 000c A9000000 		.4byte	.LASF18
 1149 0010 01       		.byte	0x1
 1150 0011 00000000 		.4byte	.LASF19
 1151 0015 5B010000 		.4byte	.LASF20
 1152 0019 00000000 		.4byte	.Ldebug_line0
 1153 001d 02       		.uleb128 0x2
 1154 001e 01       		.byte	0x1
 1155 001f 06       		.byte	0x6
 1156 0020 DE010000 		.4byte	.LASF0
 1157 0024 02       		.uleb128 0x2
 1158 0025 01       		.byte	0x1
 1159 0026 08       		.byte	0x8
 1160 0027 38000000 		.4byte	.LASF1
 1161 002b 02       		.uleb128 0x2
 1162 002c 02       		.byte	0x2
 1163 002d 05       		.byte	0x5
 1164 002e C5010000 		.4byte	.LASF2
 1165 0032 02       		.uleb128 0x2
 1166 0033 02       		.byte	0x2
 1167 0034 07       		.byte	0x7
 1168 0035 58000000 		.4byte	.LASF3
 1169 0039 02       		.uleb128 0x2
 1170 003a 04       		.byte	0x4
 1171 003b 05       		.byte	0x5
 1172 003c D5010000 		.4byte	.LASF4
 1173 0040 02       		.uleb128 0x2
 1174 0041 04       		.byte	0x4
 1175 0042 07       		.byte	0x7
 1176 0043 46000000 		.4byte	.LASF5
 1177 0047 02       		.uleb128 0x2
 1178 0048 08       		.byte	0x8
 1179 0049 05       		.byte	0x5
 1180 004a B2010000 		.4byte	.LASF6
 1181 004e 02       		.uleb128 0x2
 1182 004f 08       		.byte	0x8
 1183 0050 07       		.byte	0x7
 1184 0051 44010000 		.4byte	.LASF7
 1185 0055 03       		.uleb128 0x3
 1186 0056 04       		.byte	0x4
 1187 0057 05       		.byte	0x5
 1188 0058 696E7400 		.ascii	"int\000"
 1189 005c 02       		.uleb128 0x2
 1190 005d 04       		.byte	0x4
 1191 005e 07       		.byte	0x7
 1192 005f 37010000 		.4byte	.LASF8
 1193 0063 04       		.uleb128 0x4
ARM GAS  C:\Users\kazi\AppData\Local\Temp\cctC4DsQ.s 			page 22


 1194 0064 CF010000 		.4byte	.LASF21
 1195 0068 02       		.byte	0x2
 1196 0069 C2       		.byte	0xc2
 1197 006a 24000000 		.4byte	0x24
 1198 006e 02       		.uleb128 0x2
 1199 006f 04       		.byte	0x4
 1200 0070 04       		.byte	0x4
 1201 0071 32000000 		.4byte	.LASF9
 1202 0075 02       		.uleb128 0x2
 1203 0076 08       		.byte	0x8
 1204 0077 04       		.byte	0x4
 1205 0078 6B000000 		.4byte	.LASF10
 1206 007c 02       		.uleb128 0x2
 1207 007d 01       		.byte	0x1
 1208 007e 08       		.byte	0x8
 1209 007f C0010000 		.4byte	.LASF11
 1210 0083 05       		.uleb128 0x5
 1211 0084 63000000 		.4byte	0x63
 1212 0088 94000000 		.4byte	0x94
 1213 008c 06       		.uleb128 0x6
 1214 008d 94000000 		.4byte	0x94
 1215 0091 2B04     		.2byte	0x42b
 1216 0093 00       		.byte	0
 1217 0094 02       		.uleb128 0x2
 1218 0095 04       		.byte	0x4
 1219 0096 07       		.byte	0x7
 1220 0097 A9010000 		.4byte	.LASF12
 1221 009b 07       		.uleb128 0x7
 1222 009c 82000000 		.4byte	.LASF13
 1223 00a0 01       		.byte	0x1
 1224 00a1 1C       		.byte	0x1c
 1225 00a2 AC000000 		.4byte	0xac
 1226 00a6 05       		.uleb128 0x5
 1227 00a7 03       		.byte	0x3
 1228 00a8 00000000 		.4byte	cy_meta_configecc
 1229 00ac 08       		.uleb128 0x8
 1230 00ad 83000000 		.4byte	0x83
 1231 00b1 05       		.uleb128 0x5
 1232 00b2 63000000 		.4byte	0x63
 1233 00b6 C1000000 		.4byte	0xc1
 1234 00ba 09       		.uleb128 0x9
 1235 00bb 94000000 		.4byte	0x94
 1236 00bf 03       		.byte	0x3
 1237 00c0 00       		.byte	0
 1238 00c1 07       		.uleb128 0x7
 1239 00c2 72000000 		.4byte	.LASF14
 1240 00c6 01       		.byte	0x1
 1241 00c7 AC       		.byte	0xac
 1242 00c8 D2000000 		.4byte	0xd2
 1243 00cc 05       		.uleb128 0x5
 1244 00cd 03       		.byte	0x3
 1245 00ce 00000000 		.4byte	cy_meta_custnvl
 1246 00d2 08       		.uleb128 0x8
 1247 00d3 B1000000 		.4byte	0xb1
 1248 00d7 07       		.uleb128 0x7
 1249 00d8 9B010000 		.4byte	.LASF15
 1250 00dc 01       		.byte	0x1
ARM GAS  C:\Users\kazi\AppData\Local\Temp\cctC4DsQ.s 			page 23


 1251 00dd B7       		.byte	0xb7
 1252 00de E8000000 		.4byte	0xe8
 1253 00e2 05       		.uleb128 0x5
 1254 00e3 03       		.byte	0x3
 1255 00e4 00000000 		.4byte	cy_meta_wonvl
 1256 00e8 08       		.uleb128 0x8
 1257 00e9 B1000000 		.4byte	0xb1
 1258 00ed 05       		.uleb128 0x5
 1259 00ee 63000000 		.4byte	0x63
 1260 00f2 FD000000 		.4byte	0xfd
 1261 00f6 09       		.uleb128 0x9
 1262 00f7 94000000 		.4byte	0x94
 1263 00fb FF       		.byte	0xff
 1264 00fc 00       		.byte	0
 1265 00fd 07       		.uleb128 0x7
 1266 00fe 94000000 		.4byte	.LASF16
 1267 0102 01       		.byte	0x1
 1268 0103 C2       		.byte	0xc2
 1269 0104 0E010000 		.4byte	0x10e
 1270 0108 05       		.uleb128 0x5
 1271 0109 03       		.byte	0x3
 1272 010a 00000000 		.4byte	cy_meta_flashprotect
 1273 010e 08       		.uleb128 0x8
 1274 010f ED000000 		.4byte	0xed
 1275 0113 05       		.uleb128 0x5
 1276 0114 63000000 		.4byte	0x63
 1277 0118 23010000 		.4byte	0x123
 1278 011c 09       		.uleb128 0x9
 1279 011d 94000000 		.4byte	0x94
 1280 0121 0B       		.byte	0xb
 1281 0122 00       		.byte	0
 1282 0123 07       		.uleb128 0x7
 1283 0124 26000000 		.4byte	.LASF17
 1284 0128 01       		.byte	0x1
 1285 0129 EC       		.byte	0xec
 1286 012a 34010000 		.4byte	0x134
 1287 012e 05       		.uleb128 0x5
 1288 012f 03       		.byte	0x3
 1289 0130 00000000 		.4byte	cy_metadata
 1290 0134 08       		.uleb128 0x8
 1291 0135 13010000 		.4byte	0x113
 1292 0139 00       		.byte	0
 1293              		.section	.debug_abbrev,"",%progbits
 1294              	.Ldebug_abbrev0:
 1295 0000 01       		.uleb128 0x1
 1296 0001 11       		.uleb128 0x11
 1297 0002 01       		.byte	0x1
 1298 0003 25       		.uleb128 0x25
 1299 0004 0E       		.uleb128 0xe
 1300 0005 13       		.uleb128 0x13
 1301 0006 0B       		.uleb128 0xb
 1302 0007 03       		.uleb128 0x3
 1303 0008 0E       		.uleb128 0xe
 1304 0009 1B       		.uleb128 0x1b
 1305 000a 0E       		.uleb128 0xe
 1306 000b 10       		.uleb128 0x10
 1307 000c 17       		.uleb128 0x17
ARM GAS  C:\Users\kazi\AppData\Local\Temp\cctC4DsQ.s 			page 24


 1308 000d 00       		.byte	0
 1309 000e 00       		.byte	0
 1310 000f 02       		.uleb128 0x2
 1311 0010 24       		.uleb128 0x24
 1312 0011 00       		.byte	0
 1313 0012 0B       		.uleb128 0xb
 1314 0013 0B       		.uleb128 0xb
 1315 0014 3E       		.uleb128 0x3e
 1316 0015 0B       		.uleb128 0xb
 1317 0016 03       		.uleb128 0x3
 1318 0017 0E       		.uleb128 0xe
 1319 0018 00       		.byte	0
 1320 0019 00       		.byte	0
 1321 001a 03       		.uleb128 0x3
 1322 001b 24       		.uleb128 0x24
 1323 001c 00       		.byte	0
 1324 001d 0B       		.uleb128 0xb
 1325 001e 0B       		.uleb128 0xb
 1326 001f 3E       		.uleb128 0x3e
 1327 0020 0B       		.uleb128 0xb
 1328 0021 03       		.uleb128 0x3
 1329 0022 08       		.uleb128 0x8
 1330 0023 00       		.byte	0
 1331 0024 00       		.byte	0
 1332 0025 04       		.uleb128 0x4
 1333 0026 16       		.uleb128 0x16
 1334 0027 00       		.byte	0
 1335 0028 03       		.uleb128 0x3
 1336 0029 0E       		.uleb128 0xe
 1337 002a 3A       		.uleb128 0x3a
 1338 002b 0B       		.uleb128 0xb
 1339 002c 3B       		.uleb128 0x3b
 1340 002d 0B       		.uleb128 0xb
 1341 002e 49       		.uleb128 0x49
 1342 002f 13       		.uleb128 0x13
 1343 0030 00       		.byte	0
 1344 0031 00       		.byte	0
 1345 0032 05       		.uleb128 0x5
 1346 0033 01       		.uleb128 0x1
 1347 0034 01       		.byte	0x1
 1348 0035 49       		.uleb128 0x49
 1349 0036 13       		.uleb128 0x13
 1350 0037 01       		.uleb128 0x1
 1351 0038 13       		.uleb128 0x13
 1352 0039 00       		.byte	0
 1353 003a 00       		.byte	0
 1354 003b 06       		.uleb128 0x6
 1355 003c 21       		.uleb128 0x21
 1356 003d 00       		.byte	0
 1357 003e 49       		.uleb128 0x49
 1358 003f 13       		.uleb128 0x13
 1359 0040 2F       		.uleb128 0x2f
 1360 0041 05       		.uleb128 0x5
 1361 0042 00       		.byte	0
 1362 0043 00       		.byte	0
 1363 0044 07       		.uleb128 0x7
 1364 0045 34       		.uleb128 0x34
ARM GAS  C:\Users\kazi\AppData\Local\Temp\cctC4DsQ.s 			page 25


 1365 0046 00       		.byte	0
 1366 0047 03       		.uleb128 0x3
 1367 0048 0E       		.uleb128 0xe
 1368 0049 3A       		.uleb128 0x3a
 1369 004a 0B       		.uleb128 0xb
 1370 004b 3B       		.uleb128 0x3b
 1371 004c 0B       		.uleb128 0xb
 1372 004d 49       		.uleb128 0x49
 1373 004e 13       		.uleb128 0x13
 1374 004f 3F       		.uleb128 0x3f
 1375 0050 19       		.uleb128 0x19
 1376 0051 02       		.uleb128 0x2
 1377 0052 18       		.uleb128 0x18
 1378 0053 00       		.byte	0
 1379 0054 00       		.byte	0
 1380 0055 08       		.uleb128 0x8
 1381 0056 26       		.uleb128 0x26
 1382 0057 00       		.byte	0
 1383 0058 49       		.uleb128 0x49
 1384 0059 13       		.uleb128 0x13
 1385 005a 00       		.byte	0
 1386 005b 00       		.byte	0
 1387 005c 09       		.uleb128 0x9
 1388 005d 21       		.uleb128 0x21
 1389 005e 00       		.byte	0
 1390 005f 49       		.uleb128 0x49
 1391 0060 13       		.uleb128 0x13
 1392 0061 2F       		.uleb128 0x2f
 1393 0062 0B       		.uleb128 0xb
 1394 0063 00       		.byte	0
 1395 0064 00       		.byte	0
 1396 0065 00       		.byte	0
 1397              		.section	.debug_aranges,"",%progbits
 1398 0000 14000000 		.4byte	0x14
 1399 0004 0200     		.2byte	0x2
 1400 0006 00000000 		.4byte	.Ldebug_info0
 1401 000a 04       		.byte	0x4
 1402 000b 00       		.byte	0
 1403 000c 0000     		.2byte	0
 1404 000e 0000     		.2byte	0
 1405 0010 00000000 		.4byte	0
 1406 0014 00000000 		.4byte	0
 1407              		.section	.debug_line,"",%progbits
 1408              	.Ldebug_line0:
 1409 0000 4F000000 		.section	.debug_str,"MS",%progbits,1
 1409      02004900 
 1409      00000201 
 1409      FB0E0D00 
 1409      01010101 
 1410              	.LASF19:
 1411 0000 2E5C4765 		.ascii	".\\Generated_Source\\PSoC5\\cymetadata.c\000"
 1411      6E657261 
 1411      7465645F 
 1411      536F7572 
 1411      63655C50 
 1412              	.LASF17:
 1413 0026 63795F6D 		.ascii	"cy_metadata\000"
ARM GAS  C:\Users\kazi\AppData\Local\Temp\cctC4DsQ.s 			page 26


 1413      65746164 
 1413      61746100 
 1414              	.LASF9:
 1415 0032 666C6F61 		.ascii	"float\000"
 1415      7400
 1416              	.LASF1:
 1417 0038 756E7369 		.ascii	"unsigned char\000"
 1417      676E6564 
 1417      20636861 
 1417      7200
 1418              	.LASF5:
 1419 0046 6C6F6E67 		.ascii	"long unsigned int\000"
 1419      20756E73 
 1419      69676E65 
 1419      6420696E 
 1419      7400
 1420              	.LASF3:
 1421 0058 73686F72 		.ascii	"short unsigned int\000"
 1421      7420756E 
 1421      7369676E 
 1421      65642069 
 1421      6E7400
 1422              	.LASF10:
 1423 006b 646F7562 		.ascii	"double\000"
 1423      6C6500
 1424              	.LASF14:
 1425 0072 63795F6D 		.ascii	"cy_meta_custnvl\000"
 1425      6574615F 
 1425      63757374 
 1425      6E766C00 
 1426              	.LASF13:
 1427 0082 63795F6D 		.ascii	"cy_meta_configecc\000"
 1427      6574615F 
 1427      636F6E66 
 1427      69676563 
 1427      6300
 1428              	.LASF16:
 1429 0094 63795F6D 		.ascii	"cy_meta_flashprotect\000"
 1429      6574615F 
 1429      666C6173 
 1429      6870726F 
 1429      74656374 
 1430              	.LASF18:
 1431 00a9 474E5520 		.ascii	"GNU C 4.9.3 20150303 (release) [ARM/embedded-4_9-br"
 1431      4320342E 
 1431      392E3320 
 1431      32303135 
 1431      30333033 
 1432 00dc 616E6368 		.ascii	"anch revision 221220] -mcpu=cortex-m3 -mthumb -g -O"
 1432      20726576 
 1432      6973696F 
 1432      6E203232 
 1432      31323230 
 1433 010f 67202D66 		.ascii	"g -ffunction-sections -ffat-lto-objects\000"
 1433      66756E63 
 1433      74696F6E 
 1433      2D736563 
ARM GAS  C:\Users\kazi\AppData\Local\Temp\cctC4DsQ.s 			page 27


 1433      74696F6E 
 1434              	.LASF8:
 1435 0137 756E7369 		.ascii	"unsigned int\000"
 1435      676E6564 
 1435      20696E74 
 1435      00
 1436              	.LASF7:
 1437 0144 6C6F6E67 		.ascii	"long long unsigned int\000"
 1437      206C6F6E 
 1437      6720756E 
 1437      7369676E 
 1437      65642069 
 1438              	.LASF20:
 1439 015b 433A5C55 		.ascii	"C:\\Users\\kazi\\Desktop\\kovid\\final project\\Wor"
 1439      73657273 
 1439      5C6B617A 
 1439      695C4465 
 1439      736B746F 
 1440 0188 6B737061 		.ascii	"kspace01\\RNG.cydsn\000"
 1440      63653031 
 1440      5C524E47 
 1440      2E637964 
 1440      736E00
 1441              	.LASF15:
 1442 019b 63795F6D 		.ascii	"cy_meta_wonvl\000"
 1442      6574615F 
 1442      776F6E76 
 1442      6C00
 1443              	.LASF12:
 1444 01a9 73697A65 		.ascii	"sizetype\000"
 1444      74797065 
 1444      00
 1445              	.LASF6:
 1446 01b2 6C6F6E67 		.ascii	"long long int\000"
 1446      206C6F6E 
 1446      6720696E 
 1446      7400
 1447              	.LASF11:
 1448 01c0 63686172 		.ascii	"char\000"
 1448      00
 1449              	.LASF2:
 1450 01c5 73686F72 		.ascii	"short int\000"
 1450      7420696E 
 1450      7400
 1451              	.LASF21:
 1452 01cf 75696E74 		.ascii	"uint8\000"
 1452      3800
 1453              	.LASF4:
 1454 01d5 6C6F6E67 		.ascii	"long int\000"
 1454      20696E74 
 1454      00
 1455              	.LASF0:
 1456 01de 7369676E 		.ascii	"signed char\000"
 1456      65642063 
 1456      68617200 
 1457              		.ident	"GCC: (GNU Tools for ARM Embedded Processors) 4.9.3 20150303 (release) [ARM/embedded-4_9-br
