ARM GAS  C:\Users\kazi\AppData\Local\Temp\ccYH383C.s 			page 1


   1              		.syntax unified
   2              		.cpu cortex-m3
   3              		.fpu softvfp
   4              		.eabi_attribute 20, 1
   5              		.eabi_attribute 21, 1
   6              		.eabi_attribute 23, 3
   7              		.eabi_attribute 24, 1
   8              		.eabi_attribute 25, 1
   9              		.eabi_attribute 26, 1
  10              		.eabi_attribute 30, 1
  11              		.eabi_attribute 34, 1
  12              		.eabi_attribute 18, 4
  13              		.thumb
  14              		.file	"IDAC8_1.c"
  15              		.text
  16              	.Ltext0:
  17              		.cfi_sections	.debug_frame
  18              		.section	.text.IDAC8_1_Enable,"ax",%progbits
  19              		.align	2
  20              		.global	IDAC8_1_Enable
  21              		.thumb
  22              		.thumb_func
  23              		.type	IDAC8_1_Enable, %function
  24              	IDAC8_1_Enable:
  25              	.LFB1:
  26              		.file 1 ".\\Generated_Source\\PSoC5\\IDAC8_1.c"
   1:.\Generated_Source\PSoC5/IDAC8_1.c **** /*******************************************************************************
   2:.\Generated_Source\PSoC5/IDAC8_1.c **** * File Name: IDAC8_1.c
   3:.\Generated_Source\PSoC5/IDAC8_1.c **** * Version 2.0
   4:.\Generated_Source\PSoC5/IDAC8_1.c **** *
   5:.\Generated_Source\PSoC5/IDAC8_1.c **** * Description:
   6:.\Generated_Source\PSoC5/IDAC8_1.c **** *  This file provides the source code to the API for the 8-bit Current 
   7:.\Generated_Source\PSoC5/IDAC8_1.c **** *  DAC (IDAC8) User Module.
   8:.\Generated_Source\PSoC5/IDAC8_1.c **** *
   9:.\Generated_Source\PSoC5/IDAC8_1.c **** * Note:
  10:.\Generated_Source\PSoC5/IDAC8_1.c **** *  None
  11:.\Generated_Source\PSoC5/IDAC8_1.c **** *
  12:.\Generated_Source\PSoC5/IDAC8_1.c **** ********************************************************************************
  13:.\Generated_Source\PSoC5/IDAC8_1.c **** * Copyright 2008-2012, Cypress Semiconductor Corporation.  All rights reserved.
  14:.\Generated_Source\PSoC5/IDAC8_1.c **** * You may use this file only in accordance with the license, terms, conditions, 
  15:.\Generated_Source\PSoC5/IDAC8_1.c **** * disclaimers, and limitations in the end user license agreement accompanying 
  16:.\Generated_Source\PSoC5/IDAC8_1.c **** * the software package with which this file was provided.
  17:.\Generated_Source\PSoC5/IDAC8_1.c **** *******************************************************************************/
  18:.\Generated_Source\PSoC5/IDAC8_1.c **** 
  19:.\Generated_Source\PSoC5/IDAC8_1.c **** #include "cytypes.h"
  20:.\Generated_Source\PSoC5/IDAC8_1.c **** #include "IDAC8_1.h"   
  21:.\Generated_Source\PSoC5/IDAC8_1.c **** 
  22:.\Generated_Source\PSoC5/IDAC8_1.c **** #if (CY_PSOC5A)
  23:.\Generated_Source\PSoC5/IDAC8_1.c ****     #include <CyLib.h>
  24:.\Generated_Source\PSoC5/IDAC8_1.c **** #endif /* CY_PSOC5A */
  25:.\Generated_Source\PSoC5/IDAC8_1.c **** 
  26:.\Generated_Source\PSoC5/IDAC8_1.c **** 
  27:.\Generated_Source\PSoC5/IDAC8_1.c **** uint8 IDAC8_1_initVar = 0u;
  28:.\Generated_Source\PSoC5/IDAC8_1.c **** 
  29:.\Generated_Source\PSoC5/IDAC8_1.c **** 
  30:.\Generated_Source\PSoC5/IDAC8_1.c **** #if (CY_PSOC5A)
  31:.\Generated_Source\PSoC5/IDAC8_1.c ****     static IDAC8_1_LOWPOWER_BACKUP_STRUCT  IDAC8_1_lowPowerBackup;
ARM GAS  C:\Users\kazi\AppData\Local\Temp\ccYH383C.s 			page 2


  32:.\Generated_Source\PSoC5/IDAC8_1.c **** #endif /* CY_PSOC5A */
  33:.\Generated_Source\PSoC5/IDAC8_1.c **** 
  34:.\Generated_Source\PSoC5/IDAC8_1.c **** /* Variable to decide whether or not to restore control register in Enable()
  35:.\Generated_Source\PSoC5/IDAC8_1.c ****    API. This valid only for PSoC5A */
  36:.\Generated_Source\PSoC5/IDAC8_1.c **** #if (CY_PSOC5A)
  37:.\Generated_Source\PSoC5/IDAC8_1.c ****     static uint8 IDAC8_1_restoreReg = 0u;
  38:.\Generated_Source\PSoC5/IDAC8_1.c **** #endif /* CY_PSOC5A */
  39:.\Generated_Source\PSoC5/IDAC8_1.c **** 
  40:.\Generated_Source\PSoC5/IDAC8_1.c **** 
  41:.\Generated_Source\PSoC5/IDAC8_1.c **** /*******************************************************************************
  42:.\Generated_Source\PSoC5/IDAC8_1.c **** * Function Name: IDAC8_1_Init
  43:.\Generated_Source\PSoC5/IDAC8_1.c **** ********************************************************************************
  44:.\Generated_Source\PSoC5/IDAC8_1.c **** * Summary:
  45:.\Generated_Source\PSoC5/IDAC8_1.c **** *  Initialize to the schematic state.
  46:.\Generated_Source\PSoC5/IDAC8_1.c **** * 
  47:.\Generated_Source\PSoC5/IDAC8_1.c **** * Parameters:
  48:.\Generated_Source\PSoC5/IDAC8_1.c **** *  void:
  49:.\Generated_Source\PSoC5/IDAC8_1.c **** *
  50:.\Generated_Source\PSoC5/IDAC8_1.c **** * Return:
  51:.\Generated_Source\PSoC5/IDAC8_1.c **** *  (void)
  52:.\Generated_Source\PSoC5/IDAC8_1.c **** *
  53:.\Generated_Source\PSoC5/IDAC8_1.c **** * Theory:
  54:.\Generated_Source\PSoC5/IDAC8_1.c **** *
  55:.\Generated_Source\PSoC5/IDAC8_1.c **** * Side Effects:
  56:.\Generated_Source\PSoC5/IDAC8_1.c **** *
  57:.\Generated_Source\PSoC5/IDAC8_1.c **** *******************************************************************************/
  58:.\Generated_Source\PSoC5/IDAC8_1.c **** void IDAC8_1_Init(void) 
  59:.\Generated_Source\PSoC5/IDAC8_1.c **** {
  60:.\Generated_Source\PSoC5/IDAC8_1.c ****     IDAC8_1_CR0 = (IDAC8_1_MODE_I | IDAC8_1_DEFAULT_RANGE );
  61:.\Generated_Source\PSoC5/IDAC8_1.c **** 
  62:.\Generated_Source\PSoC5/IDAC8_1.c ****     /* Set default data source */
  63:.\Generated_Source\PSoC5/IDAC8_1.c ****     #if(IDAC8_1_DEFAULT_DATA_SRC != 0u )    
  64:.\Generated_Source\PSoC5/IDAC8_1.c ****         IDAC8_1_CR1 = (IDAC8_1_DEFAULT_CNTL | IDAC8_1_DACBUS_ENABLE);
  65:.\Generated_Source\PSoC5/IDAC8_1.c ****     #else
  66:.\Generated_Source\PSoC5/IDAC8_1.c ****         IDAC8_1_CR1 = (IDAC8_1_DEFAULT_CNTL | IDAC8_1_DACBUS_DISABLE);
  67:.\Generated_Source\PSoC5/IDAC8_1.c ****     #endif /* (IDAC8_1_DEFAULT_DATA_SRC != 0u ) */
  68:.\Generated_Source\PSoC5/IDAC8_1.c ****     
  69:.\Generated_Source\PSoC5/IDAC8_1.c ****     /*Controls polarity from UDB Control*/
  70:.\Generated_Source\PSoC5/IDAC8_1.c ****     #if(IDAC8_1_DEFAULT_POLARITY == IDAC8_1_HARDWARE_CONTROLLED)
  71:.\Generated_Source\PSoC5/IDAC8_1.c ****         IDAC8_1_CR1 |= IDAC8_1_IDIR_SRC_UDB;
  72:.\Generated_Source\PSoC5/IDAC8_1.c ****     #else
  73:.\Generated_Source\PSoC5/IDAC8_1.c ****         IDAC8_1_CR1 |= IDAC8_1_DEFAULT_POLARITY;
  74:.\Generated_Source\PSoC5/IDAC8_1.c ****     #endif/* (IDAC8_1_DEFAULT_POLARITY == IDAC8_1_HARDWARE_CONTROLLED) */
  75:.\Generated_Source\PSoC5/IDAC8_1.c ****     /*Controls Current Source from UDB Control*/
  76:.\Generated_Source\PSoC5/IDAC8_1.c ****     #if(IDAC8_1_HARDWARE_ENABLE != 0u ) 
  77:.\Generated_Source\PSoC5/IDAC8_1.c ****         IDAC8_1_CR1 |= IDAC8_1_IDIR_CTL_UDB;
  78:.\Generated_Source\PSoC5/IDAC8_1.c ****     #endif /* (IDAC8_1_HARDWARE_ENABLE != 0u ) */ 
  79:.\Generated_Source\PSoC5/IDAC8_1.c ****     
  80:.\Generated_Source\PSoC5/IDAC8_1.c ****     /* Set default strobe mode */
  81:.\Generated_Source\PSoC5/IDAC8_1.c ****     #if(IDAC8_1_DEFAULT_STRB != 0u)
  82:.\Generated_Source\PSoC5/IDAC8_1.c ****         IDAC8_1_Strobe |= IDAC8_1_STRB_EN;
  83:.\Generated_Source\PSoC5/IDAC8_1.c ****     #endif /* (IDAC8_1_DEFAULT_STRB != 0u) */
  84:.\Generated_Source\PSoC5/IDAC8_1.c ****     
  85:.\Generated_Source\PSoC5/IDAC8_1.c ****     /* Set default speed */
  86:.\Generated_Source\PSoC5/IDAC8_1.c ****     IDAC8_1_SetSpeed(IDAC8_1_DEFAULT_SPEED);
  87:.\Generated_Source\PSoC5/IDAC8_1.c ****     
  88:.\Generated_Source\PSoC5/IDAC8_1.c ****     /* Set proper DAC trim */
ARM GAS  C:\Users\kazi\AppData\Local\Temp\ccYH383C.s 			page 3


  89:.\Generated_Source\PSoC5/IDAC8_1.c ****     IDAC8_1_DacTrim();
  90:.\Generated_Source\PSoC5/IDAC8_1.c ****     
  91:.\Generated_Source\PSoC5/IDAC8_1.c **** }
  92:.\Generated_Source\PSoC5/IDAC8_1.c **** 
  93:.\Generated_Source\PSoC5/IDAC8_1.c **** 
  94:.\Generated_Source\PSoC5/IDAC8_1.c **** /*******************************************************************************
  95:.\Generated_Source\PSoC5/IDAC8_1.c **** * Function Name: IDAC8_1_Enable
  96:.\Generated_Source\PSoC5/IDAC8_1.c **** ********************************************************************************
  97:.\Generated_Source\PSoC5/IDAC8_1.c **** * Summary:
  98:.\Generated_Source\PSoC5/IDAC8_1.c **** *  Enable the IDAC8
  99:.\Generated_Source\PSoC5/IDAC8_1.c **** * 
 100:.\Generated_Source\PSoC5/IDAC8_1.c **** * Parameters:
 101:.\Generated_Source\PSoC5/IDAC8_1.c **** *  void:
 102:.\Generated_Source\PSoC5/IDAC8_1.c **** *
 103:.\Generated_Source\PSoC5/IDAC8_1.c **** * Return:
 104:.\Generated_Source\PSoC5/IDAC8_1.c **** *  (void)
 105:.\Generated_Source\PSoC5/IDAC8_1.c **** *
 106:.\Generated_Source\PSoC5/IDAC8_1.c **** * Theory:
 107:.\Generated_Source\PSoC5/IDAC8_1.c **** *
 108:.\Generated_Source\PSoC5/IDAC8_1.c **** * Side Effects:
 109:.\Generated_Source\PSoC5/IDAC8_1.c **** *
 110:.\Generated_Source\PSoC5/IDAC8_1.c **** *******************************************************************************/
 111:.\Generated_Source\PSoC5/IDAC8_1.c **** void IDAC8_1_Enable(void) 
 112:.\Generated_Source\PSoC5/IDAC8_1.c **** {
  27              		.loc 1 112 0
  28              		.cfi_startproc
  29              		@ args = 0, pretend = 0, frame = 0
  30              		@ frame_needed = 0, uses_anonymous_args = 0
  31              		@ link register save eliminated.
 113:.\Generated_Source\PSoC5/IDAC8_1.c ****     IDAC8_1_PWRMGR |= IDAC8_1_ACT_PWR_EN;
  32              		.loc 1 113 0
  33 0000 054A     		ldr	r2, .L2
  34 0002 1378     		ldrb	r3, [r2]	@ zero_extendqisi2
  35 0004 43F00403 		orr	r3, r3, #4
  36 0008 1370     		strb	r3, [r2]
 114:.\Generated_Source\PSoC5/IDAC8_1.c ****     IDAC8_1_STBY_PWRMGR |= IDAC8_1_STBY_PWR_EN;
  37              		.loc 1 114 0
  38 000a 1032     		adds	r2, r2, #16
  39 000c 1378     		ldrb	r3, [r2]	@ zero_extendqisi2
  40 000e 43F00403 		orr	r3, r3, #4
  41 0012 1370     		strb	r3, [r2]
  42 0014 7047     		bx	lr
  43              	.L3:
  44 0016 00BF     		.align	2
  45              	.L2:
  46 0018 A8430040 		.word	1073759144
  47              		.cfi_endproc
  48              	.LFE1:
  49              		.size	IDAC8_1_Enable, .-IDAC8_1_Enable
  50              		.section	.text.IDAC8_1_Stop,"ax",%progbits
  51              		.align	2
  52              		.global	IDAC8_1_Stop
  53              		.thumb
  54              		.thumb_func
  55              		.type	IDAC8_1_Stop, %function
  56              	IDAC8_1_Stop:
  57              	.LFB3:
ARM GAS  C:\Users\kazi\AppData\Local\Temp\ccYH383C.s 			page 4


 115:.\Generated_Source\PSoC5/IDAC8_1.c **** 
 116:.\Generated_Source\PSoC5/IDAC8_1.c ****     /* This is to restore the value of register CR0 which is saved 
 117:.\Generated_Source\PSoC5/IDAC8_1.c ****       in prior to the modification in stop() API */
 118:.\Generated_Source\PSoC5/IDAC8_1.c ****     #if (CY_PSOC5A)
 119:.\Generated_Source\PSoC5/IDAC8_1.c ****         if(IDAC8_1_restoreReg == 1u)
 120:.\Generated_Source\PSoC5/IDAC8_1.c ****         {
 121:.\Generated_Source\PSoC5/IDAC8_1.c ****             IDAC8_1_CR0 = IDAC8_1_lowPowerBackup.DACCR0Reg;
 122:.\Generated_Source\PSoC5/IDAC8_1.c **** 
 123:.\Generated_Source\PSoC5/IDAC8_1.c ****             /* Clear the flag */
 124:.\Generated_Source\PSoC5/IDAC8_1.c ****             IDAC8_1_restoreReg = 0u;
 125:.\Generated_Source\PSoC5/IDAC8_1.c ****         }
 126:.\Generated_Source\PSoC5/IDAC8_1.c ****     #endif /* CY_PSOC5A */
 127:.\Generated_Source\PSoC5/IDAC8_1.c **** }
 128:.\Generated_Source\PSoC5/IDAC8_1.c **** 
 129:.\Generated_Source\PSoC5/IDAC8_1.c **** 
 130:.\Generated_Source\PSoC5/IDAC8_1.c **** /*******************************************************************************
 131:.\Generated_Source\PSoC5/IDAC8_1.c **** * Function Name: IDAC8_1_Start
 132:.\Generated_Source\PSoC5/IDAC8_1.c **** ********************************************************************************
 133:.\Generated_Source\PSoC5/IDAC8_1.c **** * Summary:
 134:.\Generated_Source\PSoC5/IDAC8_1.c **** *  Set power level then turn on IDAC8.
 135:.\Generated_Source\PSoC5/IDAC8_1.c **** *
 136:.\Generated_Source\PSoC5/IDAC8_1.c **** * Parameters:  
 137:.\Generated_Source\PSoC5/IDAC8_1.c **** *  power: Sets power level between off (0) and (3) high power
 138:.\Generated_Source\PSoC5/IDAC8_1.c **** *
 139:.\Generated_Source\PSoC5/IDAC8_1.c **** * Return:
 140:.\Generated_Source\PSoC5/IDAC8_1.c **** *  (void)
 141:.\Generated_Source\PSoC5/IDAC8_1.c **** *
 142:.\Generated_Source\PSoC5/IDAC8_1.c **** * Global variables:
 143:.\Generated_Source\PSoC5/IDAC8_1.c **** *  IDAC8_1_initVar: Is modified when this function is called for 
 144:.\Generated_Source\PSoC5/IDAC8_1.c **** *   the first time. Is used to ensure that initialization happens only once.
 145:.\Generated_Source\PSoC5/IDAC8_1.c **** *
 146:.\Generated_Source\PSoC5/IDAC8_1.c **** *******************************************************************************/
 147:.\Generated_Source\PSoC5/IDAC8_1.c **** void IDAC8_1_Start(void) 
 148:.\Generated_Source\PSoC5/IDAC8_1.c **** {
 149:.\Generated_Source\PSoC5/IDAC8_1.c ****     /* Hardware initiazation only needs to occur the first time */
 150:.\Generated_Source\PSoC5/IDAC8_1.c ****     if ( IDAC8_1_initVar == 0u)  
 151:.\Generated_Source\PSoC5/IDAC8_1.c ****     {
 152:.\Generated_Source\PSoC5/IDAC8_1.c ****         IDAC8_1_Init();
 153:.\Generated_Source\PSoC5/IDAC8_1.c ****         
 154:.\Generated_Source\PSoC5/IDAC8_1.c ****         IDAC8_1_initVar = 1u;
 155:.\Generated_Source\PSoC5/IDAC8_1.c ****     }
 156:.\Generated_Source\PSoC5/IDAC8_1.c ****    
 157:.\Generated_Source\PSoC5/IDAC8_1.c ****     /* Enable power to DAC */
 158:.\Generated_Source\PSoC5/IDAC8_1.c ****     IDAC8_1_Enable();
 159:.\Generated_Source\PSoC5/IDAC8_1.c **** 
 160:.\Generated_Source\PSoC5/IDAC8_1.c ****     /* Set default value */
 161:.\Generated_Source\PSoC5/IDAC8_1.c ****     IDAC8_1_SetValue(IDAC8_1_DEFAULT_DATA);
 162:.\Generated_Source\PSoC5/IDAC8_1.c **** 
 163:.\Generated_Source\PSoC5/IDAC8_1.c **** }
 164:.\Generated_Source\PSoC5/IDAC8_1.c **** 
 165:.\Generated_Source\PSoC5/IDAC8_1.c **** 
 166:.\Generated_Source\PSoC5/IDAC8_1.c **** /*******************************************************************************
 167:.\Generated_Source\PSoC5/IDAC8_1.c **** * Function Name: IDAC8_1_Stop
 168:.\Generated_Source\PSoC5/IDAC8_1.c **** ********************************************************************************
 169:.\Generated_Source\PSoC5/IDAC8_1.c **** * Summary:
 170:.\Generated_Source\PSoC5/IDAC8_1.c **** *  Powers down IDAC8 to lowest power state.
 171:.\Generated_Source\PSoC5/IDAC8_1.c **** *
ARM GAS  C:\Users\kazi\AppData\Local\Temp\ccYH383C.s 			page 5


 172:.\Generated_Source\PSoC5/IDAC8_1.c **** * Parameters:
 173:.\Generated_Source\PSoC5/IDAC8_1.c **** *  (void)
 174:.\Generated_Source\PSoC5/IDAC8_1.c **** *
 175:.\Generated_Source\PSoC5/IDAC8_1.c **** * Return:
 176:.\Generated_Source\PSoC5/IDAC8_1.c **** *  (void)
 177:.\Generated_Source\PSoC5/IDAC8_1.c **** *
 178:.\Generated_Source\PSoC5/IDAC8_1.c **** * Theory:
 179:.\Generated_Source\PSoC5/IDAC8_1.c **** *
 180:.\Generated_Source\PSoC5/IDAC8_1.c **** * Side Effects:
 181:.\Generated_Source\PSoC5/IDAC8_1.c **** *
 182:.\Generated_Source\PSoC5/IDAC8_1.c **** *******************************************************************************/
 183:.\Generated_Source\PSoC5/IDAC8_1.c **** void IDAC8_1_Stop(void) 
 184:.\Generated_Source\PSoC5/IDAC8_1.c **** {
  58              		.loc 1 184 0
  59              		.cfi_startproc
  60              		@ args = 0, pretend = 0, frame = 0
  61              		@ frame_needed = 0, uses_anonymous_args = 0
  62              		@ link register save eliminated.
 185:.\Generated_Source\PSoC5/IDAC8_1.c ****     /* Disble power to DAC */
 186:.\Generated_Source\PSoC5/IDAC8_1.c ****     IDAC8_1_PWRMGR &= (uint8)(~IDAC8_1_ACT_PWR_EN);
  63              		.loc 1 186 0
  64 0000 054A     		ldr	r2, .L5
  65 0002 1378     		ldrb	r3, [r2]	@ zero_extendqisi2
  66 0004 03F0FB03 		and	r3, r3, #251
  67 0008 1370     		strb	r3, [r2]
 187:.\Generated_Source\PSoC5/IDAC8_1.c ****     IDAC8_1_STBY_PWRMGR &= (uint8)(~IDAC8_1_STBY_PWR_EN);
  68              		.loc 1 187 0
  69 000a 1032     		adds	r2, r2, #16
  70 000c 1378     		ldrb	r3, [r2]	@ zero_extendqisi2
  71 000e 03F0FB03 		and	r3, r3, #251
  72 0012 1370     		strb	r3, [r2]
  73 0014 7047     		bx	lr
  74              	.L6:
  75 0016 00BF     		.align	2
  76              	.L5:
  77 0018 A8430040 		.word	1073759144
  78              		.cfi_endproc
  79              	.LFE3:
  80              		.size	IDAC8_1_Stop, .-IDAC8_1_Stop
  81              		.section	.text.IDAC8_1_SetSpeed,"ax",%progbits
  82              		.align	2
  83              		.global	IDAC8_1_SetSpeed
  84              		.thumb
  85              		.thumb_func
  86              		.type	IDAC8_1_SetSpeed, %function
  87              	IDAC8_1_SetSpeed:
  88              	.LFB4:
 188:.\Generated_Source\PSoC5/IDAC8_1.c ****     
 189:.\Generated_Source\PSoC5/IDAC8_1.c ****     #if (CY_PSOC5A)
 190:.\Generated_Source\PSoC5/IDAC8_1.c ****     
 191:.\Generated_Source\PSoC5/IDAC8_1.c ****         /* Set the global variable  */
 192:.\Generated_Source\PSoC5/IDAC8_1.c ****         IDAC8_1_restoreReg = 1u;
 193:.\Generated_Source\PSoC5/IDAC8_1.c **** 
 194:.\Generated_Source\PSoC5/IDAC8_1.c ****         /* Save the control register and then Clear it. */
 195:.\Generated_Source\PSoC5/IDAC8_1.c ****         IDAC8_1_lowPowerBackup.DACCR0Reg = IDAC8_1_CR0;
 196:.\Generated_Source\PSoC5/IDAC8_1.c ****         IDAC8_1_CR0 = (IDAC8_1_MODE_I | IDAC8_1_RANGE_3 | IDAC8_1_HS_HIGHSPEED);
 197:.\Generated_Source\PSoC5/IDAC8_1.c ****     #endif /* CY_PSOC5A */
ARM GAS  C:\Users\kazi\AppData\Local\Temp\ccYH383C.s 			page 6


 198:.\Generated_Source\PSoC5/IDAC8_1.c **** }
 199:.\Generated_Source\PSoC5/IDAC8_1.c **** 
 200:.\Generated_Source\PSoC5/IDAC8_1.c **** 
 201:.\Generated_Source\PSoC5/IDAC8_1.c **** /*******************************************************************************
 202:.\Generated_Source\PSoC5/IDAC8_1.c **** * Function Name: IDAC8_1_SetSpeed
 203:.\Generated_Source\PSoC5/IDAC8_1.c **** ********************************************************************************
 204:.\Generated_Source\PSoC5/IDAC8_1.c **** * Summary:
 205:.\Generated_Source\PSoC5/IDAC8_1.c **** *  Set DAC speed
 206:.\Generated_Source\PSoC5/IDAC8_1.c **** *
 207:.\Generated_Source\PSoC5/IDAC8_1.c **** * Parameters:
 208:.\Generated_Source\PSoC5/IDAC8_1.c **** *  power: Sets speed value
 209:.\Generated_Source\PSoC5/IDAC8_1.c **** *
 210:.\Generated_Source\PSoC5/IDAC8_1.c **** * Return:
 211:.\Generated_Source\PSoC5/IDAC8_1.c **** *  (void)
 212:.\Generated_Source\PSoC5/IDAC8_1.c **** *
 213:.\Generated_Source\PSoC5/IDAC8_1.c **** * Theory:
 214:.\Generated_Source\PSoC5/IDAC8_1.c **** *
 215:.\Generated_Source\PSoC5/IDAC8_1.c **** * Side Effects:
 216:.\Generated_Source\PSoC5/IDAC8_1.c **** *
 217:.\Generated_Source\PSoC5/IDAC8_1.c **** *******************************************************************************/
 218:.\Generated_Source\PSoC5/IDAC8_1.c **** void IDAC8_1_SetSpeed(uint8 speed) 
 219:.\Generated_Source\PSoC5/IDAC8_1.c **** {
  89              		.loc 1 219 0
  90              		.cfi_startproc
  91              		@ args = 0, pretend = 0, frame = 0
  92              		@ frame_needed = 0, uses_anonymous_args = 0
  93              		@ link register save eliminated.
  94              	.LVL0:
 220:.\Generated_Source\PSoC5/IDAC8_1.c ****     /* Clear power mask then write in new value */
 221:.\Generated_Source\PSoC5/IDAC8_1.c ****     IDAC8_1_CR0 &= (uint8)(~IDAC8_1_HS_MASK);
  95              		.loc 1 221 0
  96 0000 054B     		ldr	r3, .L8
  97 0002 1A78     		ldrb	r2, [r3]	@ zero_extendqisi2
  98 0004 02F0FD02 		and	r2, r2, #253
  99 0008 1A70     		strb	r2, [r3]
 222:.\Generated_Source\PSoC5/IDAC8_1.c ****     IDAC8_1_CR0 |=  ( speed & IDAC8_1_HS_MASK);
 100              		.loc 1 222 0
 101 000a 1A78     		ldrb	r2, [r3]	@ zero_extendqisi2
 102 000c 00F00200 		and	r0, r0, #2
 103              	.LVL1:
 104 0010 1043     		orrs	r0, r0, r2
 105 0012 1870     		strb	r0, [r3]
 106 0014 7047     		bx	lr
 107              	.L9:
 108 0016 00BF     		.align	2
 109              	.L8:
 110 0018 28580040 		.word	1073764392
 111              		.cfi_endproc
 112              	.LFE4:
 113              		.size	IDAC8_1_SetSpeed, .-IDAC8_1_SetSpeed
 114              		.section	.text.IDAC8_1_SetValue,"ax",%progbits
 115              		.align	2
 116              		.global	IDAC8_1_SetValue
 117              		.thumb
 118              		.thumb_func
 119              		.type	IDAC8_1_SetValue, %function
 120              	IDAC8_1_SetValue:
ARM GAS  C:\Users\kazi\AppData\Local\Temp\ccYH383C.s 			page 7


 121              	.LFB7:
 223:.\Generated_Source\PSoC5/IDAC8_1.c **** }
 224:.\Generated_Source\PSoC5/IDAC8_1.c **** 
 225:.\Generated_Source\PSoC5/IDAC8_1.c **** 
 226:.\Generated_Source\PSoC5/IDAC8_1.c **** /*******************************************************************************
 227:.\Generated_Source\PSoC5/IDAC8_1.c **** * Function Name: IDAC8_1_SetPolarity
 228:.\Generated_Source\PSoC5/IDAC8_1.c **** ********************************************************************************
 229:.\Generated_Source\PSoC5/IDAC8_1.c **** * Summary:
 230:.\Generated_Source\PSoC5/IDAC8_1.c **** *  Sets IDAC to Sink or Source current.
 231:.\Generated_Source\PSoC5/IDAC8_1.c **** *  
 232:.\Generated_Source\PSoC5/IDAC8_1.c **** * Parameters:
 233:.\Generated_Source\PSoC5/IDAC8_1.c **** *  Polarity: Sets the IDAC to Sink or Source 
 234:.\Generated_Source\PSoC5/IDAC8_1.c **** *  0x00 - Source
 235:.\Generated_Source\PSoC5/IDAC8_1.c **** *  0x04 - Sink
 236:.\Generated_Source\PSoC5/IDAC8_1.c **** *
 237:.\Generated_Source\PSoC5/IDAC8_1.c **** * Return:
 238:.\Generated_Source\PSoC5/IDAC8_1.c **** *  (void)
 239:.\Generated_Source\PSoC5/IDAC8_1.c **** *
 240:.\Generated_Source\PSoC5/IDAC8_1.c **** * Theory:
 241:.\Generated_Source\PSoC5/IDAC8_1.c **** *
 242:.\Generated_Source\PSoC5/IDAC8_1.c **** * Side Effects:
 243:.\Generated_Source\PSoC5/IDAC8_1.c **** *
 244:.\Generated_Source\PSoC5/IDAC8_1.c **** *******************************************************************************/
 245:.\Generated_Source\PSoC5/IDAC8_1.c **** #if(IDAC8_1_DEFAULT_POLARITY != IDAC8_1_HARDWARE_CONTROLLED)
 246:.\Generated_Source\PSoC5/IDAC8_1.c ****     void IDAC8_1_SetPolarity(uint8 polarity) 
 247:.\Generated_Source\PSoC5/IDAC8_1.c ****     {
 248:.\Generated_Source\PSoC5/IDAC8_1.c ****         IDAC8_1_CR1 &= (uint8)(~IDAC8_1_IDIR_MASK);                /* clear polarity bit */
 249:.\Generated_Source\PSoC5/IDAC8_1.c ****         IDAC8_1_CR1 |= (polarity & IDAC8_1_IDIR_MASK);             /* set new value */
 250:.\Generated_Source\PSoC5/IDAC8_1.c ****     
 251:.\Generated_Source\PSoC5/IDAC8_1.c ****         IDAC8_1_DacTrim();
 252:.\Generated_Source\PSoC5/IDAC8_1.c ****     }
 253:.\Generated_Source\PSoC5/IDAC8_1.c **** #endif/*(IDAC8_1_DEFAULT_POLARITY != IDAC8_1_HARDWARE_CONTROLLED)*/
 254:.\Generated_Source\PSoC5/IDAC8_1.c **** 
 255:.\Generated_Source\PSoC5/IDAC8_1.c **** 
 256:.\Generated_Source\PSoC5/IDAC8_1.c **** /*******************************************************************************
 257:.\Generated_Source\PSoC5/IDAC8_1.c **** * Function Name: IDAC8_1_SetRange
 258:.\Generated_Source\PSoC5/IDAC8_1.c **** ********************************************************************************
 259:.\Generated_Source\PSoC5/IDAC8_1.c **** * Summary:
 260:.\Generated_Source\PSoC5/IDAC8_1.c **** *  Set current range
 261:.\Generated_Source\PSoC5/IDAC8_1.c **** *
 262:.\Generated_Source\PSoC5/IDAC8_1.c **** * Parameters:
 263:.\Generated_Source\PSoC5/IDAC8_1.c **** *  Range: Sets on of four valid ranges.
 264:.\Generated_Source\PSoC5/IDAC8_1.c **** *
 265:.\Generated_Source\PSoC5/IDAC8_1.c **** * Return:
 266:.\Generated_Source\PSoC5/IDAC8_1.c **** *  (void)
 267:.\Generated_Source\PSoC5/IDAC8_1.c **** *
 268:.\Generated_Source\PSoC5/IDAC8_1.c **** * Theory:
 269:.\Generated_Source\PSoC5/IDAC8_1.c **** *
 270:.\Generated_Source\PSoC5/IDAC8_1.c **** * Side Effects:
 271:.\Generated_Source\PSoC5/IDAC8_1.c **** *
 272:.\Generated_Source\PSoC5/IDAC8_1.c **** *******************************************************************************/
 273:.\Generated_Source\PSoC5/IDAC8_1.c **** void IDAC8_1_SetRange(uint8 range) 
 274:.\Generated_Source\PSoC5/IDAC8_1.c **** {
 275:.\Generated_Source\PSoC5/IDAC8_1.c ****     IDAC8_1_CR0 &= (uint8)(~IDAC8_1_RANGE_MASK);       /* Clear existing mode */
 276:.\Generated_Source\PSoC5/IDAC8_1.c ****     IDAC8_1_CR0 |= ( range & IDAC8_1_RANGE_MASK );     /*  Set Range  */
 277:.\Generated_Source\PSoC5/IDAC8_1.c ****     IDAC8_1_DacTrim();
 278:.\Generated_Source\PSoC5/IDAC8_1.c **** }
ARM GAS  C:\Users\kazi\AppData\Local\Temp\ccYH383C.s 			page 8


 279:.\Generated_Source\PSoC5/IDAC8_1.c **** 
 280:.\Generated_Source\PSoC5/IDAC8_1.c **** 
 281:.\Generated_Source\PSoC5/IDAC8_1.c **** /*******************************************************************************
 282:.\Generated_Source\PSoC5/IDAC8_1.c **** * Function Name: IDAC8_1_SetValue
 283:.\Generated_Source\PSoC5/IDAC8_1.c **** ********************************************************************************
 284:.\Generated_Source\PSoC5/IDAC8_1.c **** * Summary:
 285:.\Generated_Source\PSoC5/IDAC8_1.c **** *  Set DAC value
 286:.\Generated_Source\PSoC5/IDAC8_1.c **** *
 287:.\Generated_Source\PSoC5/IDAC8_1.c **** * Parameters:
 288:.\Generated_Source\PSoC5/IDAC8_1.c **** *  value: Sets DAC value between 0 and 255.
 289:.\Generated_Source\PSoC5/IDAC8_1.c **** *
 290:.\Generated_Source\PSoC5/IDAC8_1.c **** * Return:
 291:.\Generated_Source\PSoC5/IDAC8_1.c **** *  (void)
 292:.\Generated_Source\PSoC5/IDAC8_1.c **** *
 293:.\Generated_Source\PSoC5/IDAC8_1.c **** * Theory:
 294:.\Generated_Source\PSoC5/IDAC8_1.c **** *
 295:.\Generated_Source\PSoC5/IDAC8_1.c **** * Side Effects:
 296:.\Generated_Source\PSoC5/IDAC8_1.c **** *
 297:.\Generated_Source\PSoC5/IDAC8_1.c **** *******************************************************************************/
 298:.\Generated_Source\PSoC5/IDAC8_1.c **** void IDAC8_1_SetValue(uint8 value) 
 299:.\Generated_Source\PSoC5/IDAC8_1.c **** {
 122              		.loc 1 299 0
 123              		.cfi_startproc
 124              		@ args = 0, pretend = 0, frame = 0
 125              		@ frame_needed = 0, uses_anonymous_args = 0
 126              		@ link register save eliminated.
 127              	.LVL2:
 300:.\Generated_Source\PSoC5/IDAC8_1.c **** 
 301:.\Generated_Source\PSoC5/IDAC8_1.c ****     #if (CY_PSOC5A)
 302:.\Generated_Source\PSoC5/IDAC8_1.c ****         uint8 IDAC8_1_intrStatus = CyEnterCriticalSection();
 303:.\Generated_Source\PSoC5/IDAC8_1.c ****     #endif /* CY_PSOC5A */
 304:.\Generated_Source\PSoC5/IDAC8_1.c **** 
 305:.\Generated_Source\PSoC5/IDAC8_1.c ****     IDAC8_1_Data = value;         /*  Set Value  */
 128              		.loc 1 305 0
 129 0000 014B     		ldr	r3, .L11
 130 0002 1870     		strb	r0, [r3]
 131 0004 7047     		bx	lr
 132              	.L12:
 133 0006 00BF     		.align	2
 134              	.L11:
 135 0008 825B0040 		.word	1073765250
 136              		.cfi_endproc
 137              	.LFE7:
 138              		.size	IDAC8_1_SetValue, .-IDAC8_1_SetValue
 139              		.section	.text.IDAC8_1_DacTrim,"ax",%progbits
 140              		.align	2
 141              		.global	IDAC8_1_DacTrim
 142              		.thumb
 143              		.thumb_func
 144              		.type	IDAC8_1_DacTrim, %function
 145              	IDAC8_1_DacTrim:
 146              	.LFB8:
 306:.\Generated_Source\PSoC5/IDAC8_1.c ****     
 307:.\Generated_Source\PSoC5/IDAC8_1.c ****     /* PSOC5A silicons require a double write */
 308:.\Generated_Source\PSoC5/IDAC8_1.c ****     #if (CY_PSOC5A)
 309:.\Generated_Source\PSoC5/IDAC8_1.c ****         IDAC8_1_Data = value;
 310:.\Generated_Source\PSoC5/IDAC8_1.c ****         CyExitCriticalSection(IDAC8_1_intrStatus);
ARM GAS  C:\Users\kazi\AppData\Local\Temp\ccYH383C.s 			page 9


 311:.\Generated_Source\PSoC5/IDAC8_1.c ****     #endif /* CY_PSOC5A */
 312:.\Generated_Source\PSoC5/IDAC8_1.c **** }
 313:.\Generated_Source\PSoC5/IDAC8_1.c **** 
 314:.\Generated_Source\PSoC5/IDAC8_1.c **** 
 315:.\Generated_Source\PSoC5/IDAC8_1.c **** /*******************************************************************************
 316:.\Generated_Source\PSoC5/IDAC8_1.c **** * Function Name: IDAC8_1_DacTrim
 317:.\Generated_Source\PSoC5/IDAC8_1.c **** ********************************************************************************
 318:.\Generated_Source\PSoC5/IDAC8_1.c **** * Summary:
 319:.\Generated_Source\PSoC5/IDAC8_1.c **** *  Set the trim value for the given range.
 320:.\Generated_Source\PSoC5/IDAC8_1.c **** *
 321:.\Generated_Source\PSoC5/IDAC8_1.c **** * Parameters:
 322:.\Generated_Source\PSoC5/IDAC8_1.c **** *  None
 323:.\Generated_Source\PSoC5/IDAC8_1.c **** *
 324:.\Generated_Source\PSoC5/IDAC8_1.c **** * Return:
 325:.\Generated_Source\PSoC5/IDAC8_1.c **** *  (void) 
 326:.\Generated_Source\PSoC5/IDAC8_1.c **** *
 327:.\Generated_Source\PSoC5/IDAC8_1.c **** * Theory:
 328:.\Generated_Source\PSoC5/IDAC8_1.c **** *  Trim values for the IDAC blocks are stored in the "Customer Table" area in 
 329:.\Generated_Source\PSoC5/IDAC8_1.c **** *  Row 1 of the Hidden Flash.  There are 8 bytes of trim data for each 
 330:.\Generated_Source\PSoC5/IDAC8_1.c **** *  IDAC block.
 331:.\Generated_Source\PSoC5/IDAC8_1.c **** *  The values are:
 332:.\Generated_Source\PSoC5/IDAC8_1.c **** *       I Gain offset, min range, Sourcing
 333:.\Generated_Source\PSoC5/IDAC8_1.c **** *       I Gain offset, min range, Sinking
 334:.\Generated_Source\PSoC5/IDAC8_1.c **** *       I Gain offset, med range, Sourcing
 335:.\Generated_Source\PSoC5/IDAC8_1.c **** *       I Gain offset, med range, Sinking
 336:.\Generated_Source\PSoC5/IDAC8_1.c **** *       I Gain offset, max range, Sourcing
 337:.\Generated_Source\PSoC5/IDAC8_1.c **** *       I Gain offset, max range, Sinking
 338:.\Generated_Source\PSoC5/IDAC8_1.c **** *       V Gain offset, 1V range
 339:.\Generated_Source\PSoC5/IDAC8_1.c **** *       V Gain offset, 4V range
 340:.\Generated_Source\PSoC5/IDAC8_1.c **** *
 341:.\Generated_Source\PSoC5/IDAC8_1.c **** * Side Effects:
 342:.\Generated_Source\PSoC5/IDAC8_1.c **** *
 343:.\Generated_Source\PSoC5/IDAC8_1.c **** *******************************************************************************/
 344:.\Generated_Source\PSoC5/IDAC8_1.c **** void IDAC8_1_DacTrim(void) 
 345:.\Generated_Source\PSoC5/IDAC8_1.c **** {
 147              		.loc 1 345 0
 148              		.cfi_startproc
 149              		@ args = 0, pretend = 0, frame = 0
 150              		@ frame_needed = 0, uses_anonymous_args = 0
 151              		@ link register save eliminated.
 346:.\Generated_Source\PSoC5/IDAC8_1.c ****     uint8 mode;
 347:.\Generated_Source\PSoC5/IDAC8_1.c **** 
 348:.\Generated_Source\PSoC5/IDAC8_1.c ****     mode = ((IDAC8_1_CR0 & IDAC8_1_RANGE_MASK) >> 1u);
 152              		.loc 1 348 0
 153 0000 094B     		ldr	r3, .L15
 154 0002 1B78     		ldrb	r3, [r3]	@ zero_extendqisi2
 155 0004 03F00C03 		and	r3, r3, #12
 156 0008 5B08     		lsrs	r3, r3, #1
 157              	.LVL3:
 349:.\Generated_Source\PSoC5/IDAC8_1.c ****     
 350:.\Generated_Source\PSoC5/IDAC8_1.c ****     if((IDAC8_1_IDIR_MASK & IDAC8_1_CR1) == IDAC8_1_IDIR_SINK)
 158              		.loc 1 350 0
 159 000a 084A     		ldr	r2, .L15+4
 160 000c 1278     		ldrb	r2, [r2]	@ zero_extendqisi2
 161 000e 12F0040F 		tst	r2, #4
 162 0012 00D0     		beq	.L14
 351:.\Generated_Source\PSoC5/IDAC8_1.c ****     {
ARM GAS  C:\Users\kazi\AppData\Local\Temp\ccYH383C.s 			page 10


 352:.\Generated_Source\PSoC5/IDAC8_1.c ****         mode++;
 163              		.loc 1 352 0
 164 0014 0133     		adds	r3, r3, #1
 165              	.LVL4:
 166              	.L14:
 353:.\Generated_Source\PSoC5/IDAC8_1.c ****     }
 354:.\Generated_Source\PSoC5/IDAC8_1.c **** 
 355:.\Generated_Source\PSoC5/IDAC8_1.c ****     IDAC8_1_TR = CY_GET_XTND_REG8((uint8 *)(IDAC8_1_DAC_TRIM_BASE + mode));
 167              		.loc 1 355 0
 168 0016 03F19243 		add	r3, r3, #1224736768
 169              	.LVL5:
 170 001a 93F82831 		ldrb	r3, [r3, #296]	@ zero_extendqisi2
 171 001e DBB2     		uxtb	r3, r3
 172 0020 034A     		ldr	r2, .L15+8
 173 0022 1370     		strb	r3, [r2]
 174 0024 7047     		bx	lr
 175              	.L16:
 176 0026 00BF     		.align	2
 177              	.L15:
 178 0028 28580040 		.word	1073764392
 179 002c 29580040 		.word	1073764393
 180 0030 0A460040 		.word	1073759754
 181              		.cfi_endproc
 182              	.LFE8:
 183              		.size	IDAC8_1_DacTrim, .-IDAC8_1_DacTrim
 184              		.section	.text.IDAC8_1_Init,"ax",%progbits
 185              		.align	2
 186              		.global	IDAC8_1_Init
 187              		.thumb
 188              		.thumb_func
 189              		.type	IDAC8_1_Init, %function
 190              	IDAC8_1_Init:
 191              	.LFB0:
  59:.\Generated_Source\PSoC5/IDAC8_1.c ****     IDAC8_1_CR0 = (IDAC8_1_MODE_I | IDAC8_1_DEFAULT_RANGE );
 192              		.loc 1 59 0
 193              		.cfi_startproc
 194              		@ args = 0, pretend = 0, frame = 0
 195              		@ frame_needed = 0, uses_anonymous_args = 0
 196 0000 08B5     		push	{r3, lr}
 197              		.cfi_def_cfa_offset 8
 198              		.cfi_offset 3, -8
 199              		.cfi_offset 14, -4
  60:.\Generated_Source\PSoC5/IDAC8_1.c **** 
 200              		.loc 1 60 0
 201 0002 1422     		movs	r2, #20
 202 0004 064B     		ldr	r3, .L19
 203 0006 1A70     		strb	r2, [r3]
  66:.\Generated_Source\PSoC5/IDAC8_1.c ****     #endif /* (IDAC8_1_DEFAULT_DATA_SRC != 0u ) */
 204              		.loc 1 66 0
 205 0008 0133     		adds	r3, r3, #1
 206 000a 0020     		movs	r0, #0
 207 000c 1870     		strb	r0, [r3]
  73:.\Generated_Source\PSoC5/IDAC8_1.c ****     #endif/* (IDAC8_1_DEFAULT_POLARITY == IDAC8_1_HARDWARE_CONTROLLED) */
 208              		.loc 1 73 0
 209 000e 1A78     		ldrb	r2, [r3]	@ zero_extendqisi2
 210 0010 D2B2     		uxtb	r2, r2
 211 0012 1A70     		strb	r2, [r3]
ARM GAS  C:\Users\kazi\AppData\Local\Temp\ccYH383C.s 			page 11


  86:.\Generated_Source\PSoC5/IDAC8_1.c ****     
 212              		.loc 1 86 0
 213 0014 FFF7FEFF 		bl	IDAC8_1_SetSpeed
 214              	.LVL6:
  89:.\Generated_Source\PSoC5/IDAC8_1.c ****     
 215              		.loc 1 89 0
 216 0018 FFF7FEFF 		bl	IDAC8_1_DacTrim
 217              	.LVL7:
 218 001c 08BD     		pop	{r3, pc}
 219              	.L20:
 220 001e 00BF     		.align	2
 221              	.L19:
 222 0020 28580040 		.word	1073764392
 223              		.cfi_endproc
 224              	.LFE0:
 225              		.size	IDAC8_1_Init, .-IDAC8_1_Init
 226              		.section	.text.IDAC8_1_Start,"ax",%progbits
 227              		.align	2
 228              		.global	IDAC8_1_Start
 229              		.thumb
 230              		.thumb_func
 231              		.type	IDAC8_1_Start, %function
 232              	IDAC8_1_Start:
 233              	.LFB2:
 148:.\Generated_Source\PSoC5/IDAC8_1.c ****     /* Hardware initiazation only needs to occur the first time */
 234              		.loc 1 148 0
 235              		.cfi_startproc
 236              		@ args = 0, pretend = 0, frame = 0
 237              		@ frame_needed = 0, uses_anonymous_args = 0
 238 0000 08B5     		push	{r3, lr}
 239              		.cfi_def_cfa_offset 8
 240              		.cfi_offset 3, -8
 241              		.cfi_offset 14, -4
 150:.\Generated_Source\PSoC5/IDAC8_1.c ****     {
 242              		.loc 1 150 0
 243 0002 074B     		ldr	r3, .L24
 244 0004 1B78     		ldrb	r3, [r3]	@ zero_extendqisi2
 245 0006 23B9     		cbnz	r3, .L22
 152:.\Generated_Source\PSoC5/IDAC8_1.c ****         
 246              		.loc 1 152 0
 247 0008 FFF7FEFF 		bl	IDAC8_1_Init
 248              	.LVL8:
 154:.\Generated_Source\PSoC5/IDAC8_1.c ****     }
 249              		.loc 1 154 0
 250 000c 0122     		movs	r2, #1
 251 000e 044B     		ldr	r3, .L24
 252 0010 1A70     		strb	r2, [r3]
 253              	.L22:
 158:.\Generated_Source\PSoC5/IDAC8_1.c **** 
 254              		.loc 1 158 0
 255 0012 FFF7FEFF 		bl	IDAC8_1_Enable
 256              	.LVL9:
 161:.\Generated_Source\PSoC5/IDAC8_1.c **** 
 257              		.loc 1 161 0
 258 0016 7820     		movs	r0, #120
 259 0018 FFF7FEFF 		bl	IDAC8_1_SetValue
 260              	.LVL10:
ARM GAS  C:\Users\kazi\AppData\Local\Temp\ccYH383C.s 			page 12


 261 001c 08BD     		pop	{r3, pc}
 262              	.L25:
 263 001e 00BF     		.align	2
 264              	.L24:
 265 0020 00000000 		.word	.LANCHOR0
 266              		.cfi_endproc
 267              	.LFE2:
 268              		.size	IDAC8_1_Start, .-IDAC8_1_Start
 269              		.section	.text.IDAC8_1_SetPolarity,"ax",%progbits
 270              		.align	2
 271              		.global	IDAC8_1_SetPolarity
 272              		.thumb
 273              		.thumb_func
 274              		.type	IDAC8_1_SetPolarity, %function
 275              	IDAC8_1_SetPolarity:
 276              	.LFB5:
 247:.\Generated_Source\PSoC5/IDAC8_1.c ****         IDAC8_1_CR1 &= (uint8)(~IDAC8_1_IDIR_MASK);                /* clear polarity bit */
 277              		.loc 1 247 0
 278              		.cfi_startproc
 279              		@ args = 0, pretend = 0, frame = 0
 280              		@ frame_needed = 0, uses_anonymous_args = 0
 281              	.LVL11:
 282 0000 08B5     		push	{r3, lr}
 283              		.cfi_def_cfa_offset 8
 284              		.cfi_offset 3, -8
 285              		.cfi_offset 14, -4
 248:.\Generated_Source\PSoC5/IDAC8_1.c ****         IDAC8_1_CR1 |= (polarity & IDAC8_1_IDIR_MASK);             /* set new value */
 286              		.loc 1 248 0
 287 0002 064B     		ldr	r3, .L28
 288 0004 1A78     		ldrb	r2, [r3]	@ zero_extendqisi2
 289 0006 02F0FB02 		and	r2, r2, #251
 290 000a 1A70     		strb	r2, [r3]
 249:.\Generated_Source\PSoC5/IDAC8_1.c ****     
 291              		.loc 1 249 0
 292 000c 1A78     		ldrb	r2, [r3]	@ zero_extendqisi2
 293 000e 00F00400 		and	r0, r0, #4
 294              	.LVL12:
 295 0012 1043     		orrs	r0, r0, r2
 296 0014 1870     		strb	r0, [r3]
 251:.\Generated_Source\PSoC5/IDAC8_1.c ****     }
 297              		.loc 1 251 0
 298 0016 FFF7FEFF 		bl	IDAC8_1_DacTrim
 299              	.LVL13:
 300 001a 08BD     		pop	{r3, pc}
 301              	.L29:
 302              		.align	2
 303              	.L28:
 304 001c 29580040 		.word	1073764393
 305              		.cfi_endproc
 306              	.LFE5:
 307              		.size	IDAC8_1_SetPolarity, .-IDAC8_1_SetPolarity
 308              		.section	.text.IDAC8_1_SetRange,"ax",%progbits
 309              		.align	2
 310              		.global	IDAC8_1_SetRange
 311              		.thumb
 312              		.thumb_func
 313              		.type	IDAC8_1_SetRange, %function
ARM GAS  C:\Users\kazi\AppData\Local\Temp\ccYH383C.s 			page 13


 314              	IDAC8_1_SetRange:
 315              	.LFB6:
 274:.\Generated_Source\PSoC5/IDAC8_1.c ****     IDAC8_1_CR0 &= (uint8)(~IDAC8_1_RANGE_MASK);       /* Clear existing mode */
 316              		.loc 1 274 0
 317              		.cfi_startproc
 318              		@ args = 0, pretend = 0, frame = 0
 319              		@ frame_needed = 0, uses_anonymous_args = 0
 320              	.LVL14:
 321 0000 08B5     		push	{r3, lr}
 322              		.cfi_def_cfa_offset 8
 323              		.cfi_offset 3, -8
 324              		.cfi_offset 14, -4
 275:.\Generated_Source\PSoC5/IDAC8_1.c ****     IDAC8_1_CR0 |= ( range & IDAC8_1_RANGE_MASK );     /*  Set Range  */
 325              		.loc 1 275 0
 326 0002 064B     		ldr	r3, .L32
 327 0004 1A78     		ldrb	r2, [r3]	@ zero_extendqisi2
 328 0006 02F0F302 		and	r2, r2, #243
 329 000a 1A70     		strb	r2, [r3]
 276:.\Generated_Source\PSoC5/IDAC8_1.c ****     IDAC8_1_DacTrim();
 330              		.loc 1 276 0
 331 000c 1A78     		ldrb	r2, [r3]	@ zero_extendqisi2
 332 000e 00F00C00 		and	r0, r0, #12
 333              	.LVL15:
 334 0012 1043     		orrs	r0, r0, r2
 335 0014 1870     		strb	r0, [r3]
 277:.\Generated_Source\PSoC5/IDAC8_1.c **** }
 336              		.loc 1 277 0
 337 0016 FFF7FEFF 		bl	IDAC8_1_DacTrim
 338              	.LVL16:
 339 001a 08BD     		pop	{r3, pc}
 340              	.L33:
 341              		.align	2
 342              	.L32:
 343 001c 28580040 		.word	1073764392
 344              		.cfi_endproc
 345              	.LFE6:
 346              		.size	IDAC8_1_SetRange, .-IDAC8_1_SetRange
 347              		.global	IDAC8_1_initVar
 348              		.bss
 349              		.set	.LANCHOR0,. + 0
 350              		.type	IDAC8_1_initVar, %object
 351              		.size	IDAC8_1_initVar, 1
 352              	IDAC8_1_initVar:
 353 0000 00       		.space	1
 354              		.text
 355              	.Letext0:
 356              		.file 2 ".\\Generated_Source\\PSoC5\\cytypes.h"
 357              		.section	.debug_info,"",%progbits
 358              	.Ldebug_info0:
 359 0000 05020000 		.4byte	0x205
 360 0004 0400     		.2byte	0x4
 361 0006 00000000 		.4byte	.Ldebug_abbrev0
 362 000a 04       		.byte	0x4
 363 000b 01       		.uleb128 0x1
 364 000c 30010000 		.4byte	.LASF27
 365 0010 01       		.byte	0x1
 366 0011 89000000 		.4byte	.LASF28
ARM GAS  C:\Users\kazi\AppData\Local\Temp\ccYH383C.s 			page 14


 367 0015 0A020000 		.4byte	.LASF29
 368 0019 00000000 		.4byte	.Ldebug_ranges0+0
 369 001d 00000000 		.4byte	0
 370 0021 00000000 		.4byte	.Ldebug_line0
 371 0025 02       		.uleb128 0x2
 372 0026 01       		.byte	0x1
 373 0027 06       		.byte	0x6
 374 0028 D4000000 		.4byte	.LASF0
 375 002c 02       		.uleb128 0x2
 376 002d 01       		.byte	0x1
 377 002e 08       		.byte	0x8
 378 002f AC000000 		.4byte	.LASF1
 379 0033 02       		.uleb128 0x2
 380 0034 02       		.byte	0x2
 381 0035 05       		.byte	0x5
 382 0036 10000000 		.4byte	.LASF2
 383 003a 02       		.uleb128 0x2
 384 003b 02       		.byte	0x2
 385 003c 07       		.byte	0x7
 386 003d 18010000 		.4byte	.LASF3
 387 0041 02       		.uleb128 0x2
 388 0042 04       		.byte	0x4
 389 0043 05       		.byte	0x5
 390 0044 80000000 		.4byte	.LASF4
 391 0048 02       		.uleb128 0x2
 392 0049 04       		.byte	0x4
 393 004a 07       		.byte	0x7
 394 004b E1010000 		.4byte	.LASF5
 395 004f 02       		.uleb128 0x2
 396 0050 08       		.byte	0x8
 397 0051 05       		.byte	0x5
 398 0052 72000000 		.4byte	.LASF6
 399 0056 02       		.uleb128 0x2
 400 0057 08       		.byte	0x8
 401 0058 07       		.byte	0x7
 402 0059 E0000000 		.4byte	.LASF7
 403 005d 03       		.uleb128 0x3
 404 005e 04       		.byte	0x4
 405 005f 05       		.byte	0x5
 406 0060 696E7400 		.ascii	"int\000"
 407 0064 02       		.uleb128 0x2
 408 0065 04       		.byte	0x4
 409 0066 07       		.byte	0x7
 410 0067 05010000 		.4byte	.LASF8
 411 006b 04       		.uleb128 0x4
 412 006c 57000000 		.4byte	.LASF12
 413 0070 02       		.byte	0x2
 414 0071 C2       		.byte	0xc2
 415 0072 2C000000 		.4byte	0x2c
 416 0076 02       		.uleb128 0x2
 417 0077 04       		.byte	0x4
 418 0078 04       		.byte	0x4
 419 0079 6C000000 		.4byte	.LASF9
 420 007d 02       		.uleb128 0x2
 421 007e 08       		.byte	0x8
 422 007f 04       		.byte	0x4
 423 0080 F3010000 		.4byte	.LASF10
ARM GAS  C:\Users\kazi\AppData\Local\Temp\ccYH383C.s 			page 15


 424 0084 02       		.uleb128 0x2
 425 0085 01       		.byte	0x1
 426 0086 08       		.byte	0x8
 427 0087 2B010000 		.4byte	.LASF11
 428 008b 05       		.uleb128 0x5
 429 008c DC010000 		.4byte	.LASF13
 430 0090 02       		.byte	0x2
 431 0091 6C01     		.2byte	0x16c
 432 0093 97000000 		.4byte	0x97
 433 0097 06       		.uleb128 0x6
 434 0098 6B000000 		.4byte	0x6b
 435 009c 07       		.uleb128 0x7
 436 009d 5D000000 		.4byte	.LASF14
 437 00a1 01       		.byte	0x1
 438 00a2 6F       		.byte	0x6f
 439 00a3 00000000 		.4byte	.LFB1
 440 00a7 1C000000 		.4byte	.LFE1-.LFB1
 441 00ab 01       		.uleb128 0x1
 442 00ac 9C       		.byte	0x9c
 443 00ad 07       		.uleb128 0x7
 444 00ae 30000000 		.4byte	.LASF15
 445 00b2 01       		.byte	0x1
 446 00b3 B7       		.byte	0xb7
 447 00b4 00000000 		.4byte	.LFB3
 448 00b8 1C000000 		.4byte	.LFE3-.LFB3
 449 00bc 01       		.uleb128 0x1
 450 00bd 9C       		.byte	0x9c
 451 00be 08       		.uleb128 0x8
 452 00bf 1A000000 		.4byte	.LASF16
 453 00c3 01       		.byte	0x1
 454 00c4 DA       		.byte	0xda
 455 00c5 00000000 		.4byte	.LFB4
 456 00c9 1C000000 		.4byte	.LFE4-.LFB4
 457 00cd 01       		.uleb128 0x1
 458 00ce 9C       		.byte	0x9c
 459 00cf E3000000 		.4byte	0xe3
 460 00d3 09       		.uleb128 0x9
 461 00d4 12010000 		.4byte	.LASF18
 462 00d8 01       		.byte	0x1
 463 00d9 DA       		.byte	0xda
 464 00da 6B000000 		.4byte	0x6b
 465 00de 00000000 		.4byte	.LLST0
 466 00e2 00       		.byte	0
 467 00e3 0A       		.uleb128 0xa
 468 00e4 CB010000 		.4byte	.LASF17
 469 00e8 01       		.byte	0x1
 470 00e9 2A01     		.2byte	0x12a
 471 00eb 00000000 		.4byte	.LFB7
 472 00ef 0C000000 		.4byte	.LFE7-.LFB7
 473 00f3 01       		.uleb128 0x1
 474 00f4 9C       		.byte	0x9c
 475 00f5 08010000 		.4byte	0x108
 476 00f9 0B       		.uleb128 0xb
 477 00fa 51000000 		.4byte	.LASF19
 478 00fe 01       		.byte	0x1
 479 00ff 2A01     		.2byte	0x12a
 480 0101 6B000000 		.4byte	0x6b
ARM GAS  C:\Users\kazi\AppData\Local\Temp\ccYH383C.s 			page 16


 481 0105 01       		.uleb128 0x1
 482 0106 50       		.byte	0x50
 483 0107 00       		.byte	0
 484 0108 0A       		.uleb128 0xa
 485 0109 FA010000 		.4byte	.LASF20
 486 010d 01       		.byte	0x1
 487 010e 5801     		.2byte	0x158
 488 0110 00000000 		.4byte	.LFB8
 489 0114 34000000 		.4byte	.LFE8-.LFB8
 490 0118 01       		.uleb128 0x1
 491 0119 9C       		.byte	0x9c
 492 011a 2F010000 		.4byte	0x12f
 493 011e 0C       		.uleb128 0xc
 494 011f 2B000000 		.4byte	.LASF30
 495 0123 01       		.byte	0x1
 496 0124 5A01     		.2byte	0x15a
 497 0126 6B000000 		.4byte	0x6b
 498 012a 21000000 		.4byte	.LLST1
 499 012e 00       		.byte	0
 500 012f 08       		.uleb128 0x8
 501 0130 BE010000 		.4byte	.LASF21
 502 0134 01       		.byte	0x1
 503 0135 3A       		.byte	0x3a
 504 0136 00000000 		.4byte	.LFB0
 505 013a 24000000 		.4byte	.LFE0-.LFB0
 506 013e 01       		.uleb128 0x1
 507 013f 9C       		.byte	0x9c
 508 0140 61010000 		.4byte	0x161
 509 0144 0D       		.uleb128 0xd
 510 0145 18000000 		.4byte	.LVL6
 511 0149 BE000000 		.4byte	0xbe
 512 014d 57010000 		.4byte	0x157
 513 0151 0E       		.uleb128 0xe
 514 0152 01       		.uleb128 0x1
 515 0153 50       		.byte	0x50
 516 0154 01       		.uleb128 0x1
 517 0155 30       		.byte	0x30
 518 0156 00       		.byte	0
 519 0157 0F       		.uleb128 0xf
 520 0158 1C000000 		.4byte	.LVL7
 521 015c 08010000 		.4byte	0x108
 522 0160 00       		.byte	0
 523 0161 08       		.uleb128 0x8
 524 0162 F7000000 		.4byte	.LASF22
 525 0166 01       		.byte	0x1
 526 0167 93       		.byte	0x93
 527 0168 00000000 		.4byte	.LFB2
 528 016c 24000000 		.4byte	.LFE2-.LFB2
 529 0170 01       		.uleb128 0x1
 530 0171 9C       		.byte	0x9c
 531 0172 99010000 		.4byte	0x199
 532 0176 0F       		.uleb128 0xf
 533 0177 0C000000 		.4byte	.LVL8
 534 017b 2F010000 		.4byte	0x12f
 535 017f 0F       		.uleb128 0xf
 536 0180 16000000 		.4byte	.LVL9
 537 0184 9C000000 		.4byte	0x9c
ARM GAS  C:\Users\kazi\AppData\Local\Temp\ccYH383C.s 			page 17


 538 0188 10       		.uleb128 0x10
 539 0189 1C000000 		.4byte	.LVL10
 540 018d E3000000 		.4byte	0xe3
 541 0191 0E       		.uleb128 0xe
 542 0192 01       		.uleb128 0x1
 543 0193 50       		.byte	0x50
 544 0194 02       		.uleb128 0x2
 545 0195 08       		.byte	0x8
 546 0196 78       		.byte	0x78
 547 0197 00       		.byte	0
 548 0198 00       		.byte	0
 549 0199 08       		.uleb128 0x8
 550 019a 3D000000 		.4byte	.LASF23
 551 019e 01       		.byte	0x1
 552 019f F6       		.byte	0xf6
 553 01a0 00000000 		.4byte	.LFB5
 554 01a4 20000000 		.4byte	.LFE5-.LFB5
 555 01a8 01       		.uleb128 0x1
 556 01a9 9C       		.byte	0x9c
 557 01aa C7010000 		.4byte	0x1c7
 558 01ae 09       		.uleb128 0x9
 559 01af BA000000 		.4byte	.LASF24
 560 01b3 01       		.byte	0x1
 561 01b4 F6       		.byte	0xf6
 562 01b5 6B000000 		.4byte	0x6b
 563 01b9 34000000 		.4byte	.LLST2
 564 01bd 0F       		.uleb128 0xf
 565 01be 1A000000 		.4byte	.LVL13
 566 01c2 08010000 		.4byte	0x108
 567 01c6 00       		.byte	0
 568 01c7 0A       		.uleb128 0xa
 569 01c8 C3000000 		.4byte	.LASF25
 570 01cc 01       		.byte	0x1
 571 01cd 1101     		.2byte	0x111
 572 01cf 00000000 		.4byte	.LFB6
 573 01d3 20000000 		.4byte	.LFE6-.LFB6
 574 01d7 01       		.uleb128 0x1
 575 01d8 9C       		.byte	0x9c
 576 01d9 F7010000 		.4byte	0x1f7
 577 01dd 11       		.uleb128 0x11
 578 01de 4A020000 		.4byte	.LASF26
 579 01e2 01       		.byte	0x1
 580 01e3 1101     		.2byte	0x111
 581 01e5 6B000000 		.4byte	0x6b
 582 01e9 55000000 		.4byte	.LLST3
 583 01ed 0F       		.uleb128 0xf
 584 01ee 1A000000 		.4byte	.LVL16
 585 01f2 08010000 		.4byte	0x108
 586 01f6 00       		.byte	0
 587 01f7 12       		.uleb128 0x12
 588 01f8 00000000 		.4byte	.LASF31
 589 01fc 01       		.byte	0x1
 590 01fd 1B       		.byte	0x1b
 591 01fe 6B000000 		.4byte	0x6b
 592 0202 05       		.uleb128 0x5
 593 0203 03       		.byte	0x3
 594 0204 00000000 		.4byte	IDAC8_1_initVar
ARM GAS  C:\Users\kazi\AppData\Local\Temp\ccYH383C.s 			page 18


 595 0208 00       		.byte	0
 596              		.section	.debug_abbrev,"",%progbits
 597              	.Ldebug_abbrev0:
 598 0000 01       		.uleb128 0x1
 599 0001 11       		.uleb128 0x11
 600 0002 01       		.byte	0x1
 601 0003 25       		.uleb128 0x25
 602 0004 0E       		.uleb128 0xe
 603 0005 13       		.uleb128 0x13
 604 0006 0B       		.uleb128 0xb
 605 0007 03       		.uleb128 0x3
 606 0008 0E       		.uleb128 0xe
 607 0009 1B       		.uleb128 0x1b
 608 000a 0E       		.uleb128 0xe
 609 000b 55       		.uleb128 0x55
 610 000c 17       		.uleb128 0x17
 611 000d 11       		.uleb128 0x11
 612 000e 01       		.uleb128 0x1
 613 000f 10       		.uleb128 0x10
 614 0010 17       		.uleb128 0x17
 615 0011 00       		.byte	0
 616 0012 00       		.byte	0
 617 0013 02       		.uleb128 0x2
 618 0014 24       		.uleb128 0x24
 619 0015 00       		.byte	0
 620 0016 0B       		.uleb128 0xb
 621 0017 0B       		.uleb128 0xb
 622 0018 3E       		.uleb128 0x3e
 623 0019 0B       		.uleb128 0xb
 624 001a 03       		.uleb128 0x3
 625 001b 0E       		.uleb128 0xe
 626 001c 00       		.byte	0
 627 001d 00       		.byte	0
 628 001e 03       		.uleb128 0x3
 629 001f 24       		.uleb128 0x24
 630 0020 00       		.byte	0
 631 0021 0B       		.uleb128 0xb
 632 0022 0B       		.uleb128 0xb
 633 0023 3E       		.uleb128 0x3e
 634 0024 0B       		.uleb128 0xb
 635 0025 03       		.uleb128 0x3
 636 0026 08       		.uleb128 0x8
 637 0027 00       		.byte	0
 638 0028 00       		.byte	0
 639 0029 04       		.uleb128 0x4
 640 002a 16       		.uleb128 0x16
 641 002b 00       		.byte	0
 642 002c 03       		.uleb128 0x3
 643 002d 0E       		.uleb128 0xe
 644 002e 3A       		.uleb128 0x3a
 645 002f 0B       		.uleb128 0xb
 646 0030 3B       		.uleb128 0x3b
 647 0031 0B       		.uleb128 0xb
 648 0032 49       		.uleb128 0x49
 649 0033 13       		.uleb128 0x13
 650 0034 00       		.byte	0
 651 0035 00       		.byte	0
ARM GAS  C:\Users\kazi\AppData\Local\Temp\ccYH383C.s 			page 19


 652 0036 05       		.uleb128 0x5
 653 0037 16       		.uleb128 0x16
 654 0038 00       		.byte	0
 655 0039 03       		.uleb128 0x3
 656 003a 0E       		.uleb128 0xe
 657 003b 3A       		.uleb128 0x3a
 658 003c 0B       		.uleb128 0xb
 659 003d 3B       		.uleb128 0x3b
 660 003e 05       		.uleb128 0x5
 661 003f 49       		.uleb128 0x49
 662 0040 13       		.uleb128 0x13
 663 0041 00       		.byte	0
 664 0042 00       		.byte	0
 665 0043 06       		.uleb128 0x6
 666 0044 35       		.uleb128 0x35
 667 0045 00       		.byte	0
 668 0046 49       		.uleb128 0x49
 669 0047 13       		.uleb128 0x13
 670 0048 00       		.byte	0
 671 0049 00       		.byte	0
 672 004a 07       		.uleb128 0x7
 673 004b 2E       		.uleb128 0x2e
 674 004c 00       		.byte	0
 675 004d 3F       		.uleb128 0x3f
 676 004e 19       		.uleb128 0x19
 677 004f 03       		.uleb128 0x3
 678 0050 0E       		.uleb128 0xe
 679 0051 3A       		.uleb128 0x3a
 680 0052 0B       		.uleb128 0xb
 681 0053 3B       		.uleb128 0x3b
 682 0054 0B       		.uleb128 0xb
 683 0055 27       		.uleb128 0x27
 684 0056 19       		.uleb128 0x19
 685 0057 11       		.uleb128 0x11
 686 0058 01       		.uleb128 0x1
 687 0059 12       		.uleb128 0x12
 688 005a 06       		.uleb128 0x6
 689 005b 40       		.uleb128 0x40
 690 005c 18       		.uleb128 0x18
 691 005d 9742     		.uleb128 0x2117
 692 005f 19       		.uleb128 0x19
 693 0060 00       		.byte	0
 694 0061 00       		.byte	0
 695 0062 08       		.uleb128 0x8
 696 0063 2E       		.uleb128 0x2e
 697 0064 01       		.byte	0x1
 698 0065 3F       		.uleb128 0x3f
 699 0066 19       		.uleb128 0x19
 700 0067 03       		.uleb128 0x3
 701 0068 0E       		.uleb128 0xe
 702 0069 3A       		.uleb128 0x3a
 703 006a 0B       		.uleb128 0xb
 704 006b 3B       		.uleb128 0x3b
 705 006c 0B       		.uleb128 0xb
 706 006d 27       		.uleb128 0x27
 707 006e 19       		.uleb128 0x19
 708 006f 11       		.uleb128 0x11
ARM GAS  C:\Users\kazi\AppData\Local\Temp\ccYH383C.s 			page 20


 709 0070 01       		.uleb128 0x1
 710 0071 12       		.uleb128 0x12
 711 0072 06       		.uleb128 0x6
 712 0073 40       		.uleb128 0x40
 713 0074 18       		.uleb128 0x18
 714 0075 9742     		.uleb128 0x2117
 715 0077 19       		.uleb128 0x19
 716 0078 01       		.uleb128 0x1
 717 0079 13       		.uleb128 0x13
 718 007a 00       		.byte	0
 719 007b 00       		.byte	0
 720 007c 09       		.uleb128 0x9
 721 007d 05       		.uleb128 0x5
 722 007e 00       		.byte	0
 723 007f 03       		.uleb128 0x3
 724 0080 0E       		.uleb128 0xe
 725 0081 3A       		.uleb128 0x3a
 726 0082 0B       		.uleb128 0xb
 727 0083 3B       		.uleb128 0x3b
 728 0084 0B       		.uleb128 0xb
 729 0085 49       		.uleb128 0x49
 730 0086 13       		.uleb128 0x13
 731 0087 02       		.uleb128 0x2
 732 0088 17       		.uleb128 0x17
 733 0089 00       		.byte	0
 734 008a 00       		.byte	0
 735 008b 0A       		.uleb128 0xa
 736 008c 2E       		.uleb128 0x2e
 737 008d 01       		.byte	0x1
 738 008e 3F       		.uleb128 0x3f
 739 008f 19       		.uleb128 0x19
 740 0090 03       		.uleb128 0x3
 741 0091 0E       		.uleb128 0xe
 742 0092 3A       		.uleb128 0x3a
 743 0093 0B       		.uleb128 0xb
 744 0094 3B       		.uleb128 0x3b
 745 0095 05       		.uleb128 0x5
 746 0096 27       		.uleb128 0x27
 747 0097 19       		.uleb128 0x19
 748 0098 11       		.uleb128 0x11
 749 0099 01       		.uleb128 0x1
 750 009a 12       		.uleb128 0x12
 751 009b 06       		.uleb128 0x6
 752 009c 40       		.uleb128 0x40
 753 009d 18       		.uleb128 0x18
 754 009e 9742     		.uleb128 0x2117
 755 00a0 19       		.uleb128 0x19
 756 00a1 01       		.uleb128 0x1
 757 00a2 13       		.uleb128 0x13
 758 00a3 00       		.byte	0
 759 00a4 00       		.byte	0
 760 00a5 0B       		.uleb128 0xb
 761 00a6 05       		.uleb128 0x5
 762 00a7 00       		.byte	0
 763 00a8 03       		.uleb128 0x3
 764 00a9 0E       		.uleb128 0xe
 765 00aa 3A       		.uleb128 0x3a
ARM GAS  C:\Users\kazi\AppData\Local\Temp\ccYH383C.s 			page 21


 766 00ab 0B       		.uleb128 0xb
 767 00ac 3B       		.uleb128 0x3b
 768 00ad 05       		.uleb128 0x5
 769 00ae 49       		.uleb128 0x49
 770 00af 13       		.uleb128 0x13
 771 00b0 02       		.uleb128 0x2
 772 00b1 18       		.uleb128 0x18
 773 00b2 00       		.byte	0
 774 00b3 00       		.byte	0
 775 00b4 0C       		.uleb128 0xc
 776 00b5 34       		.uleb128 0x34
 777 00b6 00       		.byte	0
 778 00b7 03       		.uleb128 0x3
 779 00b8 0E       		.uleb128 0xe
 780 00b9 3A       		.uleb128 0x3a
 781 00ba 0B       		.uleb128 0xb
 782 00bb 3B       		.uleb128 0x3b
 783 00bc 05       		.uleb128 0x5
 784 00bd 49       		.uleb128 0x49
 785 00be 13       		.uleb128 0x13
 786 00bf 02       		.uleb128 0x2
 787 00c0 17       		.uleb128 0x17
 788 00c1 00       		.byte	0
 789 00c2 00       		.byte	0
 790 00c3 0D       		.uleb128 0xd
 791 00c4 898201   		.uleb128 0x4109
 792 00c7 01       		.byte	0x1
 793 00c8 11       		.uleb128 0x11
 794 00c9 01       		.uleb128 0x1
 795 00ca 31       		.uleb128 0x31
 796 00cb 13       		.uleb128 0x13
 797 00cc 01       		.uleb128 0x1
 798 00cd 13       		.uleb128 0x13
 799 00ce 00       		.byte	0
 800 00cf 00       		.byte	0
 801 00d0 0E       		.uleb128 0xe
 802 00d1 8A8201   		.uleb128 0x410a
 803 00d4 00       		.byte	0
 804 00d5 02       		.uleb128 0x2
 805 00d6 18       		.uleb128 0x18
 806 00d7 9142     		.uleb128 0x2111
 807 00d9 18       		.uleb128 0x18
 808 00da 00       		.byte	0
 809 00db 00       		.byte	0
 810 00dc 0F       		.uleb128 0xf
 811 00dd 898201   		.uleb128 0x4109
 812 00e0 00       		.byte	0
 813 00e1 11       		.uleb128 0x11
 814 00e2 01       		.uleb128 0x1
 815 00e3 31       		.uleb128 0x31
 816 00e4 13       		.uleb128 0x13
 817 00e5 00       		.byte	0
 818 00e6 00       		.byte	0
 819 00e7 10       		.uleb128 0x10
 820 00e8 898201   		.uleb128 0x4109
 821 00eb 01       		.byte	0x1
 822 00ec 11       		.uleb128 0x11
ARM GAS  C:\Users\kazi\AppData\Local\Temp\ccYH383C.s 			page 22


 823 00ed 01       		.uleb128 0x1
 824 00ee 31       		.uleb128 0x31
 825 00ef 13       		.uleb128 0x13
 826 00f0 00       		.byte	0
 827 00f1 00       		.byte	0
 828 00f2 11       		.uleb128 0x11
 829 00f3 05       		.uleb128 0x5
 830 00f4 00       		.byte	0
 831 00f5 03       		.uleb128 0x3
 832 00f6 0E       		.uleb128 0xe
 833 00f7 3A       		.uleb128 0x3a
 834 00f8 0B       		.uleb128 0xb
 835 00f9 3B       		.uleb128 0x3b
 836 00fa 05       		.uleb128 0x5
 837 00fb 49       		.uleb128 0x49
 838 00fc 13       		.uleb128 0x13
 839 00fd 02       		.uleb128 0x2
 840 00fe 17       		.uleb128 0x17
 841 00ff 00       		.byte	0
 842 0100 00       		.byte	0
 843 0101 12       		.uleb128 0x12
 844 0102 34       		.uleb128 0x34
 845 0103 00       		.byte	0
 846 0104 03       		.uleb128 0x3
 847 0105 0E       		.uleb128 0xe
 848 0106 3A       		.uleb128 0x3a
 849 0107 0B       		.uleb128 0xb
 850 0108 3B       		.uleb128 0x3b
 851 0109 0B       		.uleb128 0xb
 852 010a 49       		.uleb128 0x49
 853 010b 13       		.uleb128 0x13
 854 010c 3F       		.uleb128 0x3f
 855 010d 19       		.uleb128 0x19
 856 010e 02       		.uleb128 0x2
 857 010f 18       		.uleb128 0x18
 858 0110 00       		.byte	0
 859 0111 00       		.byte	0
 860 0112 00       		.byte	0
 861              		.section	.debug_loc,"",%progbits
 862              	.Ldebug_loc0:
 863              	.LLST0:
 864 0000 00000000 		.4byte	.LVL0
 865 0004 10000000 		.4byte	.LVL1
 866 0008 0100     		.2byte	0x1
 867 000a 50       		.byte	0x50
 868 000b 10000000 		.4byte	.LVL1
 869 000f 1C000000 		.4byte	.LFE4
 870 0013 0400     		.2byte	0x4
 871 0015 F3       		.byte	0xf3
 872 0016 01       		.uleb128 0x1
 873 0017 50       		.byte	0x50
 874 0018 9F       		.byte	0x9f
 875 0019 00000000 		.4byte	0
 876 001d 00000000 		.4byte	0
 877              	.LLST1:
 878 0021 0A000000 		.4byte	.LVL3
 879 0025 1A000000 		.4byte	.LVL5
ARM GAS  C:\Users\kazi\AppData\Local\Temp\ccYH383C.s 			page 23


 880 0029 0100     		.2byte	0x1
 881 002b 53       		.byte	0x53
 882 002c 00000000 		.4byte	0
 883 0030 00000000 		.4byte	0
 884              	.LLST2:
 885 0034 00000000 		.4byte	.LVL11
 886 0038 12000000 		.4byte	.LVL12
 887 003c 0100     		.2byte	0x1
 888 003e 50       		.byte	0x50
 889 003f 12000000 		.4byte	.LVL12
 890 0043 20000000 		.4byte	.LFE5
 891 0047 0400     		.2byte	0x4
 892 0049 F3       		.byte	0xf3
 893 004a 01       		.uleb128 0x1
 894 004b 50       		.byte	0x50
 895 004c 9F       		.byte	0x9f
 896 004d 00000000 		.4byte	0
 897 0051 00000000 		.4byte	0
 898              	.LLST3:
 899 0055 00000000 		.4byte	.LVL14
 900 0059 12000000 		.4byte	.LVL15
 901 005d 0100     		.2byte	0x1
 902 005f 50       		.byte	0x50
 903 0060 12000000 		.4byte	.LVL15
 904 0064 20000000 		.4byte	.LFE6
 905 0068 0400     		.2byte	0x4
 906 006a F3       		.byte	0xf3
 907 006b 01       		.uleb128 0x1
 908 006c 50       		.byte	0x50
 909 006d 9F       		.byte	0x9f
 910 006e 00000000 		.4byte	0
 911 0072 00000000 		.4byte	0
 912              		.section	.debug_aranges,"",%progbits
 913 0000 5C000000 		.4byte	0x5c
 914 0004 0200     		.2byte	0x2
 915 0006 00000000 		.4byte	.Ldebug_info0
 916 000a 04       		.byte	0x4
 917 000b 00       		.byte	0
 918 000c 0000     		.2byte	0
 919 000e 0000     		.2byte	0
 920 0010 00000000 		.4byte	.LFB1
 921 0014 1C000000 		.4byte	.LFE1-.LFB1
 922 0018 00000000 		.4byte	.LFB3
 923 001c 1C000000 		.4byte	.LFE3-.LFB3
 924 0020 00000000 		.4byte	.LFB4
 925 0024 1C000000 		.4byte	.LFE4-.LFB4
 926 0028 00000000 		.4byte	.LFB7
 927 002c 0C000000 		.4byte	.LFE7-.LFB7
 928 0030 00000000 		.4byte	.LFB8
 929 0034 34000000 		.4byte	.LFE8-.LFB8
 930 0038 00000000 		.4byte	.LFB0
 931 003c 24000000 		.4byte	.LFE0-.LFB0
 932 0040 00000000 		.4byte	.LFB2
 933 0044 24000000 		.4byte	.LFE2-.LFB2
 934 0048 00000000 		.4byte	.LFB5
 935 004c 20000000 		.4byte	.LFE5-.LFB5
 936 0050 00000000 		.4byte	.LFB6
ARM GAS  C:\Users\kazi\AppData\Local\Temp\ccYH383C.s 			page 24


 937 0054 20000000 		.4byte	.LFE6-.LFB6
 938 0058 00000000 		.4byte	0
 939 005c 00000000 		.4byte	0
 940              		.section	.debug_ranges,"",%progbits
 941              	.Ldebug_ranges0:
 942 0000 00000000 		.4byte	.LFB1
 943 0004 1C000000 		.4byte	.LFE1
 944 0008 00000000 		.4byte	.LFB3
 945 000c 1C000000 		.4byte	.LFE3
 946 0010 00000000 		.4byte	.LFB4
 947 0014 1C000000 		.4byte	.LFE4
 948 0018 00000000 		.4byte	.LFB7
 949 001c 0C000000 		.4byte	.LFE7
 950 0020 00000000 		.4byte	.LFB8
 951 0024 34000000 		.4byte	.LFE8
 952 0028 00000000 		.4byte	.LFB0
 953 002c 24000000 		.4byte	.LFE0
 954 0030 00000000 		.4byte	.LFB2
 955 0034 24000000 		.4byte	.LFE2
 956 0038 00000000 		.4byte	.LFB5
 957 003c 20000000 		.4byte	.LFE5
 958 0040 00000000 		.4byte	.LFB6
 959 0044 20000000 		.4byte	.LFE6
 960 0048 00000000 		.4byte	0
 961 004c 00000000 		.4byte	0
 962              		.section	.debug_line,"",%progbits
 963              	.Ldebug_line0:
 964 0000 F8000000 		.section	.debug_str,"MS",%progbits,1
 964      02004600 
 964      00000201 
 964      FB0E0D00 
 964      01010101 
 965              	.LASF31:
 966 0000 49444143 		.ascii	"IDAC8_1_initVar\000"
 966      385F315F 
 966      696E6974 
 966      56617200 
 967              	.LASF2:
 968 0010 73686F72 		.ascii	"short int\000"
 968      7420696E 
 968      7400
 969              	.LASF16:
 970 001a 49444143 		.ascii	"IDAC8_1_SetSpeed\000"
 970      385F315F 
 970      53657453 
 970      70656564 
 970      00
 971              	.LASF30:
 972 002b 6D6F6465 		.ascii	"mode\000"
 972      00
 973              	.LASF15:
 974 0030 49444143 		.ascii	"IDAC8_1_Stop\000"
 974      385F315F 
 974      53746F70 
 974      00
 975              	.LASF23:
 976 003d 49444143 		.ascii	"IDAC8_1_SetPolarity\000"
ARM GAS  C:\Users\kazi\AppData\Local\Temp\ccYH383C.s 			page 25


 976      385F315F 
 976      53657450 
 976      6F6C6172 
 976      69747900 
 977              	.LASF19:
 978 0051 76616C75 		.ascii	"value\000"
 978      6500
 979              	.LASF12:
 980 0057 75696E74 		.ascii	"uint8\000"
 980      3800
 981              	.LASF14:
 982 005d 49444143 		.ascii	"IDAC8_1_Enable\000"
 982      385F315F 
 982      456E6162 
 982      6C6500
 983              	.LASF9:
 984 006c 666C6F61 		.ascii	"float\000"
 984      7400
 985              	.LASF6:
 986 0072 6C6F6E67 		.ascii	"long long int\000"
 986      206C6F6E 
 986      6720696E 
 986      7400
 987              	.LASF4:
 988 0080 6C6F6E67 		.ascii	"long int\000"
 988      20696E74 
 988      00
 989              	.LASF28:
 990 0089 2E5C4765 		.ascii	".\\Generated_Source\\PSoC5\\IDAC8_1.c\000"
 990      6E657261 
 990      7465645F 
 990      536F7572 
 990      63655C50 
 991              	.LASF1:
 992 00ac 756E7369 		.ascii	"unsigned char\000"
 992      676E6564 
 992      20636861 
 992      7200
 993              	.LASF24:
 994 00ba 706F6C61 		.ascii	"polarity\000"
 994      72697479 
 994      00
 995              	.LASF25:
 996 00c3 49444143 		.ascii	"IDAC8_1_SetRange\000"
 996      385F315F 
 996      53657452 
 996      616E6765 
 996      00
 997              	.LASF0:
 998 00d4 7369676E 		.ascii	"signed char\000"
 998      65642063 
 998      68617200 
 999              	.LASF7:
 1000 00e0 6C6F6E67 		.ascii	"long long unsigned int\000"
 1000      206C6F6E 
 1000      6720756E 
 1000      7369676E 
ARM GAS  C:\Users\kazi\AppData\Local\Temp\ccYH383C.s 			page 26


 1000      65642069 
 1001              	.LASF22:
 1002 00f7 49444143 		.ascii	"IDAC8_1_Start\000"
 1002      385F315F 
 1002      53746172 
 1002      7400
 1003              	.LASF8:
 1004 0105 756E7369 		.ascii	"unsigned int\000"
 1004      676E6564 
 1004      20696E74 
 1004      00
 1005              	.LASF18:
 1006 0112 73706565 		.ascii	"speed\000"
 1006      6400
 1007              	.LASF3:
 1008 0118 73686F72 		.ascii	"short unsigned int\000"
 1008      7420756E 
 1008      7369676E 
 1008      65642069 
 1008      6E7400
 1009              	.LASF11:
 1010 012b 63686172 		.ascii	"char\000"
 1010      00
 1011              	.LASF27:
 1012 0130 474E5520 		.ascii	"GNU C 4.9.3 20150303 (release) [ARM/embedded-4_9-br"
 1012      4320342E 
 1012      392E3320 
 1012      32303135 
 1012      30333033 
 1013 0163 616E6368 		.ascii	"anch revision 221220] -mcpu=cortex-m3 -mthumb -g -O"
 1013      20726576 
 1013      6973696F 
 1013      6E203232 
 1013      31323230 
 1014 0196 67202D66 		.ascii	"g -ffunction-sections -ffat-lto-objects\000"
 1014      66756E63 
 1014      74696F6E 
 1014      2D736563 
 1014      74696F6E 
 1015              	.LASF21:
 1016 01be 49444143 		.ascii	"IDAC8_1_Init\000"
 1016      385F315F 
 1016      496E6974 
 1016      00
 1017              	.LASF17:
 1018 01cb 49444143 		.ascii	"IDAC8_1_SetValue\000"
 1018      385F315F 
 1018      53657456 
 1018      616C7565 
 1018      00
 1019              	.LASF13:
 1020 01dc 72656738 		.ascii	"reg8\000"
 1020      00
 1021              	.LASF5:
 1022 01e1 6C6F6E67 		.ascii	"long unsigned int\000"
 1022      20756E73 
 1022      69676E65 
ARM GAS  C:\Users\kazi\AppData\Local\Temp\ccYH383C.s 			page 27


 1022      6420696E 
 1022      7400
 1023              	.LASF10:
 1024 01f3 646F7562 		.ascii	"double\000"
 1024      6C6500
 1025              	.LASF20:
 1026 01fa 49444143 		.ascii	"IDAC8_1_DacTrim\000"
 1026      385F315F 
 1026      44616354 
 1026      72696D00 
 1027              	.LASF29:
 1028 020a 433A5C55 		.ascii	"C:\\Users\\kazi\\Desktop\\kovid\\final project\\Wor"
 1028      73657273 
 1028      5C6B617A 
 1028      695C4465 
 1028      736B746F 
 1029 0237 6B737061 		.ascii	"kspace01\\RNG.cydsn\000"
 1029      63653031 
 1029      5C524E47 
 1029      2E637964 
 1029      736E00
 1030              	.LASF26:
 1031 024a 72616E67 		.ascii	"range\000"
 1031      6500
 1032              		.ident	"GCC: (GNU Tools for ARM Embedded Processors) 4.9.3 20150303 (release) [ARM/embedded-4_9-br
