ARM GAS  C:\Users\kazi\AppData\Local\Temp\ccJQ2SrT.s 			page 1


   1              		.syntax unified
   2              		.cpu cortex-m3
   3              		.fpu softvfp
   4              		.eabi_attribute 20, 1
   5              		.eabi_attribute 21, 1
   6              		.eabi_attribute 23, 3
   7              		.eabi_attribute 24, 1
   8              		.eabi_attribute 25, 1
   9              		.eabi_attribute 26, 1
  10              		.eabi_attribute 30, 1
  11              		.eabi_attribute 34, 1
  12              		.eabi_attribute 18, 4
  13              		.thumb
  14              		.file	"main.c"
  15              		.text
  16              	.Ltext0:
  17              		.cfi_sections	.debug_frame
  18              		.section	.text.RX_INT,"ax",%progbits
  19              		.align	2
  20              		.global	RX_INT
  21              		.thumb
  22              		.thumb_func
  23              		.type	RX_INT, %function
  24              	RX_INT:
  25              	.LFB63:
  26              		.file 1 ".\\main.c"
   1:.\main.c      **** /* ========================================
   2:.\main.c      ****  *
   3:.\main.c      ****  * Copyright YOUR COMPANY, THE YEAR
   4:.\main.c      ****  * All Rights Reserved
   5:.\main.c      ****  * UNPUBLISHED, LICENSED SOFTWARE.
   6:.\main.c      ****  *
   7:.\main.c      ****  * CONFIDENTIAL AND PROPRIETARY INFORMATION
   8:.\main.c      ****  * WHICH IS THE PROPERTY OF your company.
   9:.\main.c      ****  *
  10:.\main.c      ****  * ========================================
  11:.\main.c      **** */
  12:.\main.c      **** #include <project.h>
  13:.\main.c      **** #include <string.h>
  14:.\main.c      **** 
  15:.\main.c      **** 
  16:.\main.c      **** CY_ISR(RX_INT) {
  27              		.loc 1 16 0
  28              		.cfi_startproc
  29              		@ args = 0, pretend = 0, frame = 0
  30              		@ frame_needed = 0, uses_anonymous_args = 0
  31 0000 08B5     		push	{r3, lr}
  32              		.cfi_def_cfa_offset 8
  33              		.cfi_offset 3, -8
  34              		.cfi_offset 14, -4
  17:.\main.c      ****     uint8 char_buf = UART_ReadRxData();
  35              		.loc 1 17 0
  36 0002 FFF7FEFF 		bl	UART_ReadRxData
  37              	.LVL0:
  38 0006 08BD     		pop	{r3, pc}
  39              		.cfi_endproc
  40              	.LFE63:
ARM GAS  C:\Users\kazi\AppData\Local\Temp\ccJQ2SrT.s 			page 2


  41              		.size	RX_INT, .-RX_INT
  42              		.section	.text.GetRandom,"ax",%progbits
  43              		.align	2
  44              		.global	GetRandom
  45              		.thumb
  46              		.thumb_func
  47              		.type	GetRandom, %function
  48              	GetRandom:
  49              	.LFB64:
  18:.\main.c      **** }
  19:.\main.c      **** 
  20:.\main.c      **** // This function generates true random values using the temperatures recorded by the LED
  21:.\main.c      **** void GetRandom(uint8* buf, int n ) {
  50              		.loc 1 21 0
  51              		.cfi_startproc
  52              		@ args = 0, pretend = 0, frame = 0
  53              		@ frame_needed = 0, uses_anonymous_args = 0
  54              	.LVL1:
  55 0000 2DE9F843 		push	{r3, r4, r5, r6, r7, r8, r9, lr}
  56              		.cfi_def_cfa_offset 32
  57              		.cfi_offset 3, -32
  58              		.cfi_offset 4, -28
  59              		.cfi_offset 5, -24
  60              		.cfi_offset 6, -20
  61              		.cfi_offset 7, -16
  62              		.cfi_offset 8, -12
  63              		.cfi_offset 9, -8
  64              		.cfi_offset 14, -4
  65 0004 8046     		mov	r8, r0
  66 0006 0D46     		mov	r5, r1
  67              	.LVL2:
  22:.\main.c      ****     uint8 ret = 0;
  23:.\main.c      ****     uint16 prev,curr = 0;
  24:.\main.c      ****     int inner_counter,outer_counter = 0;
  68              		.loc 1 24 0
  69 0008 0024     		movs	r4, #0
  22:.\main.c      ****     uint8 ret = 0;
  70              		.loc 1 22 0
  71 000a A146     		mov	r9, r4
  25:.\main.c      ****     
  26:.\main.c      ****     while(outer_counter < n) {
  72              		.loc 1 26 0
  73 000c 1AE0     		b	.L5
  74              	.LVL3:
  75              	.L8:
  27:.\main.c      ****         if (ADC_DelSig_1_IsEndConversion(ADC_DelSig_1_WAIT_FOR_RESULT)) {
  76              		.loc 1 27 0
  77 000e 0020     		movs	r0, #0
  78 0010 FFF7FEFF 		bl	ADC_DelSig_1_IsEndConversion
  79              	.LVL4:
  80 0014 B0B1     		cbz	r0, .L5
  28:.\main.c      ****             curr = ADC_DelSig_1_GetResult16(); // read the adc
  81              		.loc 1 28 0
  82 0016 FFF7FEFF 		bl	ADC_DelSig_1_GetResult16
  83              	.LVL5:
  84 001a 80B2     		uxth	r0, r0
  85              	.LVL6:
ARM GAS  C:\Users\kazi\AppData\Local\Temp\ccJQ2SrT.s 			page 3


  29:.\main.c      ****             if (inner_counter != 8) { // we compare the latest value with the previous as our rando
  86              		.loc 1 29 0
  87 001c 082F     		cmp	r7, #8
  88 001e 09D0     		beq	.L6
  30:.\main.c      ****                 ret = ret + ((curr > prev)<<inner_counter); // ret holds the running sum for our by
  89              		.loc 1 30 0
  90 0020 B042     		cmp	r0, r6
  91 0022 94BF     		ite	ls
  92 0024 0026     		movls	r6, #0
  93              	.LVL7:
  94 0026 0126     		movhi	r6, #1
  95 0028 BE40     		lsls	r6, r6, r7
  96 002a 09EB0603 		add	r3, r9, r6
  97 002e 5FFA83F9 		uxtb	r9, r3
  98              	.LVL8:
  99 0032 05E0     		b	.L7
 100              	.LVL9:
 101              	.L6:
  31:.\main.c      ****             } else {
  32:.\main.c      ****                 buf[outer_counter] = ret; // after every 8 iterations, we fill the next byte in our
 102              		.loc 1 32 0
 103 0034 08F80490 		strb	r9, [r8, r4]
 104              	.LVL10:
  33:.\main.c      ****                 inner_counter = 0;
  34:.\main.c      ****                 ret = 0;
  35:.\main.c      ****                 outer_counter++;
 105              		.loc 1 35 0
 106 0038 0134     		adds	r4, r4, #1
 107              	.LVL11:
  33:.\main.c      ****                 inner_counter = 0;
 108              		.loc 1 33 0
 109 003a 4FF00009 		mov	r9, #0
  34:.\main.c      ****                 outer_counter++;
 110              		.loc 1 34 0
 111 003e 4F46     		mov	r7, r9
 112              	.LVL12:
 113              	.L7:
  36:.\main.c      ****             }
  37:.\main.c      ****             
  38:.\main.c      ****             prev = curr;
  39:.\main.c      ****             inner_counter++;
 114              		.loc 1 39 0
 115 0040 0137     		adds	r7, r7, #1
 116              	.LVL13:
  38:.\main.c      ****             inner_counter++;
 117              		.loc 1 38 0
 118 0042 0646     		mov	r6, r0
 119              	.LVL14:
 120              	.L5:
  26:.\main.c      ****         if (ADC_DelSig_1_IsEndConversion(ADC_DelSig_1_WAIT_FOR_RESULT)) {
 121              		.loc 1 26 0
 122 0044 AC42     		cmp	r4, r5
 123 0046 E2DB     		blt	.L8
  40:.\main.c      ****         }
  41:.\main.c      ****     }
  42:.\main.c      **** }
 124              		.loc 1 42 0
ARM GAS  C:\Users\kazi\AppData\Local\Temp\ccJQ2SrT.s 			page 4


 125 0048 BDE8F883 		pop	{r3, r4, r5, r6, r7, r8, r9, pc}
 126              		.cfi_endproc
 127              	.LFE64:
 128              		.size	GetRandom, .-GetRandom
 129              		.section	.text.HexToByte,"ax",%progbits
 130              		.align	2
 131              		.global	HexToByte
 132              		.thumb
 133              		.thumb_func
 134              		.type	HexToByte, %function
 135              	HexToByte:
 136              	.LFB65:
  43:.\main.c      **** 
  44:.\main.c      **** // This function takes a hex string and fills a byte array with the parsed values
  45:.\main.c      **** void HexToByte(char* hex_string, uint8* buf, int len) {
 137              		.loc 1 45 0
 138              		.cfi_startproc
 139              		@ args = 0, pretend = 0, frame = 0
 140              		@ frame_needed = 0, uses_anonymous_args = 0
 141              	.LVL15:
 142 0000 F8B5     		push	{r3, r4, r5, r6, r7, lr}
 143              		.cfi_def_cfa_offset 24
 144              		.cfi_offset 3, -24
 145              		.cfi_offset 4, -20
 146              		.cfi_offset 5, -16
 147              		.cfi_offset 6, -12
 148              		.cfi_offset 7, -8
 149              		.cfi_offset 14, -4
 150 0002 0746     		mov	r7, r0
 151 0004 0E46     		mov	r6, r1
 152 0006 1546     		mov	r5, r2
 153              	.LVL16:
  46:.\main.c      ****     int i = 0;
 154              		.loc 1 46 0
 155 0008 0024     		movs	r4, #0
  47:.\main.c      ****     while ( i < len) {
 156              		.loc 1 47 0
 157 000a 06E0     		b	.L11
 158              	.LVL17:
 159              	.L12:
 160              	.LBB2:
  48:.\main.c      ****         sscanf(hex_string+(2*i), "%2hh", &buf[i]);
 161              		.loc 1 48 0
 162 000c 07EB4400 		add	r0, r7, r4, lsl #1
 163 0010 0349     		ldr	r1, .L14
 164 0012 3219     		adds	r2, r6, r4
 165 0014 FFF7FEFF 		bl	sscanf
 166              	.LVL18:
  49:.\main.c      ****         i++;
 167              		.loc 1 49 0
 168 0018 0134     		adds	r4, r4, #1
 169              	.LVL19:
 170              	.L11:
 171              	.LBE2:
  47:.\main.c      ****     while ( i < len) {
 172              		.loc 1 47 0
 173 001a AC42     		cmp	r4, r5
ARM GAS  C:\Users\kazi\AppData\Local\Temp\ccJQ2SrT.s 			page 5


 174 001c F6DB     		blt	.L12
  50:.\main.c      ****     }
  51:.\main.c      ****     // assuming all necessary sanitization+padding happens before this function is called
  52:.\main.c      **** }
 175              		.loc 1 52 0
 176 001e F8BD     		pop	{r3, r4, r5, r6, r7, pc}
 177              	.LVL20:
 178              	.L15:
 179              		.align	2
 180              	.L14:
 181 0020 00000000 		.word	.LC0
 182              		.cfi_endproc
 183              	.LFE65:
 184              		.size	HexToByte, .-HexToByte
 185              		.section	.text.HexPrint,"ax",%progbits
 186              		.align	2
 187              		.global	HexPrint
 188              		.thumb
 189              		.thumb_func
 190              		.type	HexPrint, %function
 191              	HexPrint:
 192              	.LFB66:
  53:.\main.c      **** 
  54:.\main.c      **** // This function takes an array of len bytes and prints out a hex string over UART
  55:.\main.c      **** void HexPrint(uint8* buf, int len) {
 193              		.loc 1 55 0
 194              		.cfi_startproc
 195              		@ args = 0, pretend = 0, frame = 0
 196              		@ frame_needed = 1, uses_anonymous_args = 0
 197              	.LVL21:
 198 0000 2DE9F041 		push	{r4, r5, r6, r7, r8, lr}
 199              		.cfi_def_cfa_offset 24
 200              		.cfi_offset 4, -24
 201              		.cfi_offset 5, -20
 202              		.cfi_offset 6, -16
 203              		.cfi_offset 7, -12
 204              		.cfi_offset 8, -8
 205              		.cfi_offset 14, -4
 206 0004 00AF     		add	r7, sp, #0
 207              		.cfi_def_cfa_register 7
 208 0006 8046     		mov	r8, r0
 209 0008 0D46     		mov	r5, r1
  56:.\main.c      ****     char ret[2*len]; //each number in buffer will have two hex digits
 210              		.loc 1 56 0
 211 000a 4B00     		lsls	r3, r1, #1
 212              	.LVL22:
 213 000c 0733     		adds	r3, r3, #7
 214              	.LVL23:
 215 000e 23F00703 		bic	r3, r3, #7
 216              	.LVL24:
 217 0012 ADEB030D 		sub	sp, sp, r3
 218 0016 6E46     		mov	r6, sp
 219              	.LVL25:
  57:.\main.c      ****     int i = 0;
 220              		.loc 1 57 0
 221 0018 0024     		movs	r4, #0
  58:.\main.c      ****     while (i < len) {
ARM GAS  C:\Users\kazi\AppData\Local\Temp\ccJQ2SrT.s 			page 6


 222              		.loc 1 58 0
 223 001a 07E0     		b	.L17
 224              	.LVL26:
 225              	.L18:
 226              	.LBB3:
  59:.\main.c      ****         sprintf(ret+(i*2), "%02X", buf[i]);
 227              		.loc 1 59 0
 228 001c 06EB4400 		add	r0, r6, r4, lsl #1
 229 0020 0649     		ldr	r1, .L20
 230 0022 18F80420 		ldrb	r2, [r8, r4]	@ zero_extendqisi2
 231 0026 FFF7FEFF 		bl	sprintf
 232              	.LVL27:
  60:.\main.c      ****         i++;
 233              		.loc 1 60 0
 234 002a 0134     		adds	r4, r4, #1
 235              	.LVL28:
 236              	.L17:
 237              	.LBE3:
  58:.\main.c      ****     while (i < len) {
 238              		.loc 1 58 0
 239 002c AC42     		cmp	r4, r5
 240 002e F5DB     		blt	.L18
  61:.\main.c      ****     }
  62:.\main.c      ****     UART_PutString(ret);
 241              		.loc 1 62 0
 242 0030 3046     		mov	r0, r6
 243 0032 FFF7FEFF 		bl	UART_PutString
 244              	.LVL29:
  63:.\main.c      **** }
 245              		.loc 1 63 0
 246 0036 BD46     		mov	sp, r7
 247              		.cfi_def_cfa_register 13
 248              		@ sp needed
 249 0038 BDE8F081 		pop	{r4, r5, r6, r7, r8, pc}
 250              	.LVL30:
 251              	.L21:
 252              		.align	2
 253              	.L20:
 254 003c 08000000 		.word	.LC1
 255              		.cfi_endproc
 256              	.LFE66:
 257              		.size	HexPrint, .-HexPrint
 258              		.section	.text.main,"ax",%progbits
 259              		.align	2
 260              		.global	main
 261              		.thumb
 262              		.thumb_func
 263              		.type	main, %function
 264              	main:
 265              	.LFB67:
  64:.\main.c      **** 
  65:.\main.c      **** 
  66:.\main.c      **** int main()
  67:.\main.c      **** {
 266              		.loc 1 67 0
 267              		.cfi_startproc
 268              		@ args = 0, pretend = 0, frame = 24
ARM GAS  C:\Users\kazi\AppData\Local\Temp\ccJQ2SrT.s 			page 7


 269              		@ frame_needed = 0, uses_anonymous_args = 0
 270 0000 10B5     		push	{r4, lr}
 271              		.cfi_def_cfa_offset 8
 272              		.cfi_offset 4, -8
 273              		.cfi_offset 14, -4
 274 0002 86B0     		sub	sp, sp, #24
 275              		.cfi_def_cfa_offset 32
  68:.\main.c      ****     CyGlobalIntEnable;
 276              		.loc 1 68 0
 277              	@ 68 ".\main.c" 1
 278 0004 62B6     		CPSIE   i
 279              	@ 0 "" 2
  69:.\main.c      ****     rx_int_StartEx(RX_INT);             // start RX interrupt (look for CY_ISR with RX_INT address)
 280              		.loc 1 69 0
 281              		.thumb
 282 0006 2048     		ldr	r0, .L27
 283 0008 FFF7FEFF 		bl	rx_int_StartEx
 284              	.LVL31:
  70:.\main.c      ****                                         // for code that writes received bytes to LCD.
  71:.\main.c      ****     UART_Start();                       // initialize UART
 285              		.loc 1 71 0
 286 000c FFF7FEFF 		bl	UART_Start
 287              	.LVL32:
  72:.\main.c      ****     UART_ClearRxBuffer();
 288              		.loc 1 72 0
 289 0010 FFF7FEFF 		bl	UART_ClearRxBuffer
 290              	.LVL33:
  73:.\main.c      ****     
  74:.\main.c      ****     LCD_Char_1_Start();     // initialize lcd  
 291              		.loc 1 74 0
 292 0014 FFF7FEFF 		bl	LCD_Char_1_Start
 293              	.LVL34:
  75:.\main.c      ****     LCD_Char_1_ClearDisplay();
 294              		.loc 1 75 0
 295 0018 0120     		movs	r0, #1
 296 001a FFF7FEFF 		bl	LCD_Char_1_WriteControl
 297              	.LVL35:
  76:.\main.c      ****     
  77:.\main.c      ****     ADC_DelSig_1_Start();   // start the ADC_DelSig_1  
 298              		.loc 1 77 0
 299 001e FFF7FEFF 		bl	ADC_DelSig_1_Start
 300              	.LVL36:
  78:.\main.c      ****     ADC_DelSig_1_StartConvert();   // 
 301              		.loc 1 78 0
 302 0022 FFF7FEFF 		bl	ADC_DelSig_1_StartConvert
 303              	.LVL37:
  79:.\main.c      **** 
  80:.\main.c      ****     IDAC8_1_Start();
 304              		.loc 1 80 0
 305 0026 FFF7FEFF 		bl	IDAC8_1_Start
 306              	.LVL38:
  81:.\main.c      ****     
  82:.\main.c      ****     int delay = 100; // milliseconds
  83:.\main.c      ****     
  84:.\main.c      ****     int mode = 0; //0 for key gen, 1 for encryption, 2 for decryption
 307              		.loc 1 84 0
 308 002a 0024     		movs	r4, #0
ARM GAS  C:\Users\kazi\AppData\Local\Temp\ccJQ2SrT.s 			page 8


 309              	.LVL39:
 310              	.L25:
  85:.\main.c      ****     
  86:.\main.c      ****     /* Place your initialization/startup code here (e.g. MyInst_Start()) */
  87:.\main.c      **** 
  88:.\main.c      ****     for(;;)
  89:.\main.c      ****     {
  90:.\main.c      ****         /* Place your application code here. */
  91:.\main.c      ****         if (mode == 0) {
 311              		.loc 1 91 0
 312 002c ECB9     		cbnz	r4, .L23
 313              	.LBB4:
  92:.\main.c      ****             LCD_Char_1_Position(0, 1);    
 314              		.loc 1 92 0
 315 002e 0020     		movs	r0, #0
 316 0030 0121     		movs	r1, #1
 317 0032 FFF7FEFF 		bl	LCD_Char_1_Position
 318              	.LVL40:
  93:.\main.c      ****             LCD_Char_1_PrintString("GENERATING KEY"); // clean up the display    
 319              		.loc 1 93 0
 320 0036 1548     		ldr	r0, .L27+4
 321 0038 FFF7FEFF 		bl	LCD_Char_1_PrintString
 322              	.LVL41:
  94:.\main.c      ****             LCD_Char_1_Position(1, 1);
 323              		.loc 1 94 0
 324 003c 0120     		movs	r0, #1
 325 003e 0146     		mov	r1, r0
 326 0040 FFF7FEFF 		bl	LCD_Char_1_Position
 327              	.LVL42:
  95:.\main.c      ****             uint8 key[16];
  96:.\main.c      ****             GetRandom(key, 16);
 328              		.loc 1 96 0
 329 0044 02A8     		add	r0, sp, #8
 330 0046 1021     		movs	r1, #16
 331 0048 FFF7FEFF 		bl	GetRandom
 332              	.LVL43:
  97:.\main.c      ****             HexPrint(key, 16);
 333              		.loc 1 97 0
 334 004c 02A8     		add	r0, sp, #8
 335 004e 1021     		movs	r1, #16
 336 0050 FFF7FEFF 		bl	HexPrint
 337              	.LVL44:
  98:.\main.c      ****             mode = 1; // go into encryption mode after generating key
  99:.\main.c      ****             char* test = "AA";
 100:.\main.c      ****             uint8 test2[4];
 101:.\main.c      ****             HexToByte(test, test2, 1);
 338              		.loc 1 101 0
 339 0054 0E48     		ldr	r0, .L27+8
 340 0056 01A9     		add	r1, sp, #4
 341 0058 0122     		movs	r2, #1
 342 005a FFF7FEFF 		bl	HexToByte
 343              	.LVL45:
 102:.\main.c      ****             HexPrint(test2,1);
 344              		.loc 1 102 0
 345 005e 01A8     		add	r0, sp, #4
 346 0060 0121     		movs	r1, #1
 347 0062 FFF7FEFF 		bl	HexPrint
ARM GAS  C:\Users\kazi\AppData\Local\Temp\ccJQ2SrT.s 			page 9


 348              	.LVL46:
  98:.\main.c      ****             mode = 1; // go into encryption mode after generating key
 349              		.loc 1 98 0
 350 0066 0124     		movs	r4, #1
 351              	.LBE4:
 352 0068 0AE0     		b	.L24
 353              	.LVL47:
 354              	.L23:
 103:.\main.c      ****             
 104:.\main.c      ****         } else if (mode == 1) {
 355              		.loc 1 104 0
 356 006a 4CB1     		cbz	r4, .L24
 105:.\main.c      ****             LCD_Char_1_ClearDisplay();
 357              		.loc 1 105 0
 358 006c 0120     		movs	r0, #1
 359 006e FFF7FEFF 		bl	LCD_Char_1_WriteControl
 360              	.LVL48:
 106:.\main.c      ****             LCD_Char_1_Position(0, 1);    
 361              		.loc 1 106 0
 362 0072 0020     		movs	r0, #0
 363 0074 0121     		movs	r1, #1
 364 0076 FFF7FEFF 		bl	LCD_Char_1_Position
 365              	.LVL49:
 107:.\main.c      ****             LCD_Char_1_PrintString("ENCRYPTING");
 366              		.loc 1 107 0
 367 007a 0648     		ldr	r0, .L27+12
 368 007c FFF7FEFF 		bl	LCD_Char_1_PrintString
 369              	.LVL50:
 370              	.L24:
 108:.\main.c      ****         }
 109:.\main.c      ****         CyDelay(delay);
 371              		.loc 1 109 0
 372 0080 6420     		movs	r0, #100
 373 0082 FFF7FEFF 		bl	CyDelay
 374              	.LVL51:
 110:.\main.c      ****         
 111:.\main.c      ****     }
 375              		.loc 1 111 0
 376 0086 D1E7     		b	.L25
 377              	.L28:
 378              		.align	2
 379              	.L27:
 380 0088 00000000 		.word	RX_INT
 381 008c 10000000 		.word	.LC2
 382 0090 20000000 		.word	.LC3
 383 0094 24000000 		.word	.LC4
 384              		.cfi_endproc
 385              	.LFE67:
 386              		.size	main, .-main
 387              		.section	.rodata.str1.4,"aMS",%progbits,1
 388              		.align	2
 389              	.LC0:
 390 0000 25326868 		.ascii	"%2hh\000"
 390      00
 391 0005 000000   		.space	3
 392              	.LC1:
 393 0008 25303258 		.ascii	"%02X\000"
ARM GAS  C:\Users\kazi\AppData\Local\Temp\ccJQ2SrT.s 			page 10


 393      00
 394 000d 000000   		.space	3
 395              	.LC2:
 396 0010 47454E45 		.ascii	"GENERATING KEY\000"
 396      52415449 
 396      4E47204B 
 396      455900
 397 001f 00       		.space	1
 398              	.LC3:
 399 0020 414100   		.ascii	"AA\000"
 400 0023 00       		.space	1
 401              	.LC4:
 402 0024 454E4352 		.ascii	"ENCRYPTING\000"
 402      59505449 
 402      4E4700
 403 002f 00       		.text
 404              	.Letext0:
 405              		.file 2 "c:\\program files (x86)\\cypress\\psoc creator\\3.3\\psoc creator\\import\\gnu\\arm\\4.9.
 406              		.file 3 "c:\\program files (x86)\\cypress\\psoc creator\\3.3\\psoc creator\\import\\gnu\\arm\\4.9.
 407              		.file 4 "Generated_Source\\PSoC5/cytypes.h"
 408              		.file 5 "<built-in>"
 409              		.file 6 "Generated_Source\\PSoC5/ADC_DelSig_1.h"
 410              		.file 7 "Generated_Source\\PSoC5/UART.h"
 411              		.file 8 "Generated_Source\\PSoC5/LCD_Char_1.h"
 412              		.file 9 "Generated_Source\\PSoC5/rx_int.h"
 413              		.file 10 "Generated_Source\\PSoC5/IDAC8_1.h"
 414              		.file 11 "Generated_Source\\PSoC5/core_cm3.h"
 415              		.file 12 "Generated_Source\\PSoC5/CyLib.h"
 416              		.section	.debug_info,"",%progbits
 417              	.Ldebug_info0:
 418 0000 20060000 		.4byte	0x620
 419 0004 0400     		.2byte	0x4
 420 0006 00000000 		.4byte	.Ldebug_abbrev0
 421 000a 04       		.byte	0x4
 422 000b 01       		.uleb128 0x1
 423 000c D4010000 		.4byte	.LASF51
 424 0010 01       		.byte	0x1
 425 0011 1B030000 		.4byte	.LASF52
 426 0015 DB020000 		.4byte	.LASF53
 427 0019 00000000 		.4byte	.Ldebug_ranges0+0
 428 001d 00000000 		.4byte	0
 429 0021 00000000 		.4byte	.Ldebug_line0
 430 0025 02       		.uleb128 0x2
 431 0026 01       		.byte	0x1
 432 0027 06       		.byte	0x6
 433 0028 AC000000 		.4byte	.LASF0
 434 002c 02       		.uleb128 0x2
 435 002d 01       		.byte	0x1
 436 002e 08       		.byte	0x8
 437 002f F9000000 		.4byte	.LASF1
 438 0033 02       		.uleb128 0x2
 439 0034 02       		.byte	0x2
 440 0035 05       		.byte	0x5
 441 0036 07000000 		.4byte	.LASF2
 442 003a 02       		.uleb128 0x2
 443 003b 02       		.byte	0x2
 444 003c 07       		.byte	0x7
ARM GAS  C:\Users\kazi\AppData\Local\Temp\ccJQ2SrT.s 			page 11


 445 003d 91020000 		.4byte	.LASF3
 446 0041 03       		.uleb128 0x3
 447 0042 24030000 		.4byte	.LASF9
 448 0046 02       		.byte	0x2
 449 0047 3F       		.byte	0x3f
 450 0048 4C000000 		.4byte	0x4c
 451 004c 02       		.uleb128 0x2
 452 004d 04       		.byte	0x4
 453 004e 05       		.byte	0x5
 454 004f E1000000 		.4byte	.LASF4
 455 0053 02       		.uleb128 0x2
 456 0054 04       		.byte	0x4
 457 0055 07       		.byte	0x7
 458 0056 B5020000 		.4byte	.LASF5
 459 005a 02       		.uleb128 0x2
 460 005b 08       		.byte	0x8
 461 005c 05       		.byte	0x5
 462 005d BE000000 		.4byte	.LASF6
 463 0061 02       		.uleb128 0x2
 464 0062 08       		.byte	0x8
 465 0063 07       		.byte	0x7
 466 0064 4B010000 		.4byte	.LASF7
 467 0068 04       		.uleb128 0x4
 468 0069 04       		.byte	0x4
 469 006a 05       		.byte	0x5
 470 006b 696E7400 		.ascii	"int\000"
 471 006f 02       		.uleb128 0x2
 472 0070 04       		.byte	0x4
 473 0071 07       		.byte	0x7
 474 0072 70010000 		.4byte	.LASF8
 475 0076 03       		.uleb128 0x3
 476 0077 80020000 		.4byte	.LASF10
 477 007b 03       		.byte	0x3
 478 007c 2C       		.byte	0x2c
 479 007d 41000000 		.4byte	0x41
 480 0081 03       		.uleb128 0x3
 481 0082 83000000 		.4byte	.LASF11
 482 0086 04       		.byte	0x4
 483 0087 C2       		.byte	0xc2
 484 0088 2C000000 		.4byte	0x2c
 485 008c 03       		.uleb128 0x3
 486 008d 59000000 		.4byte	.LASF12
 487 0091 04       		.byte	0x4
 488 0092 C3       		.byte	0xc3
 489 0093 3A000000 		.4byte	0x3a
 490 0097 03       		.uleb128 0x3
 491 0098 AE020000 		.4byte	.LASF13
 492 009c 04       		.byte	0x4
 493 009d C4       		.byte	0xc4
 494 009e 53000000 		.4byte	0x53
 495 00a2 03       		.uleb128 0x3
 496 00a3 7D000000 		.4byte	.LASF14
 497 00a7 04       		.byte	0x4
 498 00a8 C6       		.byte	0xc6
 499 00a9 33000000 		.4byte	0x33
 500 00ad 02       		.uleb128 0x2
 501 00ae 04       		.byte	0x4
ARM GAS  C:\Users\kazi\AppData\Local\Temp\ccJQ2SrT.s 			page 12


 502 00af 04       		.byte	0x4
 503 00b0 B8000000 		.4byte	.LASF15
 504 00b4 02       		.uleb128 0x2
 505 00b5 08       		.byte	0x8
 506 00b6 04       		.byte	0x4
 507 00b7 42030000 		.4byte	.LASF16
 508 00bb 03       		.uleb128 0x3
 509 00bc 1A000000 		.4byte	.LASF17
 510 00c0 04       		.byte	0x4
 511 00c1 D3       		.byte	0xd3
 512 00c2 C6000000 		.4byte	0xc6
 513 00c6 02       		.uleb128 0x2
 514 00c7 01       		.byte	0x1
 515 00c8 08       		.byte	0x8
 516 00c9 B8010000 		.4byte	.LASF18
 517 00cd 05       		.uleb128 0x5
 518 00ce 16010000 		.4byte	.LASF19
 519 00d2 04       		.byte	0x4
 520 00d3 7E01     		.2byte	0x17e
 521 00d5 D9000000 		.4byte	0xd9
 522 00d9 06       		.uleb128 0x6
 523 00da 04       		.byte	0x4
 524 00db DF000000 		.4byte	0xdf
 525 00df 07       		.uleb128 0x7
 526 00e0 02       		.uleb128 0x2
 527 00e1 04       		.byte	0x4
 528 00e2 07       		.byte	0x7
 529 00e3 11000000 		.4byte	.LASF20
 530 00e7 06       		.uleb128 0x6
 531 00e8 04       		.byte	0x4
 532 00e9 C6000000 		.4byte	0xc6
 533 00ed 06       		.uleb128 0x6
 534 00ee 04       		.byte	0x4
 535 00ef F3000000 		.4byte	0xf3
 536 00f3 08       		.uleb128 0x8
 537 00f4 C6000000 		.4byte	0xc6
 538 00f8 09       		.uleb128 0x9
 539 00f9 81000000 		.4byte	0x81
 540 00fd 08010000 		.4byte	0x108
 541 0101 0A       		.uleb128 0xa
 542 0102 E0000000 		.4byte	0xe0
 543 0106 03       		.byte	0x3
 544 0107 00       		.byte	0
 545 0108 0B       		.uleb128 0xb
 546 0109 07010000 		.4byte	.LASF21
 547 010d 01       		.byte	0x1
 548 010e 10       		.byte	0x10
 549 010f 00000000 		.4byte	.LFB63
 550 0113 08000000 		.4byte	.LFE63-.LFB63
 551 0117 01       		.uleb128 0x1
 552 0118 9C       		.byte	0x9c
 553 0119 32010000 		.4byte	0x132
 554 011d 0C       		.uleb128 0xc
 555 011e 50000000 		.4byte	.LASF54
 556 0122 01       		.byte	0x1
 557 0123 11       		.byte	0x11
 558 0124 81000000 		.4byte	0x81
ARM GAS  C:\Users\kazi\AppData\Local\Temp\ccJQ2SrT.s 			page 13


 559 0128 0D       		.uleb128 0xd
 560 0129 06000000 		.4byte	.LVL0
 561 012d 26050000 		.4byte	0x526
 562 0131 00       		.byte	0
 563 0132 0B       		.uleb128 0xb
 564 0133 89000000 		.4byte	.LASF22
 565 0137 01       		.byte	0x1
 566 0138 15       		.byte	0x15
 567 0139 00000000 		.4byte	.LFB64
 568 013d 4C000000 		.4byte	.LFE64-.LFB64
 569 0141 01       		.uleb128 0x1
 570 0142 9C       		.byte	0x9c
 571 0143 CB010000 		.4byte	0x1cb
 572 0147 0E       		.uleb128 0xe
 573 0148 62756600 		.ascii	"buf\000"
 574 014c 01       		.byte	0x1
 575 014d 15       		.byte	0x15
 576 014e CB010000 		.4byte	0x1cb
 577 0152 00000000 		.4byte	.LLST0
 578 0156 0E       		.uleb128 0xe
 579 0157 6E00     		.ascii	"n\000"
 580 0159 01       		.byte	0x1
 581 015a 15       		.byte	0x15
 582 015b 68000000 		.4byte	0x68
 583 015f 1E000000 		.4byte	.LLST1
 584 0163 0F       		.uleb128 0xf
 585 0164 72657400 		.ascii	"ret\000"
 586 0168 01       		.byte	0x1
 587 0169 16       		.byte	0x16
 588 016a 81000000 		.4byte	0x81
 589 016e 3C000000 		.4byte	.LLST2
 590 0172 10       		.uleb128 0x10
 591 0173 56030000 		.4byte	.LASF23
 592 0177 01       		.byte	0x1
 593 0178 17       		.byte	0x17
 594 0179 8C000000 		.4byte	0x8c
 595 017d 72000000 		.4byte	.LLST3
 596 0181 10       		.uleb128 0x10
 597 0182 A4020000 		.4byte	.LASF24
 598 0186 01       		.byte	0x1
 599 0187 17       		.byte	0x17
 600 0188 8C000000 		.4byte	0x8c
 601 018c A6000000 		.4byte	.LLST4
 602 0190 10       		.uleb128 0x10
 603 0191 7D010000 		.4byte	.LASF25
 604 0195 01       		.byte	0x1
 605 0196 18       		.byte	0x18
 606 0197 68000000 		.4byte	0x68
 607 019b C5000000 		.4byte	.LLST5
 608 019f 10       		.uleb128 0x10
 609 01a0 2E030000 		.4byte	.LASF26
 610 01a4 01       		.byte	0x1
 611 01a5 18       		.byte	0x18
 612 01a6 68000000 		.4byte	0x68
 613 01aa EF000000 		.4byte	.LLST6
 614 01ae 11       		.uleb128 0x11
 615 01af 14000000 		.4byte	.LVL4
ARM GAS  C:\Users\kazi\AppData\Local\Temp\ccJQ2SrT.s 			page 14


 616 01b3 31050000 		.4byte	0x531
 617 01b7 C1010000 		.4byte	0x1c1
 618 01bb 12       		.uleb128 0x12
 619 01bc 01       		.uleb128 0x1
 620 01bd 50       		.byte	0x50
 621 01be 01       		.uleb128 0x1
 622 01bf 30       		.byte	0x30
 623 01c0 00       		.byte	0
 624 01c1 0D       		.uleb128 0xd
 625 01c2 1A000000 		.4byte	.LVL5
 626 01c6 46050000 		.4byte	0x546
 627 01ca 00       		.byte	0
 628 01cb 06       		.uleb128 0x6
 629 01cc 04       		.byte	0x4
 630 01cd 81000000 		.4byte	0x81
 631 01d1 0B       		.uleb128 0xb
 632 01d2 CC000000 		.4byte	.LASF27
 633 01d6 01       		.byte	0x1
 634 01d7 2D       		.byte	0x2d
 635 01d8 00000000 		.4byte	.LFB65
 636 01dc 24000000 		.4byte	.LFE65-.LFB65
 637 01e0 01       		.uleb128 0x1
 638 01e1 9C       		.byte	0x9c
 639 01e2 6D020000 		.4byte	0x26d
 640 01e6 13       		.uleb128 0x13
 641 01e7 D6000000 		.4byte	.LASF28
 642 01eb 01       		.byte	0x1
 643 01ec 2D       		.byte	0x2d
 644 01ed E7000000 		.4byte	0xe7
 645 01f1 0E010000 		.4byte	.LLST7
 646 01f5 0E       		.uleb128 0xe
 647 01f6 62756600 		.ascii	"buf\000"
 648 01fa 01       		.byte	0x1
 649 01fb 2D       		.byte	0x2d
 650 01fc CB010000 		.4byte	0x1cb
 651 0200 3A010000 		.4byte	.LLST8
 652 0204 0E       		.uleb128 0xe
 653 0205 6C656E00 		.ascii	"len\000"
 654 0209 01       		.byte	0x1
 655 020a 2D       		.byte	0x2d
 656 020b 68000000 		.4byte	0x68
 657 020f 66010000 		.4byte	.LLST9
 658 0213 0F       		.uleb128 0xf
 659 0214 6900     		.ascii	"i\000"
 660 0216 01       		.byte	0x1
 661 0217 2E       		.byte	0x2e
 662 0218 68000000 		.4byte	0x68
 663 021c 92010000 		.4byte	.LLST10
 664 0220 14       		.uleb128 0x14
 665 0221 0C000000 		.4byte	.LBB2
 666 0225 0E000000 		.4byte	.LBE2-.LBB2
 667 0229 15       		.uleb128 0x15
 668 022a 00000000 		.4byte	.LASF30
 669 022e 05       		.byte	0x5
 670 022f 00       		.byte	0
 671 0230 68000000 		.4byte	0x68
 672 0234 44020000 		.4byte	0x244
ARM GAS  C:\Users\kazi\AppData\Local\Temp\ccJQ2SrT.s 			page 15


 673 0238 16       		.uleb128 0x16
 674 0239 ED000000 		.4byte	0xed
 675 023d 16       		.uleb128 0x16
 676 023e ED000000 		.4byte	0xed
 677 0242 17       		.uleb128 0x17
 678 0243 00       		.byte	0
 679 0244 18       		.uleb128 0x18
 680 0245 18000000 		.4byte	.LVL18
 681 0249 51050000 		.4byte	0x551
 682 024d 12       		.uleb128 0x12
 683 024e 01       		.uleb128 0x1
 684 024f 52       		.byte	0x52
 685 0250 05       		.uleb128 0x5
 686 0251 76       		.byte	0x76
 687 0252 00       		.sleb128 0
 688 0253 74       		.byte	0x74
 689 0254 00       		.sleb128 0
 690 0255 22       		.byte	0x22
 691 0256 12       		.uleb128 0x12
 692 0257 01       		.uleb128 0x1
 693 0258 51       		.byte	0x51
 694 0259 05       		.uleb128 0x5
 695 025a 03       		.byte	0x3
 696 025b 00000000 		.4byte	.LC0
 697 025f 12       		.uleb128 0x12
 698 0260 01       		.uleb128 0x1
 699 0261 50       		.byte	0x50
 700 0262 07       		.uleb128 0x7
 701 0263 74       		.byte	0x74
 702 0264 00       		.sleb128 0
 703 0265 31       		.byte	0x31
 704 0266 24       		.byte	0x24
 705 0267 77       		.byte	0x77
 706 0268 00       		.sleb128 0
 707 0269 22       		.byte	0x22
 708 026a 00       		.byte	0
 709 026b 00       		.byte	0
 710 026c 00       		.byte	0
 711 026d 0B       		.uleb128 0xb
 712 026e 88020000 		.4byte	.LASF29
 713 0272 01       		.byte	0x1
 714 0273 37       		.byte	0x37
 715 0274 00000000 		.4byte	.LFB66
 716 0278 40000000 		.4byte	.LFE66-.LFB66
 717 027c 01       		.uleb128 0x1
 718 027d 9C       		.byte	0x9c
 719 027e 1D030000 		.4byte	0x31d
 720 0282 0E       		.uleb128 0xe
 721 0283 62756600 		.ascii	"buf\000"
 722 0287 01       		.byte	0x1
 723 0288 37       		.byte	0x37
 724 0289 CB010000 		.4byte	0x1cb
 725 028d B1010000 		.4byte	.LLST11
 726 0291 0E       		.uleb128 0xe
 727 0292 6C656E00 		.ascii	"len\000"
 728 0296 01       		.byte	0x1
 729 0297 37       		.byte	0x37
ARM GAS  C:\Users\kazi\AppData\Local\Temp\ccJQ2SrT.s 			page 16


 730 0298 68000000 		.4byte	0x68
 731 029c DD010000 		.4byte	.LLST12
 732 02a0 19       		.uleb128 0x19
 733 02a1 30030000 		.4byte	0x330
 734 02a5 09020000 		.4byte	.LLST13
 735 02a9 0F       		.uleb128 0xf
 736 02aa 72657400 		.ascii	"ret\000"
 737 02ae 01       		.byte	0x1
 738 02af 38       		.byte	0x38
 739 02b0 1D030000 		.4byte	0x31d
 740 02b4 5F020000 		.4byte	.LLST14
 741 02b8 0F       		.uleb128 0xf
 742 02b9 6900     		.ascii	"i\000"
 743 02bb 01       		.byte	0x1
 744 02bc 39       		.byte	0x39
 745 02bd 68000000 		.4byte	0x68
 746 02c1 73020000 		.4byte	.LLST15
 747 02c5 1A       		.uleb128 0x1a
 748 02c6 1C000000 		.4byte	.LBB3
 749 02ca 10000000 		.4byte	.LBE3-.LBB3
 750 02ce 0C030000 		.4byte	0x30c
 751 02d2 15       		.uleb128 0x15
 752 02d3 0E010000 		.4byte	.LASF31
 753 02d7 05       		.byte	0x5
 754 02d8 00       		.byte	0
 755 02d9 68000000 		.4byte	0x68
 756 02dd ED020000 		.4byte	0x2ed
 757 02e1 16       		.uleb128 0x16
 758 02e2 E7000000 		.4byte	0xe7
 759 02e6 16       		.uleb128 0x16
 760 02e7 ED000000 		.4byte	0xed
 761 02eb 17       		.uleb128 0x17
 762 02ec 00       		.byte	0
 763 02ed 18       		.uleb128 0x18
 764 02ee 2A000000 		.4byte	.LVL27
 765 02f2 6C050000 		.4byte	0x56c
 766 02f6 12       		.uleb128 0x12
 767 02f7 01       		.uleb128 0x1
 768 02f8 51       		.byte	0x51
 769 02f9 05       		.uleb128 0x5
 770 02fa 03       		.byte	0x3
 771 02fb 08000000 		.4byte	.LC1
 772 02ff 12       		.uleb128 0x12
 773 0300 01       		.uleb128 0x1
 774 0301 50       		.byte	0x50
 775 0302 07       		.uleb128 0x7
 776 0303 74       		.byte	0x74
 777 0304 00       		.sleb128 0
 778 0305 31       		.byte	0x31
 779 0306 24       		.byte	0x24
 780 0307 76       		.byte	0x76
 781 0308 00       		.sleb128 0
 782 0309 22       		.byte	0x22
 783 030a 00       		.byte	0
 784 030b 00       		.byte	0
 785 030c 18       		.uleb128 0x18
 786 030d 36000000 		.4byte	.LVL29
ARM GAS  C:\Users\kazi\AppData\Local\Temp\ccJQ2SrT.s 			page 17


 787 0311 87050000 		.4byte	0x587
 788 0315 12       		.uleb128 0x12
 789 0316 01       		.uleb128 0x1
 790 0317 50       		.byte	0x50
 791 0318 02       		.uleb128 0x2
 792 0319 76       		.byte	0x76
 793 031a 00       		.sleb128 0
 794 031b 00       		.byte	0
 795 031c 00       		.byte	0
 796 031d 09       		.uleb128 0x9
 797 031e C6000000 		.4byte	0xc6
 798 0322 30030000 		.4byte	0x330
 799 0326 1B       		.uleb128 0x1b
 800 0327 E0000000 		.4byte	0xe0
 801 032b A0020000 		.4byte	0x2a0
 802 032f 00       		.byte	0
 803 0330 08       		.uleb128 0x8
 804 0331 E0000000 		.4byte	0xe0
 805 0335 1C       		.uleb128 0x1c
 806 0336 20000000 		.4byte	.LASF32
 807 033a 01       		.byte	0x1
 808 033b 42       		.byte	0x42
 809 033c 68000000 		.4byte	0x68
 810 0340 00000000 		.4byte	.LFB67
 811 0344 98000000 		.4byte	.LFE67-.LFB67
 812 0348 01       		.uleb128 0x1
 813 0349 9C       		.byte	0x9c
 814 034a 05050000 		.4byte	0x505
 815 034e 1D       		.uleb128 0x1d
 816 034f 25000000 		.4byte	.LASF33
 817 0353 01       		.byte	0x1
 818 0354 52       		.byte	0x52
 819 0355 68000000 		.4byte	0x68
 820 0359 64       		.byte	0x64
 821 035a 10       		.uleb128 0x10
 822 035b 2B000000 		.4byte	.LASF34
 823 035f 01       		.byte	0x1
 824 0360 54       		.byte	0x54
 825 0361 68000000 		.4byte	0x68
 826 0365 92020000 		.4byte	.LLST16
 827 0369 1A       		.uleb128 0x1a
 828 036a 2E000000 		.4byte	.LBB4
 829 036e 3A000000 		.4byte	.LBE4-.LBB4
 830 0372 52040000 		.4byte	0x452
 831 0376 1E       		.uleb128 0x1e
 832 0377 6B657900 		.ascii	"key\000"
 833 037b 01       		.byte	0x1
 834 037c 5F       		.byte	0x5f
 835 037d 05050000 		.4byte	0x505
 836 0381 02       		.uleb128 0x2
 837 0382 91       		.byte	0x91
 838 0383 68       		.sleb128 -24
 839 0384 10       		.uleb128 0x10
 840 0385 A9020000 		.4byte	.LASF35
 841 0389 01       		.byte	0x1
 842 038a 63       		.byte	0x63
 843 038b E7000000 		.4byte	0xe7
ARM GAS  C:\Users\kazi\AppData\Local\Temp\ccJQ2SrT.s 			page 18


 844 038f C8020000 		.4byte	.LLST17
 845 0393 1F       		.uleb128 0x1f
 846 0394 3C030000 		.4byte	.LASF36
 847 0398 01       		.byte	0x1
 848 0399 64       		.byte	0x64
 849 039a F8000000 		.4byte	0xf8
 850 039e 02       		.uleb128 0x2
 851 039f 91       		.byte	0x91
 852 03a0 64       		.sleb128 -28
 853 03a1 11       		.uleb128 0x11
 854 03a2 36000000 		.4byte	.LVL40
 855 03a6 A3050000 		.4byte	0x5a3
 856 03aa B9030000 		.4byte	0x3b9
 857 03ae 12       		.uleb128 0x12
 858 03af 01       		.uleb128 0x1
 859 03b0 51       		.byte	0x51
 860 03b1 01       		.uleb128 0x1
 861 03b2 31       		.byte	0x31
 862 03b3 12       		.uleb128 0x12
 863 03b4 01       		.uleb128 0x1
 864 03b5 50       		.byte	0x50
 865 03b6 01       		.uleb128 0x1
 866 03b7 30       		.byte	0x30
 867 03b8 00       		.byte	0
 868 03b9 11       		.uleb128 0x11
 869 03ba 3C000000 		.4byte	.LVL41
 870 03be B9050000 		.4byte	0x5b9
 871 03c2 D0030000 		.4byte	0x3d0
 872 03c6 12       		.uleb128 0x12
 873 03c7 01       		.uleb128 0x1
 874 03c8 50       		.byte	0x50
 875 03c9 05       		.uleb128 0x5
 876 03ca 03       		.byte	0x3
 877 03cb 10000000 		.4byte	.LC2
 878 03cf 00       		.byte	0
 879 03d0 11       		.uleb128 0x11
 880 03d1 44000000 		.4byte	.LVL42
 881 03d5 A3050000 		.4byte	0x5a3
 882 03d9 E8030000 		.4byte	0x3e8
 883 03dd 12       		.uleb128 0x12
 884 03de 01       		.uleb128 0x1
 885 03df 51       		.byte	0x51
 886 03e0 01       		.uleb128 0x1
 887 03e1 31       		.byte	0x31
 888 03e2 12       		.uleb128 0x12
 889 03e3 01       		.uleb128 0x1
 890 03e4 50       		.byte	0x50
 891 03e5 01       		.uleb128 0x1
 892 03e6 31       		.byte	0x31
 893 03e7 00       		.byte	0
 894 03e8 11       		.uleb128 0x11
 895 03e9 4C000000 		.4byte	.LVL43
 896 03ed 32010000 		.4byte	0x132
 897 03f1 01040000 		.4byte	0x401
 898 03f5 12       		.uleb128 0x12
 899 03f6 01       		.uleb128 0x1
 900 03f7 51       		.byte	0x51
ARM GAS  C:\Users\kazi\AppData\Local\Temp\ccJQ2SrT.s 			page 19


 901 03f8 01       		.uleb128 0x1
 902 03f9 40       		.byte	0x40
 903 03fa 12       		.uleb128 0x12
 904 03fb 01       		.uleb128 0x1
 905 03fc 50       		.byte	0x50
 906 03fd 02       		.uleb128 0x2
 907 03fe 91       		.byte	0x91
 908 03ff 68       		.sleb128 -24
 909 0400 00       		.byte	0
 910 0401 11       		.uleb128 0x11
 911 0402 54000000 		.4byte	.LVL44
 912 0406 6D020000 		.4byte	0x26d
 913 040a 1A040000 		.4byte	0x41a
 914 040e 12       		.uleb128 0x12
 915 040f 01       		.uleb128 0x1
 916 0410 51       		.byte	0x51
 917 0411 01       		.uleb128 0x1
 918 0412 40       		.byte	0x40
 919 0413 12       		.uleb128 0x12
 920 0414 01       		.uleb128 0x1
 921 0415 50       		.byte	0x50
 922 0416 02       		.uleb128 0x2
 923 0417 91       		.byte	0x91
 924 0418 68       		.sleb128 -24
 925 0419 00       		.byte	0
 926 041a 11       		.uleb128 0x11
 927 041b 5E000000 		.4byte	.LVL45
 928 041f D1010000 		.4byte	0x1d1
 929 0423 3C040000 		.4byte	0x43c
 930 0427 12       		.uleb128 0x12
 931 0428 01       		.uleb128 0x1
 932 0429 52       		.byte	0x52
 933 042a 01       		.uleb128 0x1
 934 042b 31       		.byte	0x31
 935 042c 12       		.uleb128 0x12
 936 042d 01       		.uleb128 0x1
 937 042e 51       		.byte	0x51
 938 042f 02       		.uleb128 0x2
 939 0430 91       		.byte	0x91
 940 0431 64       		.sleb128 -28
 941 0432 12       		.uleb128 0x12
 942 0433 01       		.uleb128 0x1
 943 0434 50       		.byte	0x50
 944 0435 05       		.uleb128 0x5
 945 0436 03       		.byte	0x3
 946 0437 20000000 		.4byte	.LC3
 947 043b 00       		.byte	0
 948 043c 18       		.uleb128 0x18
 949 043d 66000000 		.4byte	.LVL46
 950 0441 6D020000 		.4byte	0x26d
 951 0445 12       		.uleb128 0x12
 952 0446 01       		.uleb128 0x1
 953 0447 51       		.byte	0x51
 954 0448 01       		.uleb128 0x1
 955 0449 31       		.byte	0x31
 956 044a 12       		.uleb128 0x12
 957 044b 01       		.uleb128 0x1
ARM GAS  C:\Users\kazi\AppData\Local\Temp\ccJQ2SrT.s 			page 20


 958 044c 50       		.byte	0x50
 959 044d 02       		.uleb128 0x2
 960 044e 91       		.byte	0x91
 961 044f 64       		.sleb128 -28
 962 0450 00       		.byte	0
 963 0451 00       		.byte	0
 964 0452 11       		.uleb128 0x11
 965 0453 0C000000 		.4byte	.LVL31
 966 0457 CA050000 		.4byte	0x5ca
 967 045b 69040000 		.4byte	0x469
 968 045f 12       		.uleb128 0x12
 969 0460 01       		.uleb128 0x1
 970 0461 50       		.byte	0x50
 971 0462 05       		.uleb128 0x5
 972 0463 03       		.byte	0x3
 973 0464 00000000 		.4byte	RX_INT
 974 0468 00       		.byte	0
 975 0469 0D       		.uleb128 0xd
 976 046a 10000000 		.4byte	.LVL32
 977 046e DB050000 		.4byte	0x5db
 978 0472 0D       		.uleb128 0xd
 979 0473 14000000 		.4byte	.LVL33
 980 0477 E2050000 		.4byte	0x5e2
 981 047b 0D       		.uleb128 0xd
 982 047c 18000000 		.4byte	.LVL34
 983 0480 E9050000 		.4byte	0x5e9
 984 0484 11       		.uleb128 0x11
 985 0485 1E000000 		.4byte	.LVL35
 986 0489 F0050000 		.4byte	0x5f0
 987 048d 97040000 		.4byte	0x497
 988 0491 12       		.uleb128 0x12
 989 0492 01       		.uleb128 0x1
 990 0493 50       		.byte	0x50
 991 0494 01       		.uleb128 0x1
 992 0495 31       		.byte	0x31
 993 0496 00       		.byte	0
 994 0497 0D       		.uleb128 0xd
 995 0498 22000000 		.4byte	.LVL36
 996 049c 01060000 		.4byte	0x601
 997 04a0 0D       		.uleb128 0xd
 998 04a1 26000000 		.4byte	.LVL37
 999 04a5 08060000 		.4byte	0x608
 1000 04a9 0D       		.uleb128 0xd
 1001 04aa 2A000000 		.4byte	.LVL38
 1002 04ae 0F060000 		.4byte	0x60f
 1003 04b2 11       		.uleb128 0x11
 1004 04b3 72000000 		.4byte	.LVL48
 1005 04b7 F0050000 		.4byte	0x5f0
 1006 04bb C5040000 		.4byte	0x4c5
 1007 04bf 12       		.uleb128 0x12
 1008 04c0 01       		.uleb128 0x1
 1009 04c1 50       		.byte	0x50
 1010 04c2 01       		.uleb128 0x1
 1011 04c3 31       		.byte	0x31
 1012 04c4 00       		.byte	0
 1013 04c5 11       		.uleb128 0x11
 1014 04c6 7A000000 		.4byte	.LVL49
ARM GAS  C:\Users\kazi\AppData\Local\Temp\ccJQ2SrT.s 			page 21


 1015 04ca A3050000 		.4byte	0x5a3
 1016 04ce DD040000 		.4byte	0x4dd
 1017 04d2 12       		.uleb128 0x12
 1018 04d3 01       		.uleb128 0x1
 1019 04d4 51       		.byte	0x51
 1020 04d5 01       		.uleb128 0x1
 1021 04d6 31       		.byte	0x31
 1022 04d7 12       		.uleb128 0x12
 1023 04d8 01       		.uleb128 0x1
 1024 04d9 50       		.byte	0x50
 1025 04da 01       		.uleb128 0x1
 1026 04db 30       		.byte	0x30
 1027 04dc 00       		.byte	0
 1028 04dd 11       		.uleb128 0x11
 1029 04de 80000000 		.4byte	.LVL50
 1030 04e2 B9050000 		.4byte	0x5b9
 1031 04e6 F4040000 		.4byte	0x4f4
 1032 04ea 12       		.uleb128 0x12
 1033 04eb 01       		.uleb128 0x1
 1034 04ec 50       		.byte	0x50
 1035 04ed 05       		.uleb128 0x5
 1036 04ee 03       		.byte	0x3
 1037 04ef 24000000 		.4byte	.LC4
 1038 04f3 00       		.byte	0
 1039 04f4 18       		.uleb128 0x18
 1040 04f5 86000000 		.4byte	.LVL51
 1041 04f9 16060000 		.4byte	0x616
 1042 04fd 12       		.uleb128 0x12
 1043 04fe 01       		.uleb128 0x1
 1044 04ff 50       		.byte	0x50
 1045 0500 02       		.uleb128 0x2
 1046 0501 08       		.byte	0x8
 1047 0502 64       		.byte	0x64
 1048 0503 00       		.byte	0
 1049 0504 00       		.byte	0
 1050 0505 09       		.uleb128 0x9
 1051 0506 81000000 		.4byte	0x81
 1052 050a 15050000 		.4byte	0x515
 1053 050e 0A       		.uleb128 0xa
 1054 050f E0000000 		.4byte	0xe0
 1055 0513 0F       		.byte	0xf
 1056 0514 00       		.byte	0
 1057 0515 20       		.uleb128 0x20
 1058 0516 49030000 		.4byte	.LASF55
 1059 051a 0B       		.byte	0xb
 1060 051b 2A06     		.2byte	0x62a
 1061 051d 21050000 		.4byte	0x521
 1062 0521 21       		.uleb128 0x21
 1063 0522 76000000 		.4byte	0x76
 1064 0526 22       		.uleb128 0x22
 1065 0527 23010000 		.4byte	.LASF38
 1066 052b 07       		.byte	0x7
 1067 052c 6F       		.byte	0x6f
 1068 052d 81000000 		.4byte	0x81
 1069 0531 15       		.uleb128 0x15
 1070 0532 60000000 		.4byte	.LASF37
 1071 0536 06       		.byte	0x6
ARM GAS  C:\Users\kazi\AppData\Local\Temp\ccJQ2SrT.s 			page 22


 1072 0537 3F       		.byte	0x3f
 1073 0538 81000000 		.4byte	0x81
 1074 053c 46050000 		.4byte	0x546
 1075 0540 16       		.uleb128 0x16
 1076 0541 81000000 		.4byte	0x81
 1077 0545 00       		.byte	0
 1078 0546 22       		.uleb128 0x22
 1079 0547 93000000 		.4byte	.LASF39
 1080 054b 06       		.byte	0x6
 1081 054c 41       		.byte	0x41
 1082 054d A2000000 		.4byte	0xa2
 1083 0551 15       		.uleb128 0x15
 1084 0552 00000000 		.4byte	.LASF30
 1085 0556 05       		.byte	0x5
 1086 0557 00       		.byte	0
 1087 0558 68000000 		.4byte	0x68
 1088 055c 6C050000 		.4byte	0x56c
 1089 0560 16       		.uleb128 0x16
 1090 0561 ED000000 		.4byte	0xed
 1091 0565 16       		.uleb128 0x16
 1092 0566 ED000000 		.4byte	0xed
 1093 056a 17       		.uleb128 0x17
 1094 056b 00       		.byte	0
 1095 056c 15       		.uleb128 0x15
 1096 056d 0E010000 		.4byte	.LASF31
 1097 0571 05       		.byte	0x5
 1098 0572 00       		.byte	0
 1099 0573 68000000 		.4byte	0x68
 1100 0577 87050000 		.4byte	0x587
 1101 057b 16       		.uleb128 0x16
 1102 057c E7000000 		.4byte	0xe7
 1103 0580 16       		.uleb128 0x16
 1104 0581 ED000000 		.4byte	0xed
 1105 0585 17       		.uleb128 0x17
 1106 0586 00       		.byte	0
 1107 0587 23       		.uleb128 0x23
 1108 0588 41000000 		.4byte	.LASF40
 1109 058c 07       		.byte	0x7
 1110 058d 8B       		.byte	0x8b
 1111 058e 98050000 		.4byte	0x598
 1112 0592 16       		.uleb128 0x16
 1113 0593 98050000 		.4byte	0x598
 1114 0597 00       		.byte	0
 1115 0598 06       		.uleb128 0x6
 1116 0599 04       		.byte	0x4
 1117 059a 9E050000 		.4byte	0x59e
 1118 059e 08       		.uleb128 0x8
 1119 059f BB000000 		.4byte	0xbb
 1120 05a3 23       		.uleb128 0x23
 1121 05a4 C7020000 		.4byte	.LASF41
 1122 05a8 08       		.byte	0x8
 1123 05a9 3D       		.byte	0x3d
 1124 05aa B9050000 		.4byte	0x5b9
 1125 05ae 16       		.uleb128 0x16
 1126 05af 81000000 		.4byte	0x81
 1127 05b3 16       		.uleb128 0x16
 1128 05b4 81000000 		.4byte	0x81
ARM GAS  C:\Users\kazi\AppData\Local\Temp\ccJQ2SrT.s 			page 23


 1129 05b8 00       		.byte	0
 1130 05b9 23       		.uleb128 0x23
 1131 05ba BD010000 		.4byte	.LASF42
 1132 05be 08       		.byte	0x8
 1133 05bf 3C       		.byte	0x3c
 1134 05c0 CA050000 		.4byte	0x5ca
 1135 05c4 16       		.uleb128 0x16
 1136 05c5 98050000 		.4byte	0x598
 1137 05c9 00       		.byte	0
 1138 05ca 23       		.uleb128 0x23
 1139 05cb EA000000 		.4byte	.LASF43
 1140 05cf 09       		.byte	0x9
 1141 05d0 18       		.byte	0x18
 1142 05d1 DB050000 		.4byte	0x5db
 1143 05d5 16       		.uleb128 0x16
 1144 05d6 CD000000 		.4byte	0xcd
 1145 05da 00       		.byte	0
 1146 05db 24       		.uleb128 0x24
 1147 05dc 75020000 		.4byte	.LASF44
 1148 05e0 07       		.byte	0x7
 1149 05e1 54       		.byte	0x54
 1150 05e2 24       		.uleb128 0x24
 1151 05e3 62020000 		.4byte	.LASF45
 1152 05e7 07       		.byte	0x7
 1153 05e8 75       		.byte	0x75
 1154 05e9 24       		.uleb128 0x24
 1155 05ea 30000000 		.4byte	.LASF46
 1156 05ee 08       		.byte	0x8
 1157 05ef 38       		.byte	0x38
 1158 05f0 23       		.uleb128 0x23
 1159 05f1 33010000 		.4byte	.LASF47
 1160 05f5 08       		.byte	0x8
 1161 05f6 3A       		.byte	0x3a
 1162 05f7 01060000 		.4byte	0x601
 1163 05fb 16       		.uleb128 0x16
 1164 05fc 81000000 		.4byte	0x81
 1165 0600 00       		.byte	0
 1166 0601 24       		.uleb128 0x24
 1167 0602 A5010000 		.4byte	.LASF48
 1168 0606 06       		.byte	0x6
 1169 0607 3A       		.byte	0x3a
 1170 0608 24       		.uleb128 0x24
 1171 0609 8B010000 		.4byte	.LASF49
 1172 060d 06       		.byte	0x6
 1173 060e 3D       		.byte	0x3d
 1174 060f 24       		.uleb128 0x24
 1175 0610 62010000 		.4byte	.LASF50
 1176 0614 0A       		.byte	0xa
 1177 0615 3C       		.byte	0x3c
 1178 0616 25       		.uleb128 0x25
 1179 0617 5B030000 		.4byte	.LASF56
 1180 061b 0C       		.byte	0xc
 1181 061c 77       		.byte	0x77
 1182 061d 16       		.uleb128 0x16
 1183 061e 97000000 		.4byte	0x97
 1184 0622 00       		.byte	0
 1185 0623 00       		.byte	0
ARM GAS  C:\Users\kazi\AppData\Local\Temp\ccJQ2SrT.s 			page 24


 1186              		.section	.debug_abbrev,"",%progbits
 1187              	.Ldebug_abbrev0:
 1188 0000 01       		.uleb128 0x1
 1189 0001 11       		.uleb128 0x11
 1190 0002 01       		.byte	0x1
 1191 0003 25       		.uleb128 0x25
 1192 0004 0E       		.uleb128 0xe
 1193 0005 13       		.uleb128 0x13
 1194 0006 0B       		.uleb128 0xb
 1195 0007 03       		.uleb128 0x3
 1196 0008 0E       		.uleb128 0xe
 1197 0009 1B       		.uleb128 0x1b
 1198 000a 0E       		.uleb128 0xe
 1199 000b 55       		.uleb128 0x55
 1200 000c 17       		.uleb128 0x17
 1201 000d 11       		.uleb128 0x11
 1202 000e 01       		.uleb128 0x1
 1203 000f 10       		.uleb128 0x10
 1204 0010 17       		.uleb128 0x17
 1205 0011 00       		.byte	0
 1206 0012 00       		.byte	0
 1207 0013 02       		.uleb128 0x2
 1208 0014 24       		.uleb128 0x24
 1209 0015 00       		.byte	0
 1210 0016 0B       		.uleb128 0xb
 1211 0017 0B       		.uleb128 0xb
 1212 0018 3E       		.uleb128 0x3e
 1213 0019 0B       		.uleb128 0xb
 1214 001a 03       		.uleb128 0x3
 1215 001b 0E       		.uleb128 0xe
 1216 001c 00       		.byte	0
 1217 001d 00       		.byte	0
 1218 001e 03       		.uleb128 0x3
 1219 001f 16       		.uleb128 0x16
 1220 0020 00       		.byte	0
 1221 0021 03       		.uleb128 0x3
 1222 0022 0E       		.uleb128 0xe
 1223 0023 3A       		.uleb128 0x3a
 1224 0024 0B       		.uleb128 0xb
 1225 0025 3B       		.uleb128 0x3b
 1226 0026 0B       		.uleb128 0xb
 1227 0027 49       		.uleb128 0x49
 1228 0028 13       		.uleb128 0x13
 1229 0029 00       		.byte	0
 1230 002a 00       		.byte	0
 1231 002b 04       		.uleb128 0x4
 1232 002c 24       		.uleb128 0x24
 1233 002d 00       		.byte	0
 1234 002e 0B       		.uleb128 0xb
 1235 002f 0B       		.uleb128 0xb
 1236 0030 3E       		.uleb128 0x3e
 1237 0031 0B       		.uleb128 0xb
 1238 0032 03       		.uleb128 0x3
 1239 0033 08       		.uleb128 0x8
 1240 0034 00       		.byte	0
 1241 0035 00       		.byte	0
 1242 0036 05       		.uleb128 0x5
ARM GAS  C:\Users\kazi\AppData\Local\Temp\ccJQ2SrT.s 			page 25


 1243 0037 16       		.uleb128 0x16
 1244 0038 00       		.byte	0
 1245 0039 03       		.uleb128 0x3
 1246 003a 0E       		.uleb128 0xe
 1247 003b 3A       		.uleb128 0x3a
 1248 003c 0B       		.uleb128 0xb
 1249 003d 3B       		.uleb128 0x3b
 1250 003e 05       		.uleb128 0x5
 1251 003f 49       		.uleb128 0x49
 1252 0040 13       		.uleb128 0x13
 1253 0041 00       		.byte	0
 1254 0042 00       		.byte	0
 1255 0043 06       		.uleb128 0x6
 1256 0044 0F       		.uleb128 0xf
 1257 0045 00       		.byte	0
 1258 0046 0B       		.uleb128 0xb
 1259 0047 0B       		.uleb128 0xb
 1260 0048 49       		.uleb128 0x49
 1261 0049 13       		.uleb128 0x13
 1262 004a 00       		.byte	0
 1263 004b 00       		.byte	0
 1264 004c 07       		.uleb128 0x7
 1265 004d 15       		.uleb128 0x15
 1266 004e 00       		.byte	0
 1267 004f 27       		.uleb128 0x27
 1268 0050 19       		.uleb128 0x19
 1269 0051 00       		.byte	0
 1270 0052 00       		.byte	0
 1271 0053 08       		.uleb128 0x8
 1272 0054 26       		.uleb128 0x26
 1273 0055 00       		.byte	0
 1274 0056 49       		.uleb128 0x49
 1275 0057 13       		.uleb128 0x13
 1276 0058 00       		.byte	0
 1277 0059 00       		.byte	0
 1278 005a 09       		.uleb128 0x9
 1279 005b 01       		.uleb128 0x1
 1280 005c 01       		.byte	0x1
 1281 005d 49       		.uleb128 0x49
 1282 005e 13       		.uleb128 0x13
 1283 005f 01       		.uleb128 0x1
 1284 0060 13       		.uleb128 0x13
 1285 0061 00       		.byte	0
 1286 0062 00       		.byte	0
 1287 0063 0A       		.uleb128 0xa
 1288 0064 21       		.uleb128 0x21
 1289 0065 00       		.byte	0
 1290 0066 49       		.uleb128 0x49
 1291 0067 13       		.uleb128 0x13
 1292 0068 2F       		.uleb128 0x2f
 1293 0069 0B       		.uleb128 0xb
 1294 006a 00       		.byte	0
 1295 006b 00       		.byte	0
 1296 006c 0B       		.uleb128 0xb
 1297 006d 2E       		.uleb128 0x2e
 1298 006e 01       		.byte	0x1
 1299 006f 3F       		.uleb128 0x3f
ARM GAS  C:\Users\kazi\AppData\Local\Temp\ccJQ2SrT.s 			page 26


 1300 0070 19       		.uleb128 0x19
 1301 0071 03       		.uleb128 0x3
 1302 0072 0E       		.uleb128 0xe
 1303 0073 3A       		.uleb128 0x3a
 1304 0074 0B       		.uleb128 0xb
 1305 0075 3B       		.uleb128 0x3b
 1306 0076 0B       		.uleb128 0xb
 1307 0077 27       		.uleb128 0x27
 1308 0078 19       		.uleb128 0x19
 1309 0079 11       		.uleb128 0x11
 1310 007a 01       		.uleb128 0x1
 1311 007b 12       		.uleb128 0x12
 1312 007c 06       		.uleb128 0x6
 1313 007d 40       		.uleb128 0x40
 1314 007e 18       		.uleb128 0x18
 1315 007f 9742     		.uleb128 0x2117
 1316 0081 19       		.uleb128 0x19
 1317 0082 01       		.uleb128 0x1
 1318 0083 13       		.uleb128 0x13
 1319 0084 00       		.byte	0
 1320 0085 00       		.byte	0
 1321 0086 0C       		.uleb128 0xc
 1322 0087 34       		.uleb128 0x34
 1323 0088 00       		.byte	0
 1324 0089 03       		.uleb128 0x3
 1325 008a 0E       		.uleb128 0xe
 1326 008b 3A       		.uleb128 0x3a
 1327 008c 0B       		.uleb128 0xb
 1328 008d 3B       		.uleb128 0x3b
 1329 008e 0B       		.uleb128 0xb
 1330 008f 49       		.uleb128 0x49
 1331 0090 13       		.uleb128 0x13
 1332 0091 00       		.byte	0
 1333 0092 00       		.byte	0
 1334 0093 0D       		.uleb128 0xd
 1335 0094 898201   		.uleb128 0x4109
 1336 0097 00       		.byte	0
 1337 0098 11       		.uleb128 0x11
 1338 0099 01       		.uleb128 0x1
 1339 009a 31       		.uleb128 0x31
 1340 009b 13       		.uleb128 0x13
 1341 009c 00       		.byte	0
 1342 009d 00       		.byte	0
 1343 009e 0E       		.uleb128 0xe
 1344 009f 05       		.uleb128 0x5
 1345 00a0 00       		.byte	0
 1346 00a1 03       		.uleb128 0x3
 1347 00a2 08       		.uleb128 0x8
 1348 00a3 3A       		.uleb128 0x3a
 1349 00a4 0B       		.uleb128 0xb
 1350 00a5 3B       		.uleb128 0x3b
 1351 00a6 0B       		.uleb128 0xb
 1352 00a7 49       		.uleb128 0x49
 1353 00a8 13       		.uleb128 0x13
 1354 00a9 02       		.uleb128 0x2
 1355 00aa 17       		.uleb128 0x17
 1356 00ab 00       		.byte	0
ARM GAS  C:\Users\kazi\AppData\Local\Temp\ccJQ2SrT.s 			page 27


 1357 00ac 00       		.byte	0
 1358 00ad 0F       		.uleb128 0xf
 1359 00ae 34       		.uleb128 0x34
 1360 00af 00       		.byte	0
 1361 00b0 03       		.uleb128 0x3
 1362 00b1 08       		.uleb128 0x8
 1363 00b2 3A       		.uleb128 0x3a
 1364 00b3 0B       		.uleb128 0xb
 1365 00b4 3B       		.uleb128 0x3b
 1366 00b5 0B       		.uleb128 0xb
 1367 00b6 49       		.uleb128 0x49
 1368 00b7 13       		.uleb128 0x13
 1369 00b8 02       		.uleb128 0x2
 1370 00b9 17       		.uleb128 0x17
 1371 00ba 00       		.byte	0
 1372 00bb 00       		.byte	0
 1373 00bc 10       		.uleb128 0x10
 1374 00bd 34       		.uleb128 0x34
 1375 00be 00       		.byte	0
 1376 00bf 03       		.uleb128 0x3
 1377 00c0 0E       		.uleb128 0xe
 1378 00c1 3A       		.uleb128 0x3a
 1379 00c2 0B       		.uleb128 0xb
 1380 00c3 3B       		.uleb128 0x3b
 1381 00c4 0B       		.uleb128 0xb
 1382 00c5 49       		.uleb128 0x49
 1383 00c6 13       		.uleb128 0x13
 1384 00c7 02       		.uleb128 0x2
 1385 00c8 17       		.uleb128 0x17
 1386 00c9 00       		.byte	0
 1387 00ca 00       		.byte	0
 1388 00cb 11       		.uleb128 0x11
 1389 00cc 898201   		.uleb128 0x4109
 1390 00cf 01       		.byte	0x1
 1391 00d0 11       		.uleb128 0x11
 1392 00d1 01       		.uleb128 0x1
 1393 00d2 31       		.uleb128 0x31
 1394 00d3 13       		.uleb128 0x13
 1395 00d4 01       		.uleb128 0x1
 1396 00d5 13       		.uleb128 0x13
 1397 00d6 00       		.byte	0
 1398 00d7 00       		.byte	0
 1399 00d8 12       		.uleb128 0x12
 1400 00d9 8A8201   		.uleb128 0x410a
 1401 00dc 00       		.byte	0
 1402 00dd 02       		.uleb128 0x2
 1403 00de 18       		.uleb128 0x18
 1404 00df 9142     		.uleb128 0x2111
 1405 00e1 18       		.uleb128 0x18
 1406 00e2 00       		.byte	0
 1407 00e3 00       		.byte	0
 1408 00e4 13       		.uleb128 0x13
 1409 00e5 05       		.uleb128 0x5
 1410 00e6 00       		.byte	0
 1411 00e7 03       		.uleb128 0x3
 1412 00e8 0E       		.uleb128 0xe
 1413 00e9 3A       		.uleb128 0x3a
ARM GAS  C:\Users\kazi\AppData\Local\Temp\ccJQ2SrT.s 			page 28


 1414 00ea 0B       		.uleb128 0xb
 1415 00eb 3B       		.uleb128 0x3b
 1416 00ec 0B       		.uleb128 0xb
 1417 00ed 49       		.uleb128 0x49
 1418 00ee 13       		.uleb128 0x13
 1419 00ef 02       		.uleb128 0x2
 1420 00f0 17       		.uleb128 0x17
 1421 00f1 00       		.byte	0
 1422 00f2 00       		.byte	0
 1423 00f3 14       		.uleb128 0x14
 1424 00f4 0B       		.uleb128 0xb
 1425 00f5 01       		.byte	0x1
 1426 00f6 11       		.uleb128 0x11
 1427 00f7 01       		.uleb128 0x1
 1428 00f8 12       		.uleb128 0x12
 1429 00f9 06       		.uleb128 0x6
 1430 00fa 00       		.byte	0
 1431 00fb 00       		.byte	0
 1432 00fc 15       		.uleb128 0x15
 1433 00fd 2E       		.uleb128 0x2e
 1434 00fe 01       		.byte	0x1
 1435 00ff 3F       		.uleb128 0x3f
 1436 0100 19       		.uleb128 0x19
 1437 0101 03       		.uleb128 0x3
 1438 0102 0E       		.uleb128 0xe
 1439 0103 3A       		.uleb128 0x3a
 1440 0104 0B       		.uleb128 0xb
 1441 0105 3B       		.uleb128 0x3b
 1442 0106 0B       		.uleb128 0xb
 1443 0107 27       		.uleb128 0x27
 1444 0108 19       		.uleb128 0x19
 1445 0109 49       		.uleb128 0x49
 1446 010a 13       		.uleb128 0x13
 1447 010b 3C       		.uleb128 0x3c
 1448 010c 19       		.uleb128 0x19
 1449 010d 01       		.uleb128 0x1
 1450 010e 13       		.uleb128 0x13
 1451 010f 00       		.byte	0
 1452 0110 00       		.byte	0
 1453 0111 16       		.uleb128 0x16
 1454 0112 05       		.uleb128 0x5
 1455 0113 00       		.byte	0
 1456 0114 49       		.uleb128 0x49
 1457 0115 13       		.uleb128 0x13
 1458 0116 00       		.byte	0
 1459 0117 00       		.byte	0
 1460 0118 17       		.uleb128 0x17
 1461 0119 18       		.uleb128 0x18
 1462 011a 00       		.byte	0
 1463 011b 00       		.byte	0
 1464 011c 00       		.byte	0
 1465 011d 18       		.uleb128 0x18
 1466 011e 898201   		.uleb128 0x4109
 1467 0121 01       		.byte	0x1
 1468 0122 11       		.uleb128 0x11
 1469 0123 01       		.uleb128 0x1
 1470 0124 31       		.uleb128 0x31
ARM GAS  C:\Users\kazi\AppData\Local\Temp\ccJQ2SrT.s 			page 29


 1471 0125 13       		.uleb128 0x13
 1472 0126 00       		.byte	0
 1473 0127 00       		.byte	0
 1474 0128 19       		.uleb128 0x19
 1475 0129 34       		.uleb128 0x34
 1476 012a 00       		.byte	0
 1477 012b 34       		.uleb128 0x34
 1478 012c 19       		.uleb128 0x19
 1479 012d 49       		.uleb128 0x49
 1480 012e 13       		.uleb128 0x13
 1481 012f 02       		.uleb128 0x2
 1482 0130 17       		.uleb128 0x17
 1483 0131 00       		.byte	0
 1484 0132 00       		.byte	0
 1485 0133 1A       		.uleb128 0x1a
 1486 0134 0B       		.uleb128 0xb
 1487 0135 01       		.byte	0x1
 1488 0136 11       		.uleb128 0x11
 1489 0137 01       		.uleb128 0x1
 1490 0138 12       		.uleb128 0x12
 1491 0139 06       		.uleb128 0x6
 1492 013a 01       		.uleb128 0x1
 1493 013b 13       		.uleb128 0x13
 1494 013c 00       		.byte	0
 1495 013d 00       		.byte	0
 1496 013e 1B       		.uleb128 0x1b
 1497 013f 21       		.uleb128 0x21
 1498 0140 00       		.byte	0
 1499 0141 49       		.uleb128 0x49
 1500 0142 13       		.uleb128 0x13
 1501 0143 2F       		.uleb128 0x2f
 1502 0144 13       		.uleb128 0x13
 1503 0145 00       		.byte	0
 1504 0146 00       		.byte	0
 1505 0147 1C       		.uleb128 0x1c
 1506 0148 2E       		.uleb128 0x2e
 1507 0149 01       		.byte	0x1
 1508 014a 3F       		.uleb128 0x3f
 1509 014b 19       		.uleb128 0x19
 1510 014c 03       		.uleb128 0x3
 1511 014d 0E       		.uleb128 0xe
 1512 014e 3A       		.uleb128 0x3a
 1513 014f 0B       		.uleb128 0xb
 1514 0150 3B       		.uleb128 0x3b
 1515 0151 0B       		.uleb128 0xb
 1516 0152 49       		.uleb128 0x49
 1517 0153 13       		.uleb128 0x13
 1518 0154 11       		.uleb128 0x11
 1519 0155 01       		.uleb128 0x1
 1520 0156 12       		.uleb128 0x12
 1521 0157 06       		.uleb128 0x6
 1522 0158 40       		.uleb128 0x40
 1523 0159 18       		.uleb128 0x18
 1524 015a 9742     		.uleb128 0x2117
 1525 015c 19       		.uleb128 0x19
 1526 015d 01       		.uleb128 0x1
 1527 015e 13       		.uleb128 0x13
ARM GAS  C:\Users\kazi\AppData\Local\Temp\ccJQ2SrT.s 			page 30


 1528 015f 00       		.byte	0
 1529 0160 00       		.byte	0
 1530 0161 1D       		.uleb128 0x1d
 1531 0162 34       		.uleb128 0x34
 1532 0163 00       		.byte	0
 1533 0164 03       		.uleb128 0x3
 1534 0165 0E       		.uleb128 0xe
 1535 0166 3A       		.uleb128 0x3a
 1536 0167 0B       		.uleb128 0xb
 1537 0168 3B       		.uleb128 0x3b
 1538 0169 0B       		.uleb128 0xb
 1539 016a 49       		.uleb128 0x49
 1540 016b 13       		.uleb128 0x13
 1541 016c 1C       		.uleb128 0x1c
 1542 016d 0B       		.uleb128 0xb
 1543 016e 00       		.byte	0
 1544 016f 00       		.byte	0
 1545 0170 1E       		.uleb128 0x1e
 1546 0171 34       		.uleb128 0x34
 1547 0172 00       		.byte	0
 1548 0173 03       		.uleb128 0x3
 1549 0174 08       		.uleb128 0x8
 1550 0175 3A       		.uleb128 0x3a
 1551 0176 0B       		.uleb128 0xb
 1552 0177 3B       		.uleb128 0x3b
 1553 0178 0B       		.uleb128 0xb
 1554 0179 49       		.uleb128 0x49
 1555 017a 13       		.uleb128 0x13
 1556 017b 02       		.uleb128 0x2
 1557 017c 18       		.uleb128 0x18
 1558 017d 00       		.byte	0
 1559 017e 00       		.byte	0
 1560 017f 1F       		.uleb128 0x1f
 1561 0180 34       		.uleb128 0x34
 1562 0181 00       		.byte	0
 1563 0182 03       		.uleb128 0x3
 1564 0183 0E       		.uleb128 0xe
 1565 0184 3A       		.uleb128 0x3a
 1566 0185 0B       		.uleb128 0xb
 1567 0186 3B       		.uleb128 0x3b
 1568 0187 0B       		.uleb128 0xb
 1569 0188 49       		.uleb128 0x49
 1570 0189 13       		.uleb128 0x13
 1571 018a 02       		.uleb128 0x2
 1572 018b 18       		.uleb128 0x18
 1573 018c 00       		.byte	0
 1574 018d 00       		.byte	0
 1575 018e 20       		.uleb128 0x20
 1576 018f 34       		.uleb128 0x34
 1577 0190 00       		.byte	0
 1578 0191 03       		.uleb128 0x3
 1579 0192 0E       		.uleb128 0xe
 1580 0193 3A       		.uleb128 0x3a
 1581 0194 0B       		.uleb128 0xb
 1582 0195 3B       		.uleb128 0x3b
 1583 0196 05       		.uleb128 0x5
 1584 0197 49       		.uleb128 0x49
ARM GAS  C:\Users\kazi\AppData\Local\Temp\ccJQ2SrT.s 			page 31


 1585 0198 13       		.uleb128 0x13
 1586 0199 3F       		.uleb128 0x3f
 1587 019a 19       		.uleb128 0x19
 1588 019b 3C       		.uleb128 0x3c
 1589 019c 19       		.uleb128 0x19
 1590 019d 00       		.byte	0
 1591 019e 00       		.byte	0
 1592 019f 21       		.uleb128 0x21
 1593 01a0 35       		.uleb128 0x35
 1594 01a1 00       		.byte	0
 1595 01a2 49       		.uleb128 0x49
 1596 01a3 13       		.uleb128 0x13
 1597 01a4 00       		.byte	0
 1598 01a5 00       		.byte	0
 1599 01a6 22       		.uleb128 0x22
 1600 01a7 2E       		.uleb128 0x2e
 1601 01a8 00       		.byte	0
 1602 01a9 3F       		.uleb128 0x3f
 1603 01aa 19       		.uleb128 0x19
 1604 01ab 03       		.uleb128 0x3
 1605 01ac 0E       		.uleb128 0xe
 1606 01ad 3A       		.uleb128 0x3a
 1607 01ae 0B       		.uleb128 0xb
 1608 01af 3B       		.uleb128 0x3b
 1609 01b0 0B       		.uleb128 0xb
 1610 01b1 27       		.uleb128 0x27
 1611 01b2 19       		.uleb128 0x19
 1612 01b3 49       		.uleb128 0x49
 1613 01b4 13       		.uleb128 0x13
 1614 01b5 3C       		.uleb128 0x3c
 1615 01b6 19       		.uleb128 0x19
 1616 01b7 00       		.byte	0
 1617 01b8 00       		.byte	0
 1618 01b9 23       		.uleb128 0x23
 1619 01ba 2E       		.uleb128 0x2e
 1620 01bb 01       		.byte	0x1
 1621 01bc 3F       		.uleb128 0x3f
 1622 01bd 19       		.uleb128 0x19
 1623 01be 03       		.uleb128 0x3
 1624 01bf 0E       		.uleb128 0xe
 1625 01c0 3A       		.uleb128 0x3a
 1626 01c1 0B       		.uleb128 0xb
 1627 01c2 3B       		.uleb128 0x3b
 1628 01c3 0B       		.uleb128 0xb
 1629 01c4 27       		.uleb128 0x27
 1630 01c5 19       		.uleb128 0x19
 1631 01c6 3C       		.uleb128 0x3c
 1632 01c7 19       		.uleb128 0x19
 1633 01c8 01       		.uleb128 0x1
 1634 01c9 13       		.uleb128 0x13
 1635 01ca 00       		.byte	0
 1636 01cb 00       		.byte	0
 1637 01cc 24       		.uleb128 0x24
 1638 01cd 2E       		.uleb128 0x2e
 1639 01ce 00       		.byte	0
 1640 01cf 3F       		.uleb128 0x3f
 1641 01d0 19       		.uleb128 0x19
ARM GAS  C:\Users\kazi\AppData\Local\Temp\ccJQ2SrT.s 			page 32


 1642 01d1 03       		.uleb128 0x3
 1643 01d2 0E       		.uleb128 0xe
 1644 01d3 3A       		.uleb128 0x3a
 1645 01d4 0B       		.uleb128 0xb
 1646 01d5 3B       		.uleb128 0x3b
 1647 01d6 0B       		.uleb128 0xb
 1648 01d7 27       		.uleb128 0x27
 1649 01d8 19       		.uleb128 0x19
 1650 01d9 3C       		.uleb128 0x3c
 1651 01da 19       		.uleb128 0x19
 1652 01db 00       		.byte	0
 1653 01dc 00       		.byte	0
 1654 01dd 25       		.uleb128 0x25
 1655 01de 2E       		.uleb128 0x2e
 1656 01df 01       		.byte	0x1
 1657 01e0 3F       		.uleb128 0x3f
 1658 01e1 19       		.uleb128 0x19
 1659 01e2 03       		.uleb128 0x3
 1660 01e3 0E       		.uleb128 0xe
 1661 01e4 3A       		.uleb128 0x3a
 1662 01e5 0B       		.uleb128 0xb
 1663 01e6 3B       		.uleb128 0x3b
 1664 01e7 0B       		.uleb128 0xb
 1665 01e8 27       		.uleb128 0x27
 1666 01e9 19       		.uleb128 0x19
 1667 01ea 3C       		.uleb128 0x3c
 1668 01eb 19       		.uleb128 0x19
 1669 01ec 00       		.byte	0
 1670 01ed 00       		.byte	0
 1671 01ee 00       		.byte	0
 1672              		.section	.debug_loc,"",%progbits
 1673              	.Ldebug_loc0:
 1674              	.LLST0:
 1675 0000 00000000 		.4byte	.LVL1
 1676 0004 0E000000 		.4byte	.LVL3
 1677 0008 0100     		.2byte	0x1
 1678 000a 50       		.byte	0x50
 1679 000b 0E000000 		.4byte	.LVL3
 1680 000f 4C000000 		.4byte	.LFE64
 1681 0013 0100     		.2byte	0x1
 1682 0015 58       		.byte	0x58
 1683 0016 00000000 		.4byte	0
 1684 001a 00000000 		.4byte	0
 1685              	.LLST1:
 1686 001e 00000000 		.4byte	.LVL1
 1687 0022 0E000000 		.4byte	.LVL3
 1688 0026 0100     		.2byte	0x1
 1689 0028 51       		.byte	0x51
 1690 0029 0E000000 		.4byte	.LVL3
 1691 002d 4C000000 		.4byte	.LFE64
 1692 0031 0100     		.2byte	0x1
 1693 0033 55       		.byte	0x55
 1694 0034 00000000 		.4byte	0
 1695 0038 00000000 		.4byte	0
 1696              	.LLST2:
 1697 003c 08000000 		.4byte	.LVL2
 1698 0040 0E000000 		.4byte	.LVL3
ARM GAS  C:\Users\kazi\AppData\Local\Temp\ccJQ2SrT.s 			page 33


 1699 0044 0200     		.2byte	0x2
 1700 0046 30       		.byte	0x30
 1701 0047 9F       		.byte	0x9f
 1702 0048 0E000000 		.4byte	.LVL3
 1703 004c 38000000 		.4byte	.LVL10
 1704 0050 0100     		.2byte	0x1
 1705 0052 59       		.byte	0x59
 1706 0053 38000000 		.4byte	.LVL10
 1707 0057 40000000 		.4byte	.LVL12
 1708 005b 0200     		.2byte	0x2
 1709 005d 30       		.byte	0x30
 1710 005e 9F       		.byte	0x9f
 1711 005f 40000000 		.4byte	.LVL12
 1712 0063 4C000000 		.4byte	.LFE64
 1713 0067 0100     		.2byte	0x1
 1714 0069 59       		.byte	0x59
 1715 006a 00000000 		.4byte	0
 1716 006e 00000000 		.4byte	0
 1717              	.LLST3:
 1718 0072 0E000000 		.4byte	.LVL3
 1719 0076 26000000 		.4byte	.LVL7
 1720 007a 0100     		.2byte	0x1
 1721 007c 56       		.byte	0x56
 1722 007d 34000000 		.4byte	.LVL9
 1723 0081 40000000 		.4byte	.LVL12
 1724 0085 0100     		.2byte	0x1
 1725 0087 56       		.byte	0x56
 1726 0088 40000000 		.4byte	.LVL12
 1727 008c 44000000 		.4byte	.LVL14
 1728 0090 0100     		.2byte	0x1
 1729 0092 50       		.byte	0x50
 1730 0093 44000000 		.4byte	.LVL14
 1731 0097 4C000000 		.4byte	.LFE64
 1732 009b 0100     		.2byte	0x1
 1733 009d 56       		.byte	0x56
 1734 009e 00000000 		.4byte	0
 1735 00a2 00000000 		.4byte	0
 1736              	.LLST4:
 1737 00a6 08000000 		.4byte	.LVL2
 1738 00aa 0E000000 		.4byte	.LVL3
 1739 00ae 0200     		.2byte	0x2
 1740 00b0 30       		.byte	0x30
 1741 00b1 9F       		.byte	0x9f
 1742 00b2 1C000000 		.4byte	.LVL6
 1743 00b6 44000000 		.4byte	.LVL14
 1744 00ba 0100     		.2byte	0x1
 1745 00bc 50       		.byte	0x50
 1746 00bd 00000000 		.4byte	0
 1747 00c1 00000000 		.4byte	0
 1748              	.LLST5:
 1749 00c5 0E000000 		.4byte	.LVL3
 1750 00c9 38000000 		.4byte	.LVL10
 1751 00cd 0100     		.2byte	0x1
 1752 00cf 57       		.byte	0x57
 1753 00d0 38000000 		.4byte	.LVL10
 1754 00d4 40000000 		.4byte	.LVL12
 1755 00d8 0200     		.2byte	0x2
ARM GAS  C:\Users\kazi\AppData\Local\Temp\ccJQ2SrT.s 			page 34


 1756 00da 30       		.byte	0x30
 1757 00db 9F       		.byte	0x9f
 1758 00dc 40000000 		.4byte	.LVL12
 1759 00e0 4C000000 		.4byte	.LFE64
 1760 00e4 0100     		.2byte	0x1
 1761 00e6 57       		.byte	0x57
 1762 00e7 00000000 		.4byte	0
 1763 00eb 00000000 		.4byte	0
 1764              	.LLST6:
 1765 00ef 08000000 		.4byte	.LVL2
 1766 00f3 0E000000 		.4byte	.LVL3
 1767 00f7 0200     		.2byte	0x2
 1768 00f9 30       		.byte	0x30
 1769 00fa 9F       		.byte	0x9f
 1770 00fb 0E000000 		.4byte	.LVL3
 1771 00ff 4C000000 		.4byte	.LFE64
 1772 0103 0100     		.2byte	0x1
 1773 0105 54       		.byte	0x54
 1774 0106 00000000 		.4byte	0
 1775 010a 00000000 		.4byte	0
 1776              	.LLST7:
 1777 010e 00000000 		.4byte	.LVL15
 1778 0112 0C000000 		.4byte	.LVL17
 1779 0116 0100     		.2byte	0x1
 1780 0118 50       		.byte	0x50
 1781 0119 0C000000 		.4byte	.LVL17
 1782 011d 20000000 		.4byte	.LVL20
 1783 0121 0100     		.2byte	0x1
 1784 0123 57       		.byte	0x57
 1785 0124 20000000 		.4byte	.LVL20
 1786 0128 24000000 		.4byte	.LFE65
 1787 012c 0400     		.2byte	0x4
 1788 012e F3       		.byte	0xf3
 1789 012f 01       		.uleb128 0x1
 1790 0130 50       		.byte	0x50
 1791 0131 9F       		.byte	0x9f
 1792 0132 00000000 		.4byte	0
 1793 0136 00000000 		.4byte	0
 1794              	.LLST8:
 1795 013a 00000000 		.4byte	.LVL15
 1796 013e 0C000000 		.4byte	.LVL17
 1797 0142 0100     		.2byte	0x1
 1798 0144 51       		.byte	0x51
 1799 0145 0C000000 		.4byte	.LVL17
 1800 0149 20000000 		.4byte	.LVL20
 1801 014d 0100     		.2byte	0x1
 1802 014f 56       		.byte	0x56
 1803 0150 20000000 		.4byte	.LVL20
 1804 0154 24000000 		.4byte	.LFE65
 1805 0158 0400     		.2byte	0x4
 1806 015a F3       		.byte	0xf3
 1807 015b 01       		.uleb128 0x1
 1808 015c 51       		.byte	0x51
 1809 015d 9F       		.byte	0x9f
 1810 015e 00000000 		.4byte	0
 1811 0162 00000000 		.4byte	0
 1812              	.LLST9:
ARM GAS  C:\Users\kazi\AppData\Local\Temp\ccJQ2SrT.s 			page 35


 1813 0166 00000000 		.4byte	.LVL15
 1814 016a 0C000000 		.4byte	.LVL17
 1815 016e 0100     		.2byte	0x1
 1816 0170 52       		.byte	0x52
 1817 0171 0C000000 		.4byte	.LVL17
 1818 0175 20000000 		.4byte	.LVL20
 1819 0179 0100     		.2byte	0x1
 1820 017b 55       		.byte	0x55
 1821 017c 20000000 		.4byte	.LVL20
 1822 0180 24000000 		.4byte	.LFE65
 1823 0184 0400     		.2byte	0x4
 1824 0186 F3       		.byte	0xf3
 1825 0187 01       		.uleb128 0x1
 1826 0188 52       		.byte	0x52
 1827 0189 9F       		.byte	0x9f
 1828 018a 00000000 		.4byte	0
 1829 018e 00000000 		.4byte	0
 1830              	.LLST10:
 1831 0192 08000000 		.4byte	.LVL16
 1832 0196 0C000000 		.4byte	.LVL17
 1833 019a 0200     		.2byte	0x2
 1834 019c 30       		.byte	0x30
 1835 019d 9F       		.byte	0x9f
 1836 019e 0C000000 		.4byte	.LVL17
 1837 01a2 20000000 		.4byte	.LVL20
 1838 01a6 0100     		.2byte	0x1
 1839 01a8 54       		.byte	0x54
 1840 01a9 00000000 		.4byte	0
 1841 01ad 00000000 		.4byte	0
 1842              	.LLST11:
 1843 01b1 00000000 		.4byte	.LVL21
 1844 01b5 1C000000 		.4byte	.LVL26
 1845 01b9 0100     		.2byte	0x1
 1846 01bb 50       		.byte	0x50
 1847 01bc 1C000000 		.4byte	.LVL26
 1848 01c0 3C000000 		.4byte	.LVL30
 1849 01c4 0100     		.2byte	0x1
 1850 01c6 58       		.byte	0x58
 1851 01c7 3C000000 		.4byte	.LVL30
 1852 01cb 40000000 		.4byte	.LFE66
 1853 01cf 0400     		.2byte	0x4
 1854 01d1 F3       		.byte	0xf3
 1855 01d2 01       		.uleb128 0x1
 1856 01d3 50       		.byte	0x50
 1857 01d4 9F       		.byte	0x9f
 1858 01d5 00000000 		.4byte	0
 1859 01d9 00000000 		.4byte	0
 1860              	.LLST12:
 1861 01dd 00000000 		.4byte	.LVL21
 1862 01e1 1C000000 		.4byte	.LVL26
 1863 01e5 0100     		.2byte	0x1
 1864 01e7 51       		.byte	0x51
 1865 01e8 1C000000 		.4byte	.LVL26
 1866 01ec 3C000000 		.4byte	.LVL30
 1867 01f0 0100     		.2byte	0x1
 1868 01f2 55       		.byte	0x55
 1869 01f3 3C000000 		.4byte	.LVL30
ARM GAS  C:\Users\kazi\AppData\Local\Temp\ccJQ2SrT.s 			page 36


 1870 01f7 40000000 		.4byte	.LFE66
 1871 01fb 0400     		.2byte	0x4
 1872 01fd F3       		.byte	0xf3
 1873 01fe 01       		.uleb128 0x1
 1874 01ff 51       		.byte	0x51
 1875 0200 9F       		.byte	0x9f
 1876 0201 00000000 		.4byte	0
 1877 0205 00000000 		.4byte	0
 1878              	.LLST13:
 1879 0209 0C000000 		.4byte	.LVL22
 1880 020d 0E000000 		.4byte	.LVL23
 1881 0211 0300     		.2byte	0x3
 1882 0213 73       		.byte	0x73
 1883 0214 7F       		.sleb128 -1
 1884 0215 9F       		.byte	0x9f
 1885 0216 0E000000 		.4byte	.LVL23
 1886 021a 12000000 		.4byte	.LVL24
 1887 021e 0300     		.2byte	0x3
 1888 0220 73       		.byte	0x73
 1889 0221 78       		.sleb128 -8
 1890 0222 9F       		.byte	0x9f
 1891 0223 12000000 		.4byte	.LVL24
 1892 0227 1C000000 		.4byte	.LVL26
 1893 022b 0700     		.2byte	0x7
 1894 022d 71       		.byte	0x71
 1895 022e 00       		.sleb128 0
 1896 022f 31       		.byte	0x31
 1897 0230 24       		.byte	0x24
 1898 0231 31       		.byte	0x31
 1899 0232 1C       		.byte	0x1c
 1900 0233 9F       		.byte	0x9f
 1901 0234 1C000000 		.4byte	.LVL26
 1902 0238 3C000000 		.4byte	.LVL30
 1903 023c 0700     		.2byte	0x7
 1904 023e 75       		.byte	0x75
 1905 023f 00       		.sleb128 0
 1906 0240 31       		.byte	0x31
 1907 0241 24       		.byte	0x24
 1908 0242 31       		.byte	0x31
 1909 0243 1C       		.byte	0x1c
 1910 0244 9F       		.byte	0x9f
 1911 0245 3C000000 		.4byte	.LVL30
 1912 0249 40000000 		.4byte	.LFE66
 1913 024d 0800     		.2byte	0x8
 1914 024f F3       		.byte	0xf3
 1915 0250 01       		.uleb128 0x1
 1916 0251 51       		.byte	0x51
 1917 0252 31       		.byte	0x31
 1918 0253 24       		.byte	0x24
 1919 0254 31       		.byte	0x31
 1920 0255 1C       		.byte	0x1c
 1921 0256 9F       		.byte	0x9f
 1922 0257 00000000 		.4byte	0
 1923 025b 00000000 		.4byte	0
 1924              	.LLST14:
 1925 025f 18000000 		.4byte	.LVL25
 1926 0263 3C000000 		.4byte	.LVL30
ARM GAS  C:\Users\kazi\AppData\Local\Temp\ccJQ2SrT.s 			page 37


 1927 0267 0200     		.2byte	0x2
 1928 0269 76       		.byte	0x76
 1929 026a 00       		.sleb128 0
 1930 026b 00000000 		.4byte	0
 1931 026f 00000000 		.4byte	0
 1932              	.LLST15:
 1933 0273 18000000 		.4byte	.LVL25
 1934 0277 1C000000 		.4byte	.LVL26
 1935 027b 0200     		.2byte	0x2
 1936 027d 30       		.byte	0x30
 1937 027e 9F       		.byte	0x9f
 1938 027f 1C000000 		.4byte	.LVL26
 1939 0283 3C000000 		.4byte	.LVL30
 1940 0287 0100     		.2byte	0x1
 1941 0289 54       		.byte	0x54
 1942 028a 00000000 		.4byte	0
 1943 028e 00000000 		.4byte	0
 1944              	.LLST16:
 1945 0292 2A000000 		.4byte	.LVL38
 1946 0296 2C000000 		.4byte	.LVL39
 1947 029a 0200     		.2byte	0x2
 1948 029c 30       		.byte	0x30
 1949 029d 9F       		.byte	0x9f
 1950 029e 2C000000 		.4byte	.LVL39
 1951 02a2 54000000 		.4byte	.LVL44
 1952 02a6 0100     		.2byte	0x1
 1953 02a8 54       		.byte	0x54
 1954 02a9 54000000 		.4byte	.LVL44
 1955 02ad 6A000000 		.4byte	.LVL47
 1956 02b1 0200     		.2byte	0x2
 1957 02b3 31       		.byte	0x31
 1958 02b4 9F       		.byte	0x9f
 1959 02b5 6A000000 		.4byte	.LVL47
 1960 02b9 98000000 		.4byte	.LFE67
 1961 02bd 0100     		.2byte	0x1
 1962 02bf 54       		.byte	0x54
 1963 02c0 00000000 		.4byte	0
 1964 02c4 00000000 		.4byte	0
 1965              	.LLST17:
 1966 02c8 54000000 		.4byte	.LVL44
 1967 02cc 6A000000 		.4byte	.LVL47
 1968 02d0 0600     		.2byte	0x6
 1969 02d2 03       		.byte	0x3
 1970 02d3 20000000 		.4byte	.LC3
 1971 02d7 9F       		.byte	0x9f
 1972 02d8 00000000 		.4byte	0
 1973 02dc 00000000 		.4byte	0
 1974              		.section	.debug_aranges,"",%progbits
 1975 0000 3C000000 		.4byte	0x3c
 1976 0004 0200     		.2byte	0x2
 1977 0006 00000000 		.4byte	.Ldebug_info0
 1978 000a 04       		.byte	0x4
 1979 000b 00       		.byte	0
 1980 000c 0000     		.2byte	0
 1981 000e 0000     		.2byte	0
 1982 0010 00000000 		.4byte	.LFB63
 1983 0014 08000000 		.4byte	.LFE63-.LFB63
ARM GAS  C:\Users\kazi\AppData\Local\Temp\ccJQ2SrT.s 			page 38


 1984 0018 00000000 		.4byte	.LFB64
 1985 001c 4C000000 		.4byte	.LFE64-.LFB64
 1986 0020 00000000 		.4byte	.LFB65
 1987 0024 24000000 		.4byte	.LFE65-.LFB65
 1988 0028 00000000 		.4byte	.LFB66
 1989 002c 40000000 		.4byte	.LFE66-.LFB66
 1990 0030 00000000 		.4byte	.LFB67
 1991 0034 98000000 		.4byte	.LFE67-.LFB67
 1992 0038 00000000 		.4byte	0
 1993 003c 00000000 		.4byte	0
 1994              		.section	.debug_ranges,"",%progbits
 1995              	.Ldebug_ranges0:
 1996 0000 00000000 		.4byte	.LFB63
 1997 0004 08000000 		.4byte	.LFE63
 1998 0008 00000000 		.4byte	.LFB64
 1999 000c 4C000000 		.4byte	.LFE64
 2000 0010 00000000 		.4byte	.LFB65
 2001 0014 24000000 		.4byte	.LFE65
 2002 0018 00000000 		.4byte	.LFB66
 2003 001c 40000000 		.4byte	.LFE66
 2004 0020 00000000 		.4byte	.LFB67
 2005 0024 98000000 		.4byte	.LFE67
 2006 0028 00000000 		.4byte	0
 2007 002c 00000000 		.4byte	0
 2008              		.section	.debug_line,"",%progbits
 2009              	.Ldebug_line0:
 2010 0000 34020000 		.section	.debug_str,"MS",%progbits,1
 2010      0200A701 
 2010      00000201 
 2010      FB0E0D00 
 2010      01010101 
 2011              	.LASF30:
 2012 0000 73736361 		.ascii	"sscanf\000"
 2012      6E6600
 2013              	.LASF2:
 2014 0007 73686F72 		.ascii	"short int\000"
 2014      7420696E 
 2014      7400
 2015              	.LASF20:
 2016 0011 73697A65 		.ascii	"sizetype\000"
 2016      74797065 
 2016      00
 2017              	.LASF17:
 2018 001a 63686172 		.ascii	"char8\000"
 2018      3800
 2019              	.LASF32:
 2020 0020 6D61696E 		.ascii	"main\000"
 2020      00
 2021              	.LASF33:
 2022 0025 64656C61 		.ascii	"delay\000"
 2022      7900
 2023              	.LASF34:
 2024 002b 6D6F6465 		.ascii	"mode\000"
 2024      00
 2025              	.LASF46:
 2026 0030 4C43445F 		.ascii	"LCD_Char_1_Start\000"
 2026      43686172 
ARM GAS  C:\Users\kazi\AppData\Local\Temp\ccJQ2SrT.s 			page 39


 2026      5F315F53 
 2026      74617274 
 2026      00
 2027              	.LASF40:
 2028 0041 55415254 		.ascii	"UART_PutString\000"
 2028      5F507574 
 2028      53747269 
 2028      6E6700
 2029              	.LASF54:
 2030 0050 63686172 		.ascii	"char_buf\000"
 2030      5F627566 
 2030      00
 2031              	.LASF12:
 2032 0059 75696E74 		.ascii	"uint16\000"
 2032      313600
 2033              	.LASF37:
 2034 0060 4144435F 		.ascii	"ADC_DelSig_1_IsEndConversion\000"
 2034      44656C53 
 2034      69675F31 
 2034      5F497345 
 2034      6E64436F 
 2035              	.LASF14:
 2036 007d 696E7431 		.ascii	"int16\000"
 2036      3600
 2037              	.LASF11:
 2038 0083 75696E74 		.ascii	"uint8\000"
 2038      3800
 2039              	.LASF22:
 2040 0089 47657452 		.ascii	"GetRandom\000"
 2040      616E646F 
 2040      6D00
 2041              	.LASF39:
 2042 0093 4144435F 		.ascii	"ADC_DelSig_1_GetResult16\000"
 2042      44656C53 
 2042      69675F31 
 2042      5F476574 
 2042      52657375 
 2043              	.LASF0:
 2044 00ac 7369676E 		.ascii	"signed char\000"
 2044      65642063 
 2044      68617200 
 2045              	.LASF15:
 2046 00b8 666C6F61 		.ascii	"float\000"
 2046      7400
 2047              	.LASF6:
 2048 00be 6C6F6E67 		.ascii	"long long int\000"
 2048      206C6F6E 
 2048      6720696E 
 2048      7400
 2049              	.LASF27:
 2050 00cc 48657854 		.ascii	"HexToByte\000"
 2050      6F427974 
 2050      6500
 2051              	.LASF28:
 2052 00d6 6865785F 		.ascii	"hex_string\000"
 2052      73747269 
 2052      6E6700
ARM GAS  C:\Users\kazi\AppData\Local\Temp\ccJQ2SrT.s 			page 40


 2053              	.LASF4:
 2054 00e1 6C6F6E67 		.ascii	"long int\000"
 2054      20696E74 
 2054      00
 2055              	.LASF43:
 2056 00ea 72785F69 		.ascii	"rx_int_StartEx\000"
 2056      6E745F53 
 2056      74617274 
 2056      457800
 2057              	.LASF1:
 2058 00f9 756E7369 		.ascii	"unsigned char\000"
 2058      676E6564 
 2058      20636861 
 2058      7200
 2059              	.LASF21:
 2060 0107 52585F49 		.ascii	"RX_INT\000"
 2060      4E5400
 2061              	.LASF31:
 2062 010e 73707269 		.ascii	"sprintf\000"
 2062      6E746600 
 2063              	.LASF19:
 2064 0116 63796973 		.ascii	"cyisraddress\000"
 2064      72616464 
 2064      72657373 
 2064      00
 2065              	.LASF38:
 2066 0123 55415254 		.ascii	"UART_ReadRxData\000"
 2066      5F526561 
 2066      64527844 
 2066      61746100 
 2067              	.LASF47:
 2068 0133 4C43445F 		.ascii	"LCD_Char_1_WriteControl\000"
 2068      43686172 
 2068      5F315F57 
 2068      72697465 
 2068      436F6E74 
 2069              	.LASF7:
 2070 014b 6C6F6E67 		.ascii	"long long unsigned int\000"
 2070      206C6F6E 
 2070      6720756E 
 2070      7369676E 
 2070      65642069 
 2071              	.LASF50:
 2072 0162 49444143 		.ascii	"IDAC8_1_Start\000"
 2072      385F315F 
 2072      53746172 
 2072      7400
 2073              	.LASF8:
 2074 0170 756E7369 		.ascii	"unsigned int\000"
 2074      676E6564 
 2074      20696E74 
 2074      00
 2075              	.LASF25:
 2076 017d 696E6E65 		.ascii	"inner_counter\000"
 2076      725F636F 
 2076      756E7465 
 2076      7200
ARM GAS  C:\Users\kazi\AppData\Local\Temp\ccJQ2SrT.s 			page 41


 2077              	.LASF49:
 2078 018b 4144435F 		.ascii	"ADC_DelSig_1_StartConvert\000"
 2078      44656C53 
 2078      69675F31 
 2078      5F537461 
 2078      7274436F 
 2079              	.LASF48:
 2080 01a5 4144435F 		.ascii	"ADC_DelSig_1_Start\000"
 2080      44656C53 
 2080      69675F31 
 2080      5F537461 
 2080      727400
 2081              	.LASF18:
 2082 01b8 63686172 		.ascii	"char\000"
 2082      00
 2083              	.LASF42:
 2084 01bd 4C43445F 		.ascii	"LCD_Char_1_PrintString\000"
 2084      43686172 
 2084      5F315F50 
 2084      72696E74 
 2084      53747269 
 2085              	.LASF51:
 2086 01d4 474E5520 		.ascii	"GNU C 4.9.3 20150303 (release) [ARM/embedded-4_9-br"
 2086      4320342E 
 2086      392E3320 
 2086      32303135 
 2086      30333033 
 2087 0207 616E6368 		.ascii	"anch revision 221220] -mcpu=cortex-m3 -mthumb -g -O"
 2087      20726576 
 2087      6973696F 
 2087      6E203232 
 2087      31323230 
 2088 023a 67202D66 		.ascii	"g -ffunction-sections -ffat-lto-objects\000"
 2088      66756E63 
 2088      74696F6E 
 2088      2D736563 
 2088      74696F6E 
 2089              	.LASF45:
 2090 0262 55415254 		.ascii	"UART_ClearRxBuffer\000"
 2090      5F436C65 
 2090      61725278 
 2090      42756666 
 2090      657200
 2091              	.LASF44:
 2092 0275 55415254 		.ascii	"UART_Start\000"
 2092      5F537461 
 2092      727400
 2093              	.LASF10:
 2094 0280 696E7433 		.ascii	"int32_t\000"
 2094      325F7400 
 2095              	.LASF29:
 2096 0288 48657850 		.ascii	"HexPrint\000"
 2096      72696E74 
 2096      00
 2097              	.LASF3:
 2098 0291 73686F72 		.ascii	"short unsigned int\000"
 2098      7420756E 
ARM GAS  C:\Users\kazi\AppData\Local\Temp\ccJQ2SrT.s 			page 42


 2098      7369676E 
 2098      65642069 
 2098      6E7400
 2099              	.LASF24:
 2100 02a4 63757272 		.ascii	"curr\000"
 2100      00
 2101              	.LASF35:
 2102 02a9 74657374 		.ascii	"test\000"
 2102      00
 2103              	.LASF13:
 2104 02ae 75696E74 		.ascii	"uint32\000"
 2104      333200
 2105              	.LASF5:
 2106 02b5 6C6F6E67 		.ascii	"long unsigned int\000"
 2106      20756E73 
 2106      69676E65 
 2106      6420696E 
 2106      7400
 2107              	.LASF41:
 2108 02c7 4C43445F 		.ascii	"LCD_Char_1_Position\000"
 2108      43686172 
 2108      5F315F50 
 2108      6F736974 
 2108      696F6E00 
 2109              	.LASF53:
 2110 02db 433A5C55 		.ascii	"C:\\Users\\kazi\\Desktop\\kovid\\final project\\Wor"
 2110      73657273 
 2110      5C6B617A 
 2110      695C4465 
 2110      736B746F 
 2111 0308 6B737061 		.ascii	"kspace01\\RNG.cydsn\000"
 2111      63653031 
 2111      5C524E47 
 2111      2E637964 
 2111      736E00
 2112              	.LASF52:
 2113 031b 2E5C6D61 		.ascii	".\\main.c\000"
 2113      696E2E63 
 2113      00
 2114              	.LASF9:
 2115 0324 5F5F696E 		.ascii	"__int32_t\000"
 2115      7433325F 
 2115      7400
 2116              	.LASF26:
 2117 032e 6F757465 		.ascii	"outer_counter\000"
 2117      725F636F 
 2117      756E7465 
 2117      7200
 2118              	.LASF36:
 2119 033c 74657374 		.ascii	"test2\000"
 2119      3200
 2120              	.LASF16:
 2121 0342 646F7562 		.ascii	"double\000"
 2121      6C6500
 2122              	.LASF55:
 2123 0349 49544D5F 		.ascii	"ITM_RxBuffer\000"
 2123      52784275 
ARM GAS  C:\Users\kazi\AppData\Local\Temp\ccJQ2SrT.s 			page 43


 2123      66666572 
 2123      00
 2124              	.LASF23:
 2125 0356 70726576 		.ascii	"prev\000"
 2125      00
 2126              	.LASF56:
 2127 035b 43794465 		.ascii	"CyDelay\000"
 2127      6C617900 
 2128              		.ident	"GCC: (GNU Tools for ARM Embedded Processors) 4.9.3 20150303 (release) [ARM/embedded-4_9-br
